#
# There is insufficient memory for the Java Runtime Environment to continue.
# Native memory allocation (malloc) failed to allocate 399216 bytes. Error detail: Chunk::new
# Possible reasons:
#   The system is out of physical RAM or swap space
#   This process is running with CompressedOops enabled, and the Java Heap may be blocking the growth of the native heap
# Possible solutions:
#   Reduce memory load on the system
#   Increase physical memory or swap space
#   Check if swap backing store is full
#   Decrease Java heap size (-Xmx/-Xms)
#   Decrease number of Java threads
#   Decrease Java thread stack sizes (-Xss)
#   Set larger code cache with -XX:ReservedCodeCacheSize=
#   JVM is running with Unscaled Compressed Oops mode in which the Java heap is
#     placed in the first 4GB address space. The Java Heap base address is the
#     maximum limit for the native heap growth. Please use -XX:HeapBaseMinAddress
#     to set the Java Heap base and to place the Java Heap above 4GB virtual address.
# This output file may be truncated or incomplete.
#
#  Out of Memory Error (arena.cpp:162), pid=15492, tid=21316
#
# JRE version: Java(TM) SE Runtime Environment (24.0+36) (build 24+36-3646)
# Java VM: Java HotSpot(TM) 64-Bit Server VM (24+36-3646, mixed mode, sharing, tiered, compressed oops, compressed class ptrs, parallel gc, windows-amd64)
# No core dump will be written. Minidumps are not enabled by default on client versions of Windows
#

---------------  S U M M A R Y ------------

Command Line: -Djdk.xml.maxGeneralEntitySizeLimit=0 -Djdk.xml.totalEntitySizeLimit=0 --add-modules=ALL-SYSTEM --add-opens=java.base/java.util=ALL-UNNAMED --add-opens=java.base/java.lang=ALL-UNNAMED --add-opens=java.base/sun.nio.fs=ALL-UNNAMED -Declipse.application=org.eclipse.jdt.ls.core.id1 -Dosgi.bundles.defaultStartLevel=4 -Declipse.product=org.eclipse.jdt.ls.core.product -Djava.import.generatesMetadataFilesAtProjectRoot=false -DDetectVMInstallationsJob.disabled=true -Dfile.encoding=utf8 -XX:+UseParallelGC -XX:GCTimeRatio=4 -XX:AdaptiveSizePolicyWeight=90 -Dsun.zip.disableMemoryMapping=true -Xmx2G -Xms100m -Xlog:disable -javaagent:c:\Users\livia\.vscode\extensions\redhat.java-1.43.1-win32-x64\lombok\lombok-1.18.39-4050.jar -XX:+HeapDumpOnOutOfMemoryError -XX:HeapDumpPath=c:\Users\livia\AppData\Roaming\Code\User\workspaceStorage\0b8002b937013c3cf28894f1b3c8ae27\redhat.java -Daether.dependencyCollector.impl=bf c:\Users\livia\.vscode\extensions\redhat.java-1.43.1-win32-x64\server\plugins\org.eclipse.equinox.launcher_1.7.0.v20250519-0528.jar -configuration c:\Users\livia\AppData\Roaming\Code\User\globalStorage\redhat.java\1.43.1\config_win -data c:\Users\livia\AppData\Roaming\Code\User\workspaceStorage\0b8002b937013c3cf28894f1b3c8ae27\redhat.java\jdt_ws --pipe=\\.\pipe\lsp-a06fd9ae06ec2f7937056953baa8e266-sock

Host: 12th Gen Intel(R) Core(TM) i3-1215U, 8 cores, 7G,  Windows 11 , 64 bit Build 26100 (10.0.26100.4202)
Time: Wed Jul  2 09:29:26 2025 Hora oficial do Brasil elapsed time: 4.853558 seconds (0d 0h 0m 4s)

---------------  T H R E A D  ---------------

Current thread (0x000002679b7dede0):  JavaThread "C2 CompilerThread0" daemon [_thread_in_native, id=21316, stack(0x000000b3ba700000,0x000000b3ba800000) (1024K)]


Current CompileTask:
C2:4853 3140       4       lombok.patcher.PatchScript::classMatches (41 bytes)

Stack: [0x000000b3ba700000,0x000000b3ba800000]
Native frames: (J=compiled Java code, j=interpreted, Vv=VM code, C=native code)
V  [jvm.dll+0x7308c9]  (no source info available)
V  [jvm.dll+0x8d9ca3]  (no source info available)
V  [jvm.dll+0x8dc13d]  (no source info available)
V  [jvm.dll+0x8dc7b3]  (no source info available)
V  [jvm.dll+0x2aa046]  (no source info available)
V  [jvm.dll+0xced8f]  (no source info available)
V  [jvm.dll+0xcefef]  (no source info available)
V  [jvm.dll+0x320201]  (no source info available)
V  [jvm.dll+0x64bcc8]  (no source info available)
V  [jvm.dll+0x2782f4]  (no source info available)
V  [jvm.dll+0x2786dc]  (no source info available)
V  [jvm.dll+0x27119e]  (no source info available)
V  [jvm.dll+0x26e902]  (no source info available)
V  [jvm.dll+0x1e9d00]  (no source info available)
V  [jvm.dll+0x27e1bb]  (no source info available)
V  [jvm.dll+0x27c45a]  (no source info available)
V  [jvm.dll+0x42f566]  (no source info available)
V  [jvm.dll+0x87d8fb]  (no source info available)
V  [jvm.dll+0x72efe5]  (no source info available)
C  [ucrtbase.dll+0x37b0]  (no source info available)
C  [KERNEL32.DLL+0x2e8d7]  (no source info available)
C  [ntdll.dll+0x3c34c]  (no source info available)

Lock stack of current Java thread (top to bottom):


---------------  P R O C E S S  ---------------

Threads class SMR info:
_java_thread_list=0x00000267e31bab30, length=19, elements={
0x00000267ff7cb8f0, 0x00000267fff26170, 0x00000267fff26ea0, 0x00000267fff29f60,
0x000002679b7b4fe0, 0x000002679b7d9750, 0x000002679b7daa30, 0x000002679b7dede0,
0x00000267de228070, 0x00000267de2b2140, 0x00000267de48edb0, 0x00000267decb9c60,
0x00000267debdfdf0, 0x00000267e30ba550, 0x00000267de484450, 0x00000267dec496d0,
0x00000267e33cd790, 0x00000267e34de8e0, 0x00000267e32c25d0
}

Java Threads: ( => current thread )
  0x00000267ff7cb8f0 JavaThread "main"                              [_thread_blocked, id=20040, stack(0x000000b3b9d00000,0x000000b3b9e00000) (1024K)]
  0x00000267fff26170 JavaThread "Reference Handler"          daemon [_thread_blocked, id=24040, stack(0x000000b3ba100000,0x000000b3ba200000) (1024K)]
  0x00000267fff26ea0 JavaThread "Finalizer"                  daemon [_thread_blocked, id=25624, stack(0x000000b3ba200000,0x000000b3ba300000) (1024K)]
  0x00000267fff29f60 JavaThread "Signal Dispatcher"          daemon [_thread_blocked, id=4832, stack(0x000000b3ba300000,0x000000b3ba400000) (1024K)]
  0x000002679b7b4fe0 JavaThread "Attach Listener"            daemon [_thread_blocked, id=2764, stack(0x000000b3ba400000,0x000000b3ba500000) (1024K)]
  0x000002679b7d9750 JavaThread "Service Thread"             daemon [_thread_blocked, id=25016, stack(0x000000b3ba500000,0x000000b3ba600000) (1024K)]
  0x000002679b7daa30 JavaThread "Monitor Deflation Thread"   daemon [_thread_blocked, id=216, stack(0x000000b3ba600000,0x000000b3ba700000) (1024K)]
=>0x000002679b7dede0 JavaThread "C2 CompilerThread0"         daemon [_thread_in_native, id=21316, stack(0x000000b3ba700000,0x000000b3ba800000) (1024K)]
  0x00000267de228070 JavaThread "C1 CompilerThread0"         daemon [_thread_blocked, id=15488, stack(0x000000b3ba800000,0x000000b3ba900000) (1024K)]
  0x00000267de2b2140 JavaThread "Common-Cleaner"             daemon [_thread_blocked, id=18116, stack(0x000000b3ba900000,0x000000b3baa00000) (1024K)]
  0x00000267de48edb0 JavaThread "Notification Thread"        daemon [_thread_blocked, id=26904, stack(0x000000b3bab00000,0x000000b3bac00000) (1024K)]
  0x00000267decb9c60 JavaThread "Active Thread: Equinox Container: aefbca7c-9e2b-4dd4-9c52-b4f5d63454bc"        [_thread_blocked, id=12552, stack(0x000000b3bb000000,0x000000b3bb100000) (1024K)]
  0x00000267debdfdf0 JavaThread "Framework Event Dispatcher: Equinox Container: aefbca7c-9e2b-4dd4-9c52-b4f5d63454bc" daemon [_thread_blocked, id=25536, stack(0x000000b3bb200000,0x000000b3bb300000) (1024K)]
  0x00000267e30ba550 JavaThread "Start Level: Equinox Container: aefbca7c-9e2b-4dd4-9c52-b4f5d63454bc" daemon [_thread_blocked, id=9796, stack(0x000000b3bb300000,0x000000b3bb400000) (1024K)]
  0x00000267de484450 JavaThread "Bundle File Closer"         daemon [_thread_blocked, id=21544, stack(0x000000b3baa00000,0x000000b3bab00000) (1024K)]
  0x00000267dec496d0 JavaThread "SCR Component Actor"        daemon [_thread_blocked, id=9092, stack(0x000000b3bac00000,0x000000b3bad00000) (1024K)]
  0x00000267e33cd790 JavaThread "SCR Component Registry"     daemon [_thread_blocked, id=25720, stack(0x000000b3bb500000,0x000000b3bb600000) (1024K)]
  0x00000267e34de8e0 JavaThread "Worker-JM"                         [_thread_blocked, id=25084, stack(0x000000b3bb800000,0x000000b3bb900000) (1024K)]
  0x00000267e32c25d0 JavaThread "C2 CompilerThread1"         daemon [_thread_blocked, id=22764, stack(0x000000b3bb700000,0x000000b3bb800000) (1024K)]
Total: 19

Other Threads:
  0x000002679b7b3b20 VMThread "VM Thread"                           [id=8516, stack(0x000000b3ba000000,0x000000b3ba100000) (1024K)]
  0x000002679b6ccb30 WatcherThread "VM Periodic Task Thread"        [id=2724, stack(0x000000b3b9f00000,0x000000b3ba000000) (1024K)]
  0x00000267ffe918e0 WorkerThread "GC Thread#0"                     [id=27548, stack(0x000000b3b9e00000,0x000000b3b9f00000) (1024K)]
  0x00000267dea741a0 WorkerThread "GC Thread#1"                     [id=5308, stack(0x000000b3bad00000,0x000000b3bae00000) (1024K)]
  0x00000267deb23720 WorkerThread "GC Thread#2"                     [id=13728, stack(0x000000b3bae00000,0x000000b3baf00000) (1024K)]
  0x00000267deb54ad0 WorkerThread "GC Thread#3"                     [id=27156, stack(0x000000b3baf00000,0x000000b3bb000000) (1024K)]
  0x00000267e30ce600 WorkerThread "GC Thread#4"                     [id=19232, stack(0x000000b3bb100000,0x000000b3bb200000) (1024K)]
  0x00000267dee18c10 WorkerThread "GC Thread#5"                     [id=26032, stack(0x000000b3bb400000,0x000000b3bb500000) (1024K)]
  0x00000267e34e30c0 WorkerThread "GC Thread#6"                     [id=18228, stack(0x000000b3bb600000,0x000000b3bb700000) (1024K)]
  0x00000267e3125b70 WorkerThread "GC Thread#7"                     [id=17296, stack(0x000000b3bb900000,0x000000b3bba00000) (1024K)]
Total: 10

Threads with active compile tasks:
C2 CompilerThread0  5968 3140       4       lombok.patcher.PatchScript::classMatches (41 bytes)
C2 CompilerThread1  5968 3194       4       org.eclipse.osgi.internal.hookregistry.ClassLoaderHook::preFindLocalClass (1 bytes)
Total: 2

VM state: at safepoint (normal execution)

VM Mutex/Monitor currently owned by a thread:  ([mutex/lock_event])
[0x00007ffb282144c0] Threads_lock - owner thread: 0x000002679b7b3b20
[0x00007ffb282145c0] Heap_lock - owner thread: 0x00000267e30ba550

Heap address: 0x0000000080000000, size: 2048 MB, Compressed Oops mode: 32-bit

CDS archive(s) mapped at: [0x000002679c000000-0x000002679cd40000-0x000002679cd40000), size 13893632, SharedBaseAddress: 0x000002679c000000, ArchiveRelocationMode: 1.
Compressed class space mapped at: 0x000002679d000000-0x00000267dd000000, reserved size: 1073741824
UseCompressedClassPointers 1, UseCompactObjectHeaders 0
Narrow klass pointer bits 32, Max shift 3
Narrow klass base: 0x000002679c000000, Narrow klass shift: 0
Encoding Range: [0x000002679c000000 - 0x000002689c000000), (4294967296 bytes)
Klass Range:    [0x000002679c000000 - 0x00000267dd000000), (1090519040 bytes)
Klass ID Range:  [8 - 1090519033) (1090519025)

GC Precious Log:
 CardTable entry size: 512
 CPUs: 8 total, 8 available
 Memory: 7876M
 Large Page Support: Disabled
 NUMA Support: Disabled
 Compressed Oops: Enabled (32-bit)
 Alignments: Space 512K, Generation 512K, Heap 2M
 Heap Min Capacity: 100M
 Heap Initial Capacity: 100M
 Heap Max Capacity: 2G
 Pre-touch: Disabled
 Parallel Workers: 8

Heap:
 PSYoungGen      total 29696K, used 4095K [0x00000000d5580000, 0x00000000d7680000, 0x0000000100000000)
  eden space 25600K, 0% used [0x00000000d5580000,0x00000000d5580000,0x00000000d6e80000)
  from space 4096K, 99% used [0x00000000d6e80000,0x00000000d727feb0,0x00000000d7280000)
  to   space 4096K, 0% used [0x00000000d7280000,0x00000000d7280000,0x00000000d7680000)
 ParOldGen       total 68608K, used 8200K [0x0000000080000000, 0x0000000084300000, 0x00000000d5580000)
  object space 68608K, 11% used [0x0000000080000000,0x0000000080802228,0x0000000084300000)
 Metaspace       used 14872K, committed 15488K, reserved 1114112K
  class space    used 1230K, committed 1472K, reserved 1048576K

Card table byte_map: [0x0000026798f40000,0x0000026799340000] _byte_map_base: 0x0000026798b40000

Marking Bits: (ParMarkBitMap*) 0x00007ffb282198a0
 Begin Bits: [0x00000267995f0000, 0x000002679b5f0000)

Polling page: 0x00000267ff8f0000

Metaspace:

Usage:
  Non-class:     13.32 MB used.
      Class:      1.20 MB used.
       Both:     14.52 MB used.

Virtual space:
  Non-class space:       64.00 MB reserved,      13.69 MB ( 21%) committed,  1 nodes.
      Class space:        1.00 GB reserved,       1.44 MB ( <1%) committed,  1 nodes.
             Both:        1.06 GB reserved,      15.12 MB (  1%) committed. 

Chunk freelists:
   Non-Class:  2.05 MB
       Class:  14.41 MB
        Both:  16.45 MB

MaxMetaspaceSize: unlimited
CompressedClassSpaceSize: 1.00 GB
Initial GC threshold: 21.00 MB
Current GC threshold: 21.00 MB
CDS: on
 - commit_granule_bytes: 65536.
 - commit_granule_words: 8192.
 - virtual_space_node_default_size: 8388608.
 - enlarge_chunks_in_place: 1.
UseCompressedClassPointers 1, UseCompactObjectHeaders 0
Narrow klass pointer bits 32, Max shift 3
Narrow klass base: 0x000002679c000000, Narrow klass shift: 0
Encoding Range: [0x000002679c000000 - 0x000002689c000000), (4294967296 bytes)
Klass Range:    [0x000002679c000000 - 0x00000267dd000000), (1090519040 bytes)
Klass ID Range:  [8 - 1090519033) (1090519025)


Internal statistics:

num_allocs_failed_limit: 0.
num_arena_births: 298.
num_arena_deaths: 0.
num_vsnodes_births: 2.
num_vsnodes_deaths: 0.
num_space_committed: 242.
num_space_uncommitted: 0.
num_chunks_returned_to_freelist: 0.
num_chunks_taken_from_freelist: 759.
num_chunk_merges: 0.
num_chunk_splits: 486.
num_chunks_enlarged: 320.
num_inconsistent_stats: 0.

CodeHeap 'non-profiled nmethods': size=120064Kb used=1061Kb max_used=1061Kb free=119002Kb
 bounds [0x0000026791820000, 0x0000026791a90000, 0x0000026798d60000]
CodeHeap 'profiled nmethods': size=120000Kb used=5497Kb max_used=5497Kb free=114503Kb
 bounds [0x0000026789d60000, 0x000002678a2c0000, 0x0000026791290000]
CodeHeap 'non-nmethods': size=5696Kb used=1281Kb max_used=1299Kb free=4414Kb
 bounds [0x0000026791290000, 0x0000026791500000, 0x0000026791820000]
CodeCache: size=245760Kb, used=7839Kb, max_used=7857Kb, free=237919Kb
 total_blobs=3716, nmethods=3191, adapters=432, full_count=0
Compilation: enabled, stopped_count=0, restarted_count=0

Compilation events (20 events):
Event: 2.845 Thread 0x00000267de228070 3168       3       jdk.internal.classfile.impl.DirectCodeBuilder$4::writeBody (240 bytes)
Event: 2.845 Thread 0x00000267e32c25d0 3175       4       java.lang.invoke.LambdaForm::uncustomize (57 bytes)
Event: 2.846 Thread 0x00000267de228070 nmethod 3168 0x000002678a2b6208 code [0x000002678a2b65e0, 0x000002678a2b8de8]
Event: 2.846 Thread 0x00000267de228070 3169       3       jdk.internal.classfile.impl.ClassFileImpl::stackMapsWhenRequired (23 bytes)
Event: 2.846 Thread 0x00000267de228070 nmethod 3169 0x000002678a2b8f88 code [0x000002678a2b90a0, 0x000002678a2b9230]
Event: 2.846 Thread 0x00000267de228070 3170       3       jdk.internal.classfile.impl.BufWriterImpl::bytecodeView (12 bytes)
Event: 2.846 Thread 0x00000267e32c25d0 nmethod 3175 0x0000026791928008 code [0x0000026791928100, 0x00000267919281a0]
Event: 2.846 Thread 0x00000267de228070 nmethod 3170 0x000002678a2b9288 code [0x000002678a2b93c0, 0x000002678a2b96c8]
Event: 2.846 Thread 0x00000267de228070 3171       3       jdk.internal.classfile.impl.RawBytecodeHelper::of (10 bytes)
Event: 2.847 Thread 0x00000267de228070 nmethod 3171 0x000002678a2b9708 code [0x000002678a2b9820, 0x000002678a2b9aa0]
Event: 2.847 Thread 0x00000267de228070 3172       3       jdk.internal.classfile.impl.RawBytecodeHelper$CodeRange::<init> (15 bytes)
Event: 2.847 Thread 0x00000267de228070 nmethod 3172 0x000002678a2b9b08 code [0x000002678a2b9c20, 0x000002678a2b9e08]
Event: 2.847 Thread 0x00000267de228070 3173       3       jdk.internal.classfile.impl.BufWriterImpl::writeBytes (14 bytes)
Event: 2.847 Thread 0x00000267de228070 nmethod 3173 0x000002678a2b9e88 code [0x000002678a2b9fa0, 0x000002678a2ba170]
Event: 2.847 Thread 0x00000267de228070 3174       3       jdk.internal.classfile.impl.DirectCodeBuilder::writeExceptionHandlers (31 bytes)
Event: 2.848 Thread 0x00000267de228070 nmethod 3174 0x000002678a2ba188 code [0x000002678a2ba2e0, 0x000002678a2ba890]
Event: 2.848 Thread 0x00000267de228070 3176       1       jdk.internal.classfile.impl.DirectClassBuilder::setSuperclass (6 bytes)
Event: 2.848 Thread 0x00000267de228070 nmethod 3176 0x0000026791928308 code [0x0000026791928400, 0x00000267919284e0]
Event: 3.005 Thread 0x00000267de228070 3177       3       java.util.concurrent.Semaphore$Sync::nonfairTryAcquireShared (27 bytes)
Event: 3.006 Thread 0x00000267de228070 nmethod 3177 0x000002678a2ba908 code [0x000002678a2baa40, 0x000002678a2bad88]

GC Heap History (8 events):
Event: 0.766 GC heap before
{Heap before GC invocations=1 (full 0):
 PSYoungGen      total 29696K, used 25600K [0x00000000d5580000, 0x00000000d7680000, 0x0000000100000000)
  eden space 25600K, 100% used [0x00000000d5580000,0x00000000d6e80000,0x00000000d6e80000)
  from space 4096K, 0% used [0x00000000d7280000,0x00000000d7280000,0x00000000d7680000)
  to   space 4096K, 0% used [0x00000000d6e80000,0x00000000d6e80000,0x00000000d7280000)
 ParOldGen       total 68608K, used 1140K [0x0000000080000000, 0x0000000084300000, 0x00000000d5580000)
  object space 68608K, 1% used [0x0000000080000000,0x000000008011d3c0,0x0000000084300000)
 Metaspace       used 4208K, committed 4480K, reserved 1114112K
  class space    used 365K, committed 512K, reserved 1048576K
}
Event: 0.771 GC heap after
{Heap after GC invocations=1 (full 0):
 PSYoungGen      total 29696K, used 3241K [0x00000000d5580000, 0x00000000d7680000, 0x0000000100000000)
  eden space 25600K, 0% used [0x00000000d5580000,0x00000000d5580000,0x00000000d6e80000)
  from space 4096K, 79% used [0x00000000d6e80000,0x00000000d71aa760,0x00000000d7280000)
  to   space 4096K, 0% used [0x00000000d7280000,0x00000000d7280000,0x00000000d7680000)
 ParOldGen       total 68608K, used 1148K [0x0000000080000000, 0x0000000084300000, 0x00000000d5580000)
  object space 68608K, 1% used [0x0000000080000000,0x000000008011f3c0,0x0000000084300000)
 Metaspace       used 4208K, committed 4480K, reserved 1114112K
  class space    used 365K, committed 512K, reserved 1048576K
}
Event: 1.325 GC heap before
{Heap before GC invocations=2 (full 0):
 PSYoungGen      total 29696K, used 28841K [0x00000000d5580000, 0x00000000d7680000, 0x0000000100000000)
  eden space 25600K, 100% used [0x00000000d5580000,0x00000000d6e80000,0x00000000d6e80000)
  from space 4096K, 79% used [0x00000000d6e80000,0x00000000d71aa760,0x00000000d7280000)
  to   space 4096K, 0% used [0x00000000d7280000,0x00000000d7280000,0x00000000d7680000)
 ParOldGen       total 68608K, used 1148K [0x0000000080000000, 0x0000000084300000, 0x00000000d5580000)
  object space 68608K, 1% used [0x0000000080000000,0x000000008011f3c0,0x0000000084300000)
 Metaspace       used 7894K, committed 8128K, reserved 1114112K
  class space    used 653K, committed 768K, reserved 1048576K
}
Event: 1.331 GC heap after
{Heap after GC invocations=2 (full 0):
 PSYoungGen      total 29696K, used 4087K [0x00000000d5580000, 0x00000000d7680000, 0x0000000100000000)
  eden space 25600K, 0% used [0x00000000d5580000,0x00000000d5580000,0x00000000d6e80000)
  from space 4096K, 99% used [0x00000000d7280000,0x00000000d767dee8,0x00000000d7680000)
  to   space 4096K, 0% used [0x00000000d6e80000,0x00000000d6e80000,0x00000000d7280000)
 ParOldGen       total 68608K, used 2368K [0x0000000080000000, 0x0000000084300000, 0x00000000d5580000)
  object space 68608K, 3% used [0x0000000080000000,0x00000000802503f0,0x0000000084300000)
 Metaspace       used 7894K, committed 8128K, reserved 1114112K
  class space    used 653K, committed 768K, reserved 1048576K
}
Event: 1.852 GC heap before
{Heap before GC invocations=3 (full 0):
 PSYoungGen      total 29696K, used 29687K [0x00000000d5580000, 0x00000000d7680000, 0x0000000100000000)
  eden space 25600K, 100% used [0x00000000d5580000,0x00000000d6e80000,0x00000000d6e80000)
  from space 4096K, 99% used [0x00000000d7280000,0x00000000d767dee8,0x00000000d7680000)
  to   space 4096K, 0% used [0x00000000d6e80000,0x00000000d6e80000,0x00000000d7280000)
 ParOldGen       total 68608K, used 2368K [0x0000000080000000, 0x0000000084300000, 0x00000000d5580000)
  object space 68608K, 3% used [0x0000000080000000,0x00000000802503f0,0x0000000084300000)
 Metaspace       used 8937K, committed 9344K, reserved 1114112K
  class space    used 773K, committed 960K, reserved 1048576K
}
Event: 1.859 GC heap after
{Heap after GC invocations=3 (full 0):
 PSYoungGen      total 29696K, used 4079K [0x00000000d5580000, 0x00000000d7680000, 0x0000000100000000)
  eden space 25600K, 0% used [0x00000000d5580000,0x00000000d5580000,0x00000000d6e80000)
  from space 4096K, 99% used [0x00000000d6e80000,0x00000000d727bd30,0x00000000d7280000)
  to   space 4096K, 0% used [0x00000000d7280000,0x00000000d7280000,0x00000000d7680000)
 ParOldGen       total 68608K, used 4867K [0x0000000080000000, 0x0000000084300000, 0x00000000d5580000)
  object space 68608K, 7% used [0x0000000080000000,0x00000000804c0d88,0x0000000084300000)
 Metaspace       used 8937K, committed 9344K, reserved 1114112K
  class space    used 773K, committed 960K, reserved 1048576K
}
Event: 2.386 GC heap before
{Heap before GC invocations=4 (full 0):
 PSYoungGen      total 29696K, used 29679K [0x00000000d5580000, 0x00000000d7680000, 0x0000000100000000)
  eden space 25600K, 100% used [0x00000000d5580000,0x00000000d6e80000,0x00000000d6e80000)
  from space 4096K, 99% used [0x00000000d6e80000,0x00000000d727bd30,0x00000000d7280000)
  to   space 4096K, 0% used [0x00000000d7280000,0x00000000d7280000,0x00000000d7680000)
 ParOldGen       total 68608K, used 4867K [0x0000000080000000, 0x0000000084300000, 0x00000000d5580000)
  object space 68608K, 7% used [0x0000000080000000,0x00000000804c0d88,0x0000000084300000)
 Metaspace       used 11790K, committed 12160K, reserved 1114112K
  class space    used 1011K, committed 1152K, reserved 1048576K
}
Event: 2.392 GC heap after
{Heap after GC invocations=4 (full 0):
 PSYoungGen      total 29696K, used 4091K [0x00000000d5580000, 0x00000000d7680000, 0x0000000100000000)
  eden space 25600K, 0% used [0x00000000d5580000,0x00000000d5580000,0x00000000d6e80000)
  from space 4096K, 99% used [0x00000000d7280000,0x00000000d767ef98,0x00000000d7680000)
  to   space 4096K, 0% used [0x00000000d6e80000,0x00000000d6e80000,0x00000000d7280000)
 ParOldGen       total 68608K, used 6620K [0x0000000080000000, 0x0000000084300000, 0x00000000d5580000)
  object space 68608K, 9% used [0x0000000080000000,0x0000000080677070,0x0000000084300000)
 Metaspace       used 11790K, committed 12160K, reserved 1114112K
  class space    used 1011K, committed 1152K, reserved 1048576K
}

Dll operation events (10 events):
Event: 0.016 Loaded shared library C:\Program Files\Java\jdk-24\bin\java.dll
Event: 0.069 Loaded shared library C:\Program Files\Java\jdk-24\bin\jsvml.dll
Event: 0.163 Loaded shared library C:\Program Files\Java\jdk-24\bin\zip.dll
Event: 0.168 Loaded shared library C:\Program Files\Java\jdk-24\bin\instrument.dll
Event: 0.173 Loaded shared library C:\Program Files\Java\jdk-24\bin\net.dll
Event: 0.175 Loaded shared library C:\Program Files\Java\jdk-24\bin\nio.dll
Event: 0.180 Loaded shared library C:\Program Files\Java\jdk-24\bin\zip.dll
Event: 0.213 Loaded shared library C:\Program Files\Java\jdk-24\bin\jimage.dll
Event: 0.318 Loaded shared library C:\Program Files\Java\jdk-24\bin\verify.dll
Event: 1.366 Loaded shared library C:\Users\livia\AppData\Roaming\Code\User\globalStorage\redhat.java\1.43.1\config_win\org.eclipse.equinox.launcher\org.eclipse.equinox.launcher.win32.win32.x86_64_1.2.1300.v20250331-1702\eclipse_11911.dll

Deoptimization events (20 events):
Event: 2.610 Thread 0x00000267e30ba550 Uncommon trap: trap_request=0xffffff4d fr.pc=0x0000026791910224 relative=0x0000000000000944
Event: 2.610 Thread 0x00000267e30ba550 Uncommon trap: reason=unstable_if action=reinterpret pc=0x0000026791910224 method=com.sun.org.apache.xerces.internal.impl.XMLEntityScanner.scanQName(Lcom/sun/org/apache/xerces/internal/xni/QName;Lcom/sun/org/apache/xerces/internal/impl/XMLScanner$NameType
Event: 2.610 Thread 0x00000267e30ba550 DEOPT PACKING pc=0x0000026791910224 sp=0x000000b3bb3fddc0
Event: 2.610 Thread 0x00000267e30ba550 DEOPT UNPACKING pc=0x000002679139b902 sp=0x000000b3bb3fdd58 mode 2
Event: 2.610 Thread 0x00000267e30ba550 Uncommon trap: trap_request=0xffffff4d fr.pc=0x000002679190ebf8 relative=0x0000000000000418
Event: 2.610 Thread 0x00000267e30ba550 Uncommon trap: reason=unstable_if action=reinterpret pc=0x000002679190ebf8 method=com.sun.org.apache.xerces.internal.impl.XMLEntityScanner.scanLiteral(ILcom/sun/org/apache/xerces/internal/xni/XMLString;Z)I @ 299 c2
Event: 2.610 Thread 0x00000267e30ba550 DEOPT PACKING pc=0x000002679190ebf8 sp=0x000000b3bb3fdbc0
Event: 2.610 Thread 0x00000267e30ba550 DEOPT UNPACKING pc=0x000002679139b902 sp=0x000000b3bb3fdb50 mode 2
Event: 2.702 Thread 0x00000267e30ba550 Uncommon trap: trap_request=0xffffff4d fr.pc=0x00000267919144e8 relative=0x0000000000000068
Event: 2.702 Thread 0x00000267e30ba550 Uncommon trap: reason=unstable_if action=reinterpret pc=0x00000267919144e8 method=java.util.Objects.equals(Ljava/lang/Object;Ljava/lang/Object;)Z @ 6 c2
Event: 2.702 Thread 0x00000267e30ba550 DEOPT PACKING pc=0x00000267919144e8 sp=0x000000b3bb3f8fb0
Event: 2.702 Thread 0x00000267e30ba550 DEOPT UNPACKING pc=0x000002679139b902 sp=0x000000b3bb3f8f50 mode 2
Event: 2.804 Thread 0x00000267e30ba550 Uncommon trap: trap_request=0xffffff4d fr.pc=0x000002679186d650 relative=0x0000000000000e50
Event: 2.804 Thread 0x00000267e30ba550 Uncommon trap: reason=unstable_if action=reinterpret pc=0x000002679186d650 method=lombok.patcher.PatchScript.classMatches(Ljava/lang/String;Ljava/util/Collection;)Z @ 25 c2
Event: 2.804 Thread 0x00000267e30ba550 DEOPT PACKING pc=0x000002679186d650 sp=0x000000b3bb3f7210
Event: 2.804 Thread 0x00000267e30ba550 DEOPT UNPACKING pc=0x000002679139b902 sp=0x000000b3bb3f71e0 mode 2
Event: 2.832 Thread 0x00000267e30ba550 Uncommon trap: trap_request=0xffffff4d fr.pc=0x000002679185eed4 relative=0x0000000000000294
Event: 2.832 Thread 0x00000267e30ba550 Uncommon trap: reason=unstable_if action=reinterpret pc=0x000002679185eed4 method=java.util.concurrent.ConcurrentHashMap.get(Ljava/lang/Object;)Ljava/lang/Object; @ 76 c2
Event: 2.832 Thread 0x00000267e30ba550 DEOPT PACKING pc=0x000002679185eed4 sp=0x000000b3bb3f7f10
Event: 2.832 Thread 0x00000267e30ba550 DEOPT UNPACKING pc=0x000002679139b902 sp=0x000000b3bb3f7e88 mode 2

Classes loaded (20 events):
Event: 2.830 Loading class jdk/internal/classfile/impl/UnboundAttribute$UnboundStackMapTableAttribute
Event: 2.830 Loading class jdk/internal/classfile/impl/UnboundAttribute$UnboundStackMapTableAttribute done
Event: 2.830 Loading class jdk/internal/classfile/impl/StackCounter
Event: 2.831 Loading class jdk/internal/classfile/impl/StackCounter done
Event: 2.831 Loading class jdk/internal/classfile/impl/StackCounter$Target
Event: 2.831 Loading class jdk/internal/classfile/impl/StackCounter$Target done
Event: 2.831 Loading class java/lang/classfile/attribute/StackMapFrameInfo$SimpleVerificationTypeInfo
Event: 2.831 Loading class java/lang/classfile/attribute/StackMapFrameInfo$SimpleVerificationTypeInfo done
Event: 2.831 Loading class jdk/internal/classfile/impl/StackMapDecoder
Event: 2.831 Loading class jdk/internal/classfile/impl/StackMapDecoder done
Event: 2.831 Loading class jdk/internal/classfile/impl/StackMapDecoder$1
Event: 2.831 Loading class jdk/internal/classfile/impl/StackMapDecoder$1 done
Event: 2.831 Loading class java/lang/annotation/Target
Event: 2.832 Loading class java/lang/annotation/Target done
Event: 2.832 Loading class jdk/internal/vm/annotation/ForceInline
Event: 2.832 Loading class jdk/internal/vm/annotation/ForceInline done
Event: 2.837 Loading class java/lang/invoke/MethodHandleImpl$WrappedMember
Event: 2.837 Loading class java/lang/invoke/MethodHandleImpl$WrappedMember done
Event: 2.839 Loading class java/lang/invoke/LambdaFormEditor$1
Event: 2.839 Loading class java/lang/invoke/LambdaFormEditor$1 done

Classes unloaded (0 events):
No events

Classes redefined (0 events):
No events

Internal exceptions (20 events):
Event: 1.097 Thread 0x00000267ff7cb8f0 Exception <a 'java/lang/NoSuchMethodError'{0x00000000d64caac8}: 'int java.lang.invoke.DirectMethodHandle$Holder.invokeVirtual(java.lang.Object, java.lang.Object)'> (0x00000000d64caac8) 
thrown [s\open\src\hotspot\share\interpreter\linkResolver.cpp, line 805]
Event: 1.174 Thread 0x00000267ff7cb8f0 Exception <a 'java/lang/NoSuchMethodError'{0x00000000d6895d90}: 'java.lang.Object java.lang.invoke.DirectMethodHandle$Holder.newInvokeSpecial(java.lang.Object, int, java.lang.Object)'> (0x00000000d6895d90) 
thrown [s\open\src\hotspot\share\interpreter\linkResolver.cpp, line 805]
Event: 1.247 Thread 0x00000267ff7cb8f0 Exception <a 'java/lang/ClassNotFoundException'{0x00000000d6ab5160}: sun/net/www/protocol/plurl/Handler> (0x00000000d6ab5160) 
thrown [s\open\src\hotspot\share\classfile\systemDictionary.cpp, line 327]
Event: 1.364 Thread 0x00000267ff7cb8f0 Exception <a 'java/lang/UnsatisfiedLinkError'{0x00000000d5669698}: 'void org.eclipse.equinox.launcher.JNIBridge._update_splash()'> (0x00000000d5669698) 
thrown [s\open\src\hotspot\share\prims\nativeLookup.cpp, line 416]
Event: 1.427 Thread 0x00000267e30ba550 Exception <a 'java/lang/NoSuchMethodError'{0x00000000d5a778d0}: 'java.lang.Object java.lang.invoke.DirectMethodHandle$Holder.newInvokeSpecial(java.lang.Object, java.lang.Object, int, java.lang.Object)'> (0x00000000d5a778d0) 
thrown [s\open\src\hotspot\share\interpreter\linkResolver.cpp, line 805]
Event: 1.458 Thread 0x00000267e30ba550 Exception <a 'java/lang/NoClassDefFoundError'{0x00000000d5b3c618}: jakarta/servlet/ServletContainerInitializer> (0x00000000d5b3c618) 
thrown [s\open\src\hotspot\share\classfile\systemDictionary.cpp, line 316]
Event: 1.502 Thread 0x00000267e30ba550 Exception <a 'java/lang/ClassNotFoundException'{0x00000000d5d98bb0}: sun/util/logging/resources/spi/loggingProvider> (0x00000000d5d98bb0) 
thrown [s\open\src\hotspot\share\classfile\systemDictionary.cpp, line 327]
Event: 2.238 Thread 0x00000267e30ba550 Exception <a 'java/lang/NullPointerException'{0x00000000d63cb998}> (0x00000000d63cb998) 
thrown [s\open\src\hotspot\share\interpreter\linkResolver.cpp, line 1417]
Event: 2.238 Thread 0x00000267e30ba550 Exception <a 'java/lang/NullPointerException'{0x00000000d63cbc78}> (0x00000000d63cbc78) 
thrown [s\open\src\hotspot\share\interpreter\linkResolver.cpp, line 1417]
Event: 2.398 Thread 0x00000267e30ba550 Exception <a 'java/lang/NoSuchMethodError'{0x00000000d55ce370}: 'void java.lang.invoke.Invokers$Holder.invokeExact_MT(java.lang.Object, java.lang.Object, java.lang.Object)'> (0x00000000d55ce370) 
thrown [s\open\src\hotspot\share\interpreter\linkResolver.cpp, line 805]
Event: 2.597 Thread 0x00000267e30ba550 Exception <a 'java/io/FileNotFoundException'{0x00000000d5e9d8e0}> (0x00000000d5e9d8e0) 
thrown [s\open\src\hotspot\share\prims\jni.cpp, line 518]
Event: 2.679 Thread 0x00000267e30ba550 Exception <a 'java/lang/NoSuchMethodError'{0x00000000d6327978}: 'java.lang.Object java.lang.invoke.DirectMethodHandle$Holder.invokeSpecial(java.lang.Object, java.lang.Object, java.lang.Object, java.lang.Object, long)'> (0x00000000d6327978) 
thrown [s\open\src\hotspot\share\interpreter\linkResolver.cpp, line 805]
Event: 2.680 Thread 0x00000267e30ba550 Exception <a 'java/lang/NoSuchMethodError'{0x00000000d6337ee0}: 'java.lang.Object java.lang.invoke.Invokers$Holder.linkToTargetMethod(java.lang.Object, long, java.lang.Object)'> (0x00000000d6337ee0) 
thrown [s\open\src\hotspot\share\interpreter\linkResolver.cpp, line 805]
Event: 2.721 Thread 0x00000267e30ba550 Exception <a 'java/lang/NoSuchMethodError'{0x00000000d6580d00}: 'void java.lang.invoke.DirectMethodHandle$Holder.invokeInterface(java.lang.Object, java.lang.Object, java.lang.Object)'> (0x00000000d6580d00) 
thrown [s\open\src\hotspot\share\interpreter\linkResolver.cpp, line 805]
Event: 2.835 Thread 0x00000267e30ba550 Exception <a 'java/lang/NoSuchMethodError'{0x00000000d6c0ba70}: 'java.lang.Object java.lang.invoke.Invokers$Holder.invokeExact_MT(java.lang.Object, java.lang.Object, java.lang.Object, java.lang.Object, java.lang.Object, java.lang.Object)'> (0x00000000d6c0ba70) 
thrown [s\open\src\hotspot\share\interpreter\linkResolver.cpp, line 805]
Event: 2.836 Thread 0x00000267e30ba550 Exception <a 'java/lang/NoSuchMethodError'{0x00000000d6c189f8}: 'java.lang.Object java.lang.invoke.DirectMethodHandle$Holder.invokeVirtual(java.lang.Object, java.lang.Object, java.lang.Object)'> (0x00000000d6c189f8) 
thrown [s\open\src\hotspot\share\interpreter\linkResolver.cpp, line 805]
Event: 2.837 Thread 0x00000267e30ba550 Exception <a 'java/lang/NoSuchMethodError'{0x00000000d6c2e2e8}: 'java.lang.Object java.lang.invoke.Invokers$Holder.invoker(java.lang.Object, java.lang.Object, java.lang.Object, java.lang.Object, java.lang.Object, java.lang.Object, java.lang.Object)'> (0x00000000d6c2e2e8) 
thrown [s\open\src\hotspot\share\interpreter\linkResolver.cpp, line 805]
Event: 2.838 Thread 0x00000267e30ba550 Exception <a 'java/lang/NoSuchMethodError'{0x00000000d6c4ef08}: 'java.lang.Object java.lang.invoke.DelegatingMethodHandle$Holder.reinvoke_L(java.lang.Object, java.lang.Object, java.lang.Object, java.lang.Object, int, int)'> (0x00000000d6c4ef08) 
thrown [s\open\src\hotspot\share\interpreter\linkResolver.cpp, line 805]
Event: 2.842 Thread 0x00000267e30ba550 Exception <a 'java/lang/NoSuchMethodError'{0x00000000d6c91460}: 'java.lang.Object java.lang.invoke.DirectMethodHandle$Holder.newInvokeSpecial(java.lang.Object, java.lang.Object, java.lang.Object, java.lang.Object, java.lang.Object, java.lang.Object)'> (0x00000000d6c91460) 
thrown [s\open\src\hotspot\share\interpreter\linkResolver.cpp, line 805]
Event: 2.846 Thread 0x00000267e30ba550 Exception <a 'java/lang/NoSuchMethodError'{0x00000000d6cd6e98}: 'void java.lang.invoke.Invokers$Holder.invokeExact_MT(java.lang.Object, java.lang.Object, java.lang.Object, java.lang.Object)'> (0x00000000d6cd6e98) 
thrown [s\open\src\hotspot\share\interpreter\linkResolver.cpp, line 805]

VM Operations (20 events):
Event: 1.245 Executing VM operation: HandshakeAllThreads (Deoptimize)
Event: 1.245 Executing VM operation: HandshakeAllThreads (Deoptimize) done
Event: 1.325 Executing VM operation: ParallelCollectForAllocation (Allocation Failure)
Event: 1.331 Executing VM operation: ParallelCollectForAllocation (Allocation Failure) done
Event: 1.480 Executing VM operation: HandshakeAllThreads (Deoptimize)
Event: 1.480 Executing VM operation: HandshakeAllThreads (Deoptimize) done
Event: 1.508 Executing VM operation: HandshakeAllThreads (Deoptimize)
Event: 1.508 Executing VM operation: HandshakeAllThreads (Deoptimize) done
Event: 1.522 Executing VM operation: HandshakeAllThreads (Deoptimize)
Event: 1.523 Executing VM operation: HandshakeAllThreads (Deoptimize) done
Event: 1.543 Executing VM operation: HandshakeAllThreads (Deoptimize)
Event: 1.543 Executing VM operation: HandshakeAllThreads (Deoptimize) done
Event: 1.852 Executing VM operation: ParallelCollectForAllocation (Allocation Failure)
Event: 1.859 Executing VM operation: ParallelCollectForAllocation (Allocation Failure) done
Event: 2.255 Executing VM operation: HandshakeAllThreads (Deoptimize)
Event: 2.255 Executing VM operation: HandshakeAllThreads (Deoptimize) done
Event: 2.279 Executing VM operation: HandshakeAllThreads (Deoptimize)
Event: 2.279 Executing VM operation: HandshakeAllThreads (Deoptimize) done
Event: 2.386 Executing VM operation: ParallelCollectForAllocation (Allocation Failure)
Event: 2.392 Executing VM operation: ParallelCollectForAllocation (Allocation Failure) done

Memory protections (0 events):
No events

Nmethod flushes (0 events):
No events

Events (20 events):
Event: 0.065 Thread 0x00000267ff7cb8f0 Thread added: 0x000002679b7b4fe0
Event: 0.065 Thread 0x00000267ff7cb8f0 Thread added: 0x000002679b7d9750
Event: 0.066 Thread 0x00000267ff7cb8f0 Thread added: 0x000002679b7daa30
Event: 0.066 Thread 0x00000267ff7cb8f0 Thread added: 0x000002679b7dede0
Event: 0.066 Thread 0x00000267ff7cb8f0 Thread added: 0x00000267de228070
Event: 0.093 Thread 0x00000267ff7cb8f0 Thread added: 0x00000267de2b2140
Event: 0.145 Thread 0x00000267de228070 Thread added: 0x00000267de2ddb60
Event: 0.394 Thread 0x00000267ff7cb8f0 Thread added: 0x00000267de48edb0
Event: 0.619 Thread 0x00000267de228070 Thread added: 0x00000267de484450
Event: 1.136 Thread 0x00000267ff7cb8f0 Thread added: 0x00000267decb9c60
Event: 1.356 Thread 0x00000267ff7cb8f0 Thread added: 0x00000267debdfdf0
Event: 1.363 Thread 0x00000267ff7cb8f0 Thread added: 0x00000267e30ba550
Event: 1.895 Thread 0x00000267de484450 Thread exited: 0x00000267de484450
Event: 1.900 Thread 0x00000267de2ddb60 Thread exited: 0x00000267de2ddb60
Event: 1.974 Thread 0x00000267e30ba550 Thread added: 0x00000267de484450
Event: 2.203 Thread 0x00000267e30ba550 Thread added: 0x00000267dec496d0
Event: 2.312 Thread 0x00000267e30ba550 Thread added: 0x00000267e33cd790
Event: 2.529 Thread 0x00000267de228070 Thread added: 0x00000267e32c25d0
Event: 2.727 Thread 0x00000267e30ba550 Thread added: 0x00000267e34de8e0
Event: 3.005 Thread 0x00000267e32c25d0 Thread exited: 0x00000267e32c25d0


Dynamic libraries:
0x00007ff66f210000 - 0x00007ff66f220000 	C:\Program Files\Java\jdk-24\bin\java.exe
0x00007ffba7c00000 - 0x00007ffba7e65000 	C:\Windows\SYSTEM32\ntdll.dll
0x00007ffba72b0000 - 0x00007ffba7379000 	C:\Windows\System32\KERNEL32.DLL
0x00007ffba51e0000 - 0x00007ffba55c8000 	C:\Windows\System32\KERNELBASE.dll
0x00007ffba57c0000 - 0x00007ffba590b000 	C:\Windows\System32\ucrtbase.dll
0x00007ffb92d00000 - 0x00007ffb92d16000 	C:\Program Files\Java\jdk-24\bin\jli.dll
0x00007ffba5fb0000 - 0x00007ffba617a000 	C:\Windows\System32\USER32.dll
0x00007ffb594b0000 - 0x00007ffb594cb000 	C:\Program Files\Java\jdk-24\bin\VCRUNTIME140.dll
0x00007ffba4e10000 - 0x00007ffba4e37000 	C:\Windows\System32\win32u.dll
0x00007ffba7990000 - 0x00007ffba79bb000 	C:\Windows\System32\GDI32.dll
0x00007ffb81060000 - 0x00007ffb812fa000 	C:\Windows\WinSxS\amd64_microsoft.windows.common-controls_6595b64144ccf1df_6.0.26100.4202_none_3e0698d4e335f517\COMCTL32.dll
0x00007ffba55d0000 - 0x00007ffba5707000 	C:\Windows\System32\gdi32full.dll
0x00007ffba5710000 - 0x00007ffba57b3000 	C:\Windows\System32\msvcp_win.dll
0x00007ffba78d0000 - 0x00007ffba7979000 	C:\Windows\System32\msvcrt.dll
0x00007ffba7b70000 - 0x00007ffba7ba0000 	C:\Windows\System32\IMM32.DLL
0x00007ffb5ab30000 - 0x00007ffb5ab3c000 	C:\Program Files\Java\jdk-24\bin\vcruntime140_1.dll
0x00007ffb46410000 - 0x00007ffb4649e000 	C:\Program Files\Java\jdk-24\bin\msvcp140.dll
0x00007ffb27550000 - 0x00007ffb282f2000 	C:\Program Files\Java\jdk-24\bin\server\jvm.dll
0x00007ffba6330000 - 0x00007ffba63e3000 	C:\Windows\System32\ADVAPI32.dll
0x00007ffba61b0000 - 0x00007ffba6256000 	C:\Windows\System32\sechost.dll
0x00007ffba75c0000 - 0x00007ffba76d5000 	C:\Windows\System32\RPCRT4.dll
0x00007ffba62b0000 - 0x00007ffba6324000 	C:\Windows\System32\WS2_32.dll
0x00007ffba4ba0000 - 0x00007ffba4bfe000 	C:\Windows\SYSTEM32\POWRPROF.dll
0x00007ffb93380000 - 0x00007ffb9338b000 	C:\Windows\SYSTEM32\VERSION.dll
0x00007ffba16d0000 - 0x00007ffba1705000 	C:\Windows\SYSTEM32\WINMM.dll
0x00007ffba4b80000 - 0x00007ffba4b94000 	C:\Windows\SYSTEM32\UMPDC.dll
0x00007ffba3b10000 - 0x00007ffba3b2b000 	C:\Windows\SYSTEM32\kernel.appcore.dll
0x00007ffb9c850000 - 0x00007ffb9c85a000 	C:\Program Files\Java\jdk-24\bin\jimage.dll
0x00007ffba23e0000 - 0x00007ffba2621000 	C:\Windows\SYSTEM32\DBGHELP.DLL
0x00007ffba5b30000 - 0x00007ffba5eb5000 	C:\Windows\System32\combase.dll
0x00007ffba5ec0000 - 0x00007ffba5fa1000 	C:\Windows\System32\OLEAUT32.dll
0x00007ffb833c0000 - 0x00007ffb833f9000 	C:\Windows\SYSTEM32\dbgcore.DLL
0x00007ffba4fc0000 - 0x00007ffba5059000 	C:\Windows\System32\bcryptPrimitives.dll
0x00007ffb9c840000 - 0x00007ffb9c84f000 	C:\Program Files\Java\jdk-24\bin\instrument.dll
0x00007ffb56120000 - 0x00007ffb5613e000 	C:\Program Files\Java\jdk-24\bin\java.dll
0x00007ffba7380000 - 0x00007ffba751e000 	C:\Windows\System32\ole32.dll
0x00007ffba6a60000 - 0x00007ffba71a2000 	C:\Windows\System32\SHELL32.dll
0x00007ffba5060000 - 0x00007ffba51d4000 	C:\Windows\System32\wintypes.dll
0x00007ffba2980000 - 0x00007ffba31d8000 	C:\Windows\SYSTEM32\windows.storage.dll
0x00007ffba59a0000 - 0x00007ffba5a91000 	C:\Windows\System32\SHCORE.dll
0x00007ffba63f0000 - 0x00007ffba645a000 	C:\Windows\System32\shlwapi.dll
0x00007ffba4c60000 - 0x00007ffba4c8f000 	C:\Windows\SYSTEM32\profapi.dll
0x00007ffb479d0000 - 0x00007ffb47aa7000 	C:\Program Files\Java\jdk-24\bin\jsvml.dll
0x00007ffb54a60000 - 0x00007ffb54a77000 	C:\Program Files\Java\jdk-24\bin\zip.dll
0x00007ffb565e0000 - 0x00007ffb565f0000 	C:\Program Files\Java\jdk-24\bin\net.dll
0x00007ffba4080000 - 0x00007ffba40ea000 	C:\Windows\system32\mswsock.dll
0x00007ffb54a40000 - 0x00007ffb54a56000 	C:\Program Files\Java\jdk-24\bin\nio.dll
0x00007ffb554f0000 - 0x00007ffb55500000 	C:\Program Files\Java\jdk-24\bin\verify.dll
0x00007ffb45de0000 - 0x00007ffb45e25000 	C:\Users\livia\AppData\Roaming\Code\User\globalStorage\redhat.java\1.43.1\config_win\org.eclipse.equinox.launcher\org.eclipse.equinox.launcher.win32.win32.x86_64_1.2.1300.v20250331-1702\eclipse_11911.dll

dbghelp: loaded successfully - version: 4.0.5 - missing functions: none
symbol engine: initialized successfully - sym options: 0x614 - pdb path: .;C:\Program Files\Java\jdk-24\bin;C:\Windows\SYSTEM32;C:\Windows\WinSxS\amd64_microsoft.windows.common-controls_6595b64144ccf1df_6.0.26100.4202_none_3e0698d4e335f517;C:\Program Files\Java\jdk-24\bin\server;C:\Users\livia\AppData\Roaming\Code\User\globalStorage\redhat.java\1.43.1\config_win\org.eclipse.equinox.launcher\org.eclipse.equinox.launcher.win32.win32.x86_64_1.2.1300.v20250331-1702

VM Arguments:
jvm_args: -Djdk.xml.maxGeneralEntitySizeLimit=0 -Djdk.xml.totalEntitySizeLimit=0 --add-modules=ALL-SYSTEM --add-opens=java.base/java.util=ALL-UNNAMED --add-opens=java.base/java.lang=ALL-UNNAMED --add-opens=java.base/sun.nio.fs=ALL-UNNAMED -Declipse.application=org.eclipse.jdt.ls.core.id1 -Dosgi.bundles.defaultStartLevel=4 -Declipse.product=org.eclipse.jdt.ls.core.product -Djava.import.generatesMetadataFilesAtProjectRoot=false -DDetectVMInstallationsJob.disabled=true -Dfile.encoding=utf8 -XX:+UseParallelGC -XX:GCTimeRatio=4 -XX:AdaptiveSizePolicyWeight=90 -Dsun.zip.disableMemoryMapping=true -Xmx2G -Xms100m -Xlog:disable -javaagent:c:\Users\livia\.vscode\extensions\redhat.java-1.43.1-win32-x64\lombok\lombok-1.18.39-4050.jar -XX:+HeapDumpOnOutOfMemoryError -XX:HeapDumpPath=c:\Users\livia\AppData\Roaming\Code\User\workspaceStorage\0b8002b937013c3cf28894f1b3c8ae27\redhat.java -Daether.dependencyCollector.impl=bf 
java_command: c:\Users\livia\.vscode\extensions\redhat.java-1.43.1-win32-x64\server\plugins\org.eclipse.equinox.launcher_1.7.0.v20250519-0528.jar -configuration c:\Users\livia\AppData\Roaming\Code\User\globalStorage\redhat.java\1.43.1\config_win -data c:\Users\livia\AppData\Roaming\Code\User\workspaceStorage\0b8002b937013c3cf28894f1b3c8ae27\redhat.java\jdt_ws --pipe=\\.\pipe\lsp-a06fd9ae06ec2f7937056953baa8e266-sock
java_class_path (initial): c:\Users\livia\.vscode\extensions\redhat.java-1.43.1-win32-x64\server\plugins\org.eclipse.equinox.launcher_1.7.0.v20250519-0528.jar
Launcher Type: SUN_STANDARD

[Global flags]
     uint AdaptiveSizePolicyWeight                 = 90                                        {product} {command line}
     intx CICompilerCount                          = 4                                         {product} {ergonomic}
     uint GCTimeRatio                              = 4                                         {product} {command line}
     bool HeapDumpOnOutOfMemoryError               = true                                   {manageable} {command line}
    ccstr HeapDumpPath                             = c:\Users\livia\AppData\Roaming\Code\User\workspaceStorage\0b8002b937013c3cf28894f1b3c8ae27\redhat.java         {manageable} {command line}
   size_t InitialHeapSize                          = 104857600                                 {product} {command line}
   size_t MaxHeapSize                              = 2147483648                                {product} {command line}
   size_t MaxNewSize                               = 715653120                                 {product} {ergonomic}
   size_t MinHeapDeltaBytes                        = 524288                                    {product} {ergonomic}
   size_t MinHeapSize                              = 104857600                                 {product} {command line}
   size_t NewSize                                  = 34603008                                  {product} {ergonomic}
    uintx NonNMethodCodeHeapSize                   = 5832704                                {pd product} {ergonomic}
    uintx NonProfiledCodeHeapSize                  = 122945536                              {pd product} {ergonomic}
    uintx ProfiledCodeHeapSize                     = 122880000                              {pd product} {ergonomic}
    uintx ReservedCodeCacheSize                    = 251658240                              {pd product} {ergonomic}
     bool SegmentedCodeCache                       = true                                      {product} {ergonomic}
   size_t SoftMaxHeapSize                          = 2147483648                             {manageable} {ergonomic}
     bool UseCompressedOops                        = true                           {product lp64_product} {ergonomic}
     bool UseLargePagesIndividualAllocation        = false                                  {pd product} {ergonomic}
     bool UseParallelGC                            = true                                      {product} {command line}

Logging:
Log output configuration:
 #0: stdout all=off uptime,level,tags foldmultilines=false
 #1: stderr all=off uptime,level,tags foldmultilines=false

Environment Variables:
PATH=C:\Program Files\Common Files\Oracle\Java\javapath;C:\Windows\system32;C:\Windows;C:\Windows\System32\Wbem;C:\Windows\System32\WindowsPowerShell\v1.0\;C:\Windows\System32\OpenSSH\;C:\Program Files\dotnet\;C:\Program Files\Git\cmd;C:\Program Files\nodejs\;C:\Users\livia\AppData\Local\Microsoft\WindowsApps;C:\Users\livia\AppData\Local\Programs\Microsoft VS Code\bin;C:\Users\livia\AppData\Local\JetBrains\IntelliJ IDEA Community Edition 2024.3.5\bin;;C:\Users\livia\AppData\Roaming\npm
USERNAME=livia
OS=Windows_NT
PROCESSOR_IDENTIFIER=Intel64 Family 6 Model 154 Stepping 4, GenuineIntel
TMP=C:\Users\livia\AppData\Local\Temp
TEMP=C:\Users\livia\AppData\Local\Temp




Periodic native trim disabled

---------------  S Y S T E M  ---------------

OS:
 Windows 11 , 64 bit Build 26100 (10.0.26100.4202)
OS uptime: 0 days 16:53 hours
Hyper-V role detected

CPU: total 8 (initial active 8) (4 cores per cpu, 2 threads per core) family 6 model 154 stepping 4 microcode 0x435, cx8, cmov, fxsr, ht, mmx, 3dnowpref, sse, sse2, sse3, ssse3, sse4.1, sse4.2, popcnt, lzcnt, tsc, tscinvbit, avx, avx2, aes, erms, clmul, bmi1, bmi2, adx, sha, fma, vzeroupper, clflush, clflushopt, clwb, hv, serialize, rdtscp, rdpid, fsrm, gfni, f16c, cet_ibt, cet_ss
Processor Information for the first 8 processors :
  Max Mhz: 1200, Current Mhz: 1200, Mhz Limit: 1200

Memory: 4k page, system-wide physical 7876M (627M free)
TotalPageFile size 32452M (AvailPageFile size 0M)
current process WorkingSet (physical memory assigned to process): 119M, peak: 119M
current process commit charge ("private bytes"): 226M, peak: 226M

vm_info: Java HotSpot(TM) 64-Bit Server VM (24+36-3646) for windows-amd64 JRE (24+36-3646), built on 2025-02-06T00:20:43Z with MS VC++ 17.6 (VS2022)

END.
