#
# There is insufficient memory for the Java Runtime Environment to continue.
# Native memory allocation (malloc) failed to allocate 2137360 bytes. Error detail: Chunk::new
# Possible reasons:
#   The system is out of physical RAM or swap space
#   This process is running with CompressedOops enabled, and the Java Heap may be blocking the growth of the native heap
# Possible solutions:
#   Reduce memory load on the system
#   Increase physical memory or swap space
#   Check if swap backing store is full
#   Decrease Java heap size (-Xmx/-Xms)
#   Decrease number of Java threads
#   Decrease Java thread stack sizes (-Xss)
#   Set larger code cache with -XX:ReservedCodeCacheSize=
#   JVM is running with Unscaled Compressed Oops mode in which the Java heap is
#     placed in the first 4GB address space. The Java Heap base address is the
#     maximum limit for the native heap growth. Please use -XX:HeapBaseMinAddress
#     to set the Java Heap base and to place the Java Heap above 4GB virtual address.
# This output file may be truncated or incomplete.
#
#  Out of Memory Error (arena.cpp:162), pid=840, tid=25416
#
# JRE version: Java(TM) SE Runtime Environment (24.0+36) (build 24+36-3646)
# Java VM: Java HotSpot(TM) 64-Bit Server VM (24+36-3646, mixed mode, sharing, tiered, compressed oops, compressed class ptrs, parallel gc, windows-amd64)
# No core dump will be written. Minidumps are not enabled by default on client versions of Windows
#

---------------  S U M M A R Y ------------

Command Line: -Djdk.xml.maxGeneralEntitySizeLimit=0 -Djdk.xml.totalEntitySizeLimit=0 --add-modules=ALL-SYSTEM --add-opens=java.base/java.util=ALL-UNNAMED --add-opens=java.base/java.lang=ALL-UNNAMED --add-opens=java.base/sun.nio.fs=ALL-UNNAMED -Declipse.application=org.eclipse.jdt.ls.core.id1 -Dosgi.bundles.defaultStartLevel=4 -Declipse.product=org.eclipse.jdt.ls.core.product -Djava.import.generatesMetadataFilesAtProjectRoot=false -DDetectVMInstallationsJob.disabled=true -Dfile.encoding=utf8 -XX:+UseParallelGC -XX:GCTimeRatio=4 -XX:AdaptiveSizePolicyWeight=90 -Dsun.zip.disableMemoryMapping=true -Xmx2G -Xms100m -Xlog:disable -javaagent:c:\Users\livia\.vscode\extensions\redhat.java-1.43.1-win32-x64\lombok\lombok-1.18.39-4050.jar -XX:+HeapDumpOnOutOfMemoryError -XX:HeapDumpPath=c:\Users\livia\AppData\Roaming\Code\User\workspaceStorage\0b8002b937013c3cf28894f1b3c8ae27\redhat.java -Daether.dependencyCollector.impl=bf c:\Users\livia\.vscode\extensions\redhat.java-1.43.1-win32-x64\server\plugins\org.eclipse.equinox.launcher_1.7.0.v20250519-0528.jar -configuration c:\Users\livia\AppData\Roaming\Code\User\globalStorage\redhat.java\1.43.1\config_win -data c:\Users\livia\AppData\Roaming\Code\User\workspaceStorage\0b8002b937013c3cf28894f1b3c8ae27\redhat.java\jdt_ws --pipe=\\.\pipe\lsp-f77dc703c00029f2a956874688dbaae2-sock

Host: 12th Gen Intel(R) Core(TM) i3-1215U, 8 cores, 7G,  Windows 11 , 64 bit Build 26100 (10.0.26100.4202)
Time: Wed Jul  2 09:29:18 2025 Hora oficial do Brasil elapsed time: 14.363751 seconds (0d 0h 0m 14s)

---------------  T H R E A D  ---------------

Current thread (0x00000153ba3beba0):  JavaThread "C2 CompilerThread0" daemon [_thread_in_native, id=25416, stack(0x0000003367c00000,0x0000003367d00000) (1024K)]


Current CompileTask:
C2:14364 7887   !   4       org.eclipse.jdt.internal.core.search.indexing.BinaryIndexer::indexDocument (1168 bytes)

Stack: [0x0000003367c00000,0x0000003367d00000]
Native frames: (J=compiled Java code, j=interpreted, Vv=VM code, C=native code)
V  [jvm.dll+0x7308c9]  (no source info available)
V  [jvm.dll+0x8d9ca3]  (no source info available)
V  [jvm.dll+0x8dc13d]  (no source info available)
V  [jvm.dll+0x8dc7b3]  (no source info available)
V  [jvm.dll+0x2aa046]  (no source info available)
V  [jvm.dll+0xced8f]  (no source info available)
V  [jvm.dll+0xcefef]  (no source info available)
V  [jvm.dll+0x3f37dc]  (no source info available)
V  [jvm.dll+0x206025]  (no source info available)
V  [jvm.dll+0x26f7b0]  (no source info available)
V  [jvm.dll+0x26e9ff]  (no source info available)
V  [jvm.dll+0x1e9d00]  (no source info available)
V  [jvm.dll+0x27e1bb]  (no source info available)
V  [jvm.dll+0x27c45a]  (no source info available)
V  [jvm.dll+0x42f566]  (no source info available)
V  [jvm.dll+0x87d8fb]  (no source info available)
V  [jvm.dll+0x72efe5]  (no source info available)
C  [ucrtbase.dll+0x37b0]  (no source info available)
C  [KERNEL32.DLL+0x2e8d7]  (no source info available)
C  [ntdll.dll+0x3c34c]  (no source info available)

Lock stack of current Java thread (top to bottom):


---------------  P R O C E S S  ---------------

Threads class SMR info:
_java_thread_list=0x000001538e11d9c0, length=49, elements={
0x00000153a06ade10, 0x00000153ba3af590, 0x00000153ba3b0d30, 0x00000153ba3b3770,
0x00000153ba3b6990, 0x00000153ba3bd940, 0x00000153ba3be080, 0x00000153ba3beba0,
0x00000153ba3fdca0, 0x00000153fce6b570, 0x00000153fd63b640, 0x00000153fd8c52f0,
0x00000153fdb8fb90, 0x00000153fdb902d0, 0x00000153fde739f0, 0x00000153fd618b00,
0x00000153fdec9220, 0x00000153fdec74e0, 0x00000153fdec7c30, 0x00000153fdec8380,
0x00000153fdec9970, 0x00000153fd006d80, 0x00000153fdc630d0, 0x00000153ff5f4070,
0x00000153fdc63820, 0x00000153fdc63f70, 0x00000153fdc62980, 0x00000153fdc60c40,
0x00000153fdc646c0, 0x00000153fdc61ae0, 0x00000153fdc61390, 0x00000153fdc679f0,
0x00000153fdc65560, 0x00000153fdc68140, 0x00000153fdc672a0, 0x00000153fdc64e10,
0x00000153fdc65cb0, 0x00000153fdc66400, 0x00000153fdc66b50, 0x0000015384d679a0,
0x0000015384d696e0, 0x0000015384d68f90, 0x0000015384d69e30, 0x0000015384d6b420,
0x0000015384d680f0, 0x0000015384d6c2c0, 0x0000015384d6a580, 0x0000015384d6ca10,
0x0000015384d6d160
}

Java Threads: ( => current thread )
  0x00000153a06ade10 JavaThread "main"                              [_thread_blocked, id=25692, stack(0x0000003367200000,0x0000003367300000) (1024K)]
  0x00000153ba3af590 JavaThread "Reference Handler"          daemon [_thread_blocked, id=15988, stack(0x0000003367600000,0x0000003367700000) (1024K)]
  0x00000153ba3b0d30 JavaThread "Finalizer"                  daemon [_thread_blocked, id=26932, stack(0x0000003367700000,0x0000003367800000) (1024K)]
  0x00000153ba3b3770 JavaThread "Signal Dispatcher"          daemon [_thread_blocked, id=3616, stack(0x0000003367800000,0x0000003367900000) (1024K)]
  0x00000153ba3b6990 JavaThread "Attach Listener"            daemon [_thread_blocked, id=18368, stack(0x0000003367900000,0x0000003367a00000) (1024K)]
  0x00000153ba3bd940 JavaThread "Service Thread"             daemon [_thread_blocked, id=13504, stack(0x0000003367a00000,0x0000003367b00000) (1024K)]
  0x00000153ba3be080 JavaThread "Monitor Deflation Thread"   daemon [_thread_blocked, id=17504, stack(0x0000003367b00000,0x0000003367c00000) (1024K)]
=>0x00000153ba3beba0 JavaThread "C2 CompilerThread0"         daemon [_thread_in_native, id=25416, stack(0x0000003367c00000,0x0000003367d00000) (1024K)]
  0x00000153ba3fdca0 JavaThread "C1 CompilerThread0"         daemon [_thread_blocked, id=1160, stack(0x0000003367d00000,0x0000003367e00000) (1024K)]
  0x00000153fce6b570 JavaThread "Common-Cleaner"             daemon [_thread_blocked, id=3956, stack(0x0000003367e00000,0x0000003367f00000) (1024K)]
  0x00000153fd63b640 JavaThread "Notification Thread"        daemon [_thread_blocked, id=26152, stack(0x0000003367f00000,0x0000003368000000) (1024K)]
  0x00000153fd8c52f0 JavaThread "Active Thread: Equinox Container: cd45b92a-3edc-4818-a3a8-56b2e67e4716"        [_thread_blocked, id=24208, stack(0x0000003368500000,0x0000003368600000) (1024K)]
  0x00000153fdb8fb90 JavaThread "Framework Event Dispatcher: Equinox Container: cd45b92a-3edc-4818-a3a8-56b2e67e4716" daemon [_thread_blocked, id=23904, stack(0x0000003368600000,0x0000003368700000) (1024K)]
  0x00000153fdb902d0 JavaThread "Start Level: Equinox Container: cd45b92a-3edc-4818-a3a8-56b2e67e4716" daemon [_thread_blocked, id=10820, stack(0x0000003368700000,0x0000003368800000) (1024K)]
  0x00000153fde739f0 JavaThread "Bundle File Closer"         daemon [_thread_blocked, id=3556, stack(0x0000003368a00000,0x0000003368b00000) (1024K)]
  0x00000153fd618b00 JavaThread "SCR Component Actor"        daemon [_thread_blocked, id=23460, stack(0x0000003368000000,0x0000003368100000) (1024K)]
  0x00000153fdec9220 JavaThread "Worker-JM"                         [_thread_blocked, id=23680, stack(0x0000003368c00000,0x0000003368d00000) (1024K)]
  0x00000153fdec74e0 JavaThread "JNA Cleaner"                daemon [_thread_blocked, id=10472, stack(0x0000003368e00000,0x0000003368f00000) (1024K)]
  0x00000153fdec7c30 JavaThread "Worker-0"                          [_thread_blocked, id=11900, stack(0x0000003368f00000,0x0000003369000000) (1024K)]
  0x00000153fdec8380 JavaThread "Worker-1"                          [_thread_blocked, id=26648, stack(0x0000003369000000,0x0000003369100000) (1024K)]
  0x00000153fdec9970 JavaThread "Worker-2"                          [_thread_blocked, id=9232, stack(0x0000003369100000,0x0000003369200000) (1024K)]
  0x00000153fd006d80 JavaThread "C2 CompilerThread1"         daemon [_thread_in_native, id=11888, stack(0x0000003369200000,0x0000003369300000) (1024K)]
  0x00000153fdc630d0 JavaThread "Java indexing"              daemon [_thread_in_Java, id=7884, stack(0x0000003369300000,0x0000003369400000) (1024K)]
  0x00000153ff5f4070 JavaThread "C2 CompilerThread2"         daemon [_thread_in_native, id=8800, stack(0x0000003369400000,0x0000003369500000) (1024K)]
  0x00000153fdc63820 JavaThread "Worker-3"                          [_thread_blocked, id=23656, stack(0x0000003369500000,0x0000003369600000) (1024K)]
  0x00000153fdc63f70 JavaThread "Worker-4"                          [_thread_blocked, id=25496, stack(0x0000003369800000,0x0000003369900000) (1024K)]
  0x00000153fdc62980 JavaThread "Worker-5"                          [_thread_blocked, id=8780, stack(0x0000003369900000,0x0000003369a00000) (1024K)]
  0x00000153fdc60c40 JavaThread "Worker-6: Java indexing... "        [_thread_blocked, id=9388, stack(0x0000003369a00000,0x0000003369b00000) (1024K)]
  0x00000153fdc646c0 JavaThread "Thread-2"                   daemon [_thread_in_native, id=9240, stack(0x0000003369b00000,0x0000003369c00000) (1024K)]
  0x00000153fdc61ae0 JavaThread "Thread-3"                   daemon [_thread_in_native, id=8384, stack(0x0000003369c00000,0x0000003369d00000) (1024K)]
  0x00000153fdc61390 JavaThread "Thread-4"                   daemon [_thread_in_native, id=19524, stack(0x0000003369d00000,0x0000003369e00000) (1024K)]
  0x00000153fdc679f0 JavaThread "Thread-5"                   daemon [_thread_in_native, id=9280, stack(0x0000003369e00000,0x0000003369f00000) (1024K)]
  0x00000153fdc65560 JavaThread "Thread-6"                   daemon [_thread_in_native, id=19512, stack(0x0000003369f00000,0x000000336a000000) (1024K)]
  0x00000153fdc68140 JavaThread "Thread-7"                   daemon [_thread_in_native, id=12012, stack(0x000000336a000000,0x000000336a100000) (1024K)]
  0x00000153fdc672a0 JavaThread "Thread-8"                   daemon [_thread_in_native, id=19580, stack(0x000000336a100000,0x000000336a200000) (1024K)]
  0x00000153fdc64e10 JavaThread "Thread-9"                   daemon [_thread_in_native, id=8360, stack(0x000000336a200000,0x000000336a300000) (1024K)]
  0x00000153fdc65cb0 JavaThread "Thread-10"                  daemon [_thread_in_native, id=24292, stack(0x000000336a300000,0x000000336a400000) (1024K)]
  0x00000153fdc66400 JavaThread "pool-2-thread-1"                   [_thread_blocked, id=24960, stack(0x000000336a400000,0x000000336a500000) (1024K)]
  0x00000153fdc66b50 JavaThread "Worker-7"                          [_thread_blocked, id=26256, stack(0x000000336a500000,0x000000336a600000) (1024K)]
  0x0000015384d679a0 JavaThread "Worker-8: Building"                [_thread_blocked, id=17116, stack(0x000000336a600000,0x000000336a700000) (1024K)]
  0x0000015384d696e0 JavaThread "WorkspaceEventsHandler"            [_thread_blocked, id=26344, stack(0x000000336a700000,0x000000336a800000) (1024K)]
  0x0000015384d68f90 JavaThread "pool-1-thread-1"                   [_thread_in_native, id=16784, stack(0x000000336a800000,0x000000336a900000) (1024K)]
  0x0000015384d69e30 JavaThread "LocalFile Deleter"          daemon [_thread_blocked, id=24552, stack(0x000000336a900000,0x000000336aa00000) (1024K)]
  0x0000015384d6b420 JavaThread "LocalFile Deleter"          daemon [_thread_blocked, id=9972, stack(0x000000336aa00000,0x000000336ab00000) (1024K)]
  0x0000015384d680f0 JavaThread "LocalFile Deleter"          daemon [_thread_blocked, id=4424, stack(0x000000336ab00000,0x000000336ac00000) (1024K)]
  0x0000015384d6c2c0 JavaThread "LocalFile Deleter"          daemon [_thread_blocked, id=6500, stack(0x000000336ac00000,0x000000336ad00000) (1024K)]
  0x0000015384d6a580 JavaThread "LocalFile Deleter"          daemon [_thread_blocked, id=20300, stack(0x000000336ad00000,0x000000336ae00000) (1024K)]
  0x0000015384d6ca10 JavaThread "Compiler Source File Reader" daemon [_thread_blocked, id=4052, stack(0x000000336ae00000,0x000000336af00000) (1024K)]
  0x0000015384d6d160 JavaThread "Compiler Processing Task"   daemon [_thread_in_vm, id=10232, stack(0x000000336af00000,0x000000336b000000) (1024K)]
Total: 49

Other Threads:
  0x00000153a076c460 VMThread "VM Thread"                           [id=13592, stack(0x0000003367500000,0x0000003367600000) (1024K)]
  0x00000153a06d4e20 WatcherThread "VM Periodic Task Thread"        [id=4028, stack(0x0000003367400000,0x0000003367500000) (1024K)]
  0x00000153a06ccd10 WorkerThread "GC Thread#0"                     [id=1728, stack(0x0000003367300000,0x0000003367400000) (1024K)]
  0x00000153fd821060 WorkerThread "GC Thread#1"                     [id=14116, stack(0x0000003368200000,0x0000003368300000) (1024K)]
  0x00000153fd81f300 WorkerThread "GC Thread#2"                     [id=11880, stack(0x0000003368300000,0x0000003368400000) (1024K)]
  0x00000153fd9c03c0 WorkerThread "GC Thread#3"                     [id=9188, stack(0x0000003368400000,0x0000003368500000) (1024K)]
  0x00000153fdad9a80 WorkerThread "GC Thread#4"                     [id=21872, stack(0x0000003368100000,0x0000003368200000) (1024K)]
  0x00000153fdb6bc30 WorkerThread "GC Thread#5"                     [id=3440, stack(0x0000003368900000,0x0000003368a00000) (1024K)]
  0x00000153fdf5f2f0 WorkerThread "GC Thread#6"                     [id=3652, stack(0x0000003368b00000,0x0000003368c00000) (1024K)]
  0x00000153fdfd4560 WorkerThread "GC Thread#7"                     [id=21572, stack(0x0000003368d00000,0x0000003368e00000) (1024K)]
Total: 10

Threads with active compile tasks:
C2 CompilerThread0  15515 7887   !   4       org.eclipse.jdt.internal.core.search.indexing.BinaryIndexer::indexDocument (1168 bytes)
C2 CompilerThread1  15515 8020 %     4       org.lombokweb.asm.ClassReader::readCode @ 2037 (5117 bytes)
C2 CompilerThread2  15516 8068       4       java.lang.invoke.MethodType::makeImpl (155 bytes)
Total: 3

VM state: not at safepoint (normal execution)

VM Mutex/Monitor currently owned by a thread: None

Heap address: 0x0000000080000000, size: 2048 MB, Compressed Oops mode: 32-bit

CDS archive(s) mapped at: [0x00000153bb000000-0x00000153bbd40000-0x00000153bbd40000), size 13893632, SharedBaseAddress: 0x00000153bb000000, ArchiveRelocationMode: 1.
Compressed class space mapped at: 0x00000153bc000000-0x00000153fc000000, reserved size: 1073741824
UseCompressedClassPointers 1, UseCompactObjectHeaders 0
Narrow klass pointer bits 32, Max shift 3
Narrow klass base: 0x00000153bb000000, Narrow klass shift: 0
Encoding Range: [0x00000153bb000000 - 0x00000154bb000000), (4294967296 bytes)
Klass Range:    [0x00000153bb000000 - 0x00000153fc000000), (1090519040 bytes)
Klass ID Range:  [8 - 1090519033) (1090519025)

GC Precious Log:
 CardTable entry size: 512
 CPUs: 8 total, 8 available
 Memory: 7876M
 Large Page Support: Disabled
 NUMA Support: Disabled
 Compressed Oops: Enabled (32-bit)
 Alignments: Space 512K, Generation 512K, Heap 2M
 Heap Min Capacity: 100M
 Heap Initial Capacity: 100M
 Heap Max Capacity: 2G
 Pre-touch: Disabled
 Parallel Workers: 8

Heap:
 PSYoungGen      total 25088K, used 11692K [0x00000000d5580000, 0x00000000d7f00000, 0x0000000100000000)
  eden space 21504K, 37% used [0x00000000d5580000,0x00000000d5d6c798,0x00000000d6a80000)
  from space 3584K, 99% used [0x00000000d7300000,0x00000000d767eb78,0x00000000d7680000)
  to   space 8704K, 0% used [0x00000000d6a80000,0x00000000d6a80000,0x00000000d7300000)
 ParOldGen       total 111104K, used 110877K [0x0000000080000000, 0x0000000086c80000, 0x00000000d5580000)
  object space 111104K, 99% used [0x0000000080000000,0x0000000086c47760,0x0000000086c80000)
 Metaspace       used 53414K, committed 54592K, reserved 1114112K
  class space    used 4816K, committed 5312K, reserved 1048576K

Card table byte_map: [0x00000153a01c0000,0x00000153a05c0000] _byte_map_base: 0x000001539fdc0000

Marking Bits: (ParMarkBitMap*) 0x00007ffb282198a0
 Begin Bits: [0x00000153b8200000, 0x00000153ba200000)

Polling page: 0x000001539e220000

Metaspace:

Usage:
  Non-class:     47.46 MB used.
      Class:      4.70 MB used.
       Both:     52.16 MB used.

Virtual space:
  Non-class space:       64.00 MB reserved,      48.12 MB ( 75%) committed,  1 nodes.
      Class space:        1.00 GB reserved,       5.19 MB ( <1%) committed,  1 nodes.
             Both:        1.06 GB reserved,      53.31 MB (  5%) committed. 

Chunk freelists:
   Non-Class:  15.66 MB
       Class:  10.70 MB
        Both:  26.36 MB

MaxMetaspaceSize: unlimited
CompressedClassSpaceSize: 1.00 GB
Initial GC threshold: 21.00 MB
Current GC threshold: 58.38 MB
CDS: on
 - commit_granule_bytes: 65536.
 - commit_granule_words: 8192.
 - virtual_space_node_default_size: 8388608.
 - enlarge_chunks_in_place: 1.
UseCompressedClassPointers 1, UseCompactObjectHeaders 0
Narrow klass pointer bits 32, Max shift 3
Narrow klass base: 0x00000153bb000000, Narrow klass shift: 0
Encoding Range: [0x00000153bb000000 - 0x00000154bb000000), (4294967296 bytes)
Klass Range:    [0x00000153bb000000 - 0x00000153fc000000), (1090519040 bytes)
Klass ID Range:  [8 - 1090519033) (1090519025)


Internal statistics:

num_allocs_failed_limit: 8.
num_arena_births: 760.
num_arena_deaths: 14.
num_vsnodes_births: 2.
num_vsnodes_deaths: 0.
num_space_committed: 853.
num_space_uncommitted: 0.
num_chunks_returned_to_freelist: 22.
num_chunks_taken_from_freelist: 3170.
num_chunk_merges: 14.
num_chunk_splits: 1948.
num_chunks_enlarged: 1106.
num_inconsistent_stats: 0.

CodeHeap 'non-profiled nmethods': size=120064Kb used=3049Kb max_used=3049Kb free=117014Kb
 bounds [0x00000153b0a10000, 0x00000153b0d10000, 0x00000153b7f50000]
CodeHeap 'profiled nmethods': size=120000Kb used=13292Kb max_used=13292Kb free=106707Kb
 bounds [0x00000153a8f50000, 0x00000153a9c50000, 0x00000153b0480000]
CodeHeap 'non-nmethods': size=5696Kb used=1424Kb max_used=1497Kb free=4271Kb
 bounds [0x00000153b0480000, 0x00000153b06f0000, 0x00000153b0a10000]
CodeCache: size=245760Kb, used=17765Kb, max_used=17838Kb, free=227992Kb
 total_blobs=8236, nmethods=7531, adapters=610, full_count=0
Compilation: enabled, stopped_count=0, restarted_count=0

Compilation events (20 events):
Event: 13.318 Thread 0x00000153ba3fdca0 nmethod 8078 0x00000153a9c0c808 code [0x00000153a9c0c920, 0x00000153a9c0ca58]
Event: 13.318 Thread 0x00000153ba3fdca0 8075       3       lombok.eclipse.EclipseASTAdapter::visitStatement (1 bytes)
Event: 13.318 Thread 0x00000153ba3fdca0 nmethod 8075 0x00000153a9c0cb08 code [0x00000153a9c0cc20, 0x00000153a9c0cd28]
Event: 13.324 Thread 0x00000153ba3fdca0 8079       3       org.eclipse.jdt.internal.compiler.util.CharArrayMap::get (38 bytes)
Event: 13.328 Thread 0x00000153ba3fdca0 nmethod 8079 0x00000153a9c0ce08 code [0x00000153a9c0cf40, 0x00000153a9c0d208]
Event: 13.331 Thread 0x00000153ff5f4070 nmethod 8056 0x00000153b0d06908 code [0x00000153b0d06bc0, 0x00000153b0d07f30]
Event: 13.332 Thread 0x00000153ff5f4070 8068       4       java.lang.invoke.MethodType::makeImpl (155 bytes)
Event: 13.343 Thread 0x00000153ba3fdca0 8080       3       org.eclipse.jdt.internal.compiler.lookup.SplitPackageBinding::rank (28 bytes)
Event: 13.343 Thread 0x00000153ba3fdca0 nmethod 8080 0x00000153a9c0d288 code [0x00000153a9c0d3e0, 0x00000153a9c0d7c0]
Event: 13.347 Thread 0x00000153ba3fdca0 8081       3       org.eclipse.jdt.internal.compiler.lookup.ModuleBinding::completeIfNeeded (53 bytes)
Event: 13.347 Thread 0x00000153ba3fdca0 nmethod 8081 0x00000153a9c0d808 code [0x00000153a9c0d960, 0x00000153a9c0df50]
Event: 13.358 Thread 0x00000153ba3fdca0 8082       3       java.lang.reflect.Field::setAccessible (18 bytes)
Event: 13.358 Thread 0x00000153ba3fdca0 nmethod 8082 0x00000153a9c0e008 code [0x00000153a9c0e140, 0x00000153a9c0e5a8]
Event: 13.360 Thread 0x00000153ba3fdca0 8083       3       java.lang.reflect.Field::checkCanSetAccessible (10 bytes)
Event: 13.361 Thread 0x00000153ba3fdca0 nmethod 8083 0x00000153a9c0e608 code [0x00000153a9c0e720, 0x00000153a9c0e938]
Event: 13.364 Thread 0x00000153ba3fdca0 8084       3       org.eclipse.jdt.internal.compiler.classfmt.MethodInfo::getModifiers (17 bytes)
Event: 13.364 Thread 0x00000153ba3fdca0 nmethod 8084 0x00000153a9c0e988 code [0x00000153a9c0eaa0, 0x00000153a9c0ec20]
Event: 13.364 Thread 0x00000153ba3fdca0 8085       1       org.eclipse.jdt.internal.compiler.lookup.TypeBinding::kind (2 bytes)
Event: 13.364 Thread 0x00000153ba3fdca0 nmethod 8085 0x00000153b0d08088 code [0x00000153b0d08180, 0x00000153b0d08248]
Event: 13.364 Thread 0x00000153ba3fdca0 8086       3       org.eclipse.jdt.core.compiler.CharOperation::splitOn (159 bytes)

GC Heap History (20 events):
Event: 12.030 GC heap before
{Heap before GC invocations=30 (full 2):
 PSYoungGen      total 28160K, used 28139K [0x00000000d5580000, 0x00000000d7d00000, 0x0000000100000000)
  eden space 24064K, 100% used [0x00000000d5580000,0x00000000d6d00000,0x00000000d6d00000)
  from space 4096K, 99% used [0x00000000d6d80000,0x00000000d717ac10,0x00000000d7180000)
  to   space 8192K, 0% used [0x00000000d7500000,0x00000000d7500000,0x00000000d7d00000)
 ParOldGen       total 68608K, used 67923K [0x0000000080000000, 0x0000000084300000, 0x00000000d5580000)
  object space 68608K, 99% used [0x0000000080000000,0x0000000084254d38,0x0000000084300000)
 Metaspace       used 48143K, committed 49344K, reserved 1114112K
  class space    used 4343K, committed 4864K, reserved 1048576K
}
Event: 12.037 GC heap after
{Heap after GC invocations=30 (full 2):
 PSYoungGen      total 28160K, used 4593K [0x00000000d5580000, 0x00000000d7980000, 0x0000000100000000)
  eden space 23552K, 0% used [0x00000000d5580000,0x00000000d5580000,0x00000000d6c80000)
  from space 4608K, 99% used [0x00000000d7500000,0x00000000d797c6a0,0x00000000d7980000)
  to   space 5632K, 0% used [0x00000000d6e80000,0x00000000d6e80000,0x00000000d7400000)
 ParOldGen       total 72192K, used 71883K [0x0000000080000000, 0x0000000084680000, 0x00000000d5580000)
  object space 72192K, 99% used [0x0000000080000000,0x0000000084632d48,0x0000000084680000)
 Metaspace       used 48143K, committed 49344K, reserved 1114112K
  class space    used 4343K, committed 4864K, reserved 1048576K
}
Event: 12.195 GC heap before
{Heap before GC invocations=31 (full 2):
 PSYoungGen      total 28160K, used 28145K [0x00000000d5580000, 0x00000000d7980000, 0x0000000100000000)
  eden space 23552K, 100% used [0x00000000d5580000,0x00000000d6c80000,0x00000000d6c80000)
  from space 4608K, 99% used [0x00000000d7500000,0x00000000d797c6a0,0x00000000d7980000)
  to   space 5632K, 0% used [0x00000000d6e80000,0x00000000d6e80000,0x00000000d7400000)
 ParOldGen       total 72192K, used 71883K [0x0000000080000000, 0x0000000084680000, 0x00000000d5580000)
  object space 72192K, 99% used [0x0000000080000000,0x0000000084632d48,0x0000000084680000)
 Metaspace       used 48866K, committed 50112K, reserved 1114112K
  class space    used 4397K, committed 4928K, reserved 1048576K
}
Event: 12.201 GC heap after
{Heap after GC invocations=31 (full 2):
 PSYoungGen      total 30208K, used 4128K [0x00000000d5580000, 0x00000000d7680000, 0x0000000100000000)
  eden space 25600K, 0% used [0x00000000d5580000,0x00000000d5580000,0x00000000d6e80000)
  from space 4608K, 89% used [0x00000000d6e80000,0x00000000d72881f8,0x00000000d7300000)
  to   space 3584K, 0% used [0x00000000d7300000,0x00000000d7300000,0x00000000d7680000)
 ParOldGen       total 76288K, used 76254K [0x0000000080000000, 0x0000000084a80000, 0x00000000d5580000)
  object space 76288K, 99% used [0x0000000080000000,0x0000000084a77a20,0x0000000084a80000)
 Metaspace       used 48866K, committed 50112K, reserved 1114112K
  class space    used 4397K, committed 4928K, reserved 1048576K
}
Event: 12.416 GC heap before
{Heap before GC invocations=32 (full 2):
 PSYoungGen      total 30208K, used 29728K [0x00000000d5580000, 0x00000000d7680000, 0x0000000100000000)
  eden space 25600K, 100% used [0x00000000d5580000,0x00000000d6e80000,0x00000000d6e80000)
  from space 4608K, 89% used [0x00000000d6e80000,0x00000000d72881f8,0x00000000d7300000)
  to   space 3584K, 0% used [0x00000000d7300000,0x00000000d7300000,0x00000000d7680000)
 ParOldGen       total 76288K, used 76254K [0x0000000080000000, 0x0000000084a80000, 0x00000000d5580000)
  object space 76288K, 99% used [0x0000000080000000,0x0000000084a77a20,0x0000000084a80000)
 Metaspace       used 49647K, committed 50880K, reserved 1114112K
  class space    used 4477K, committed 4992K, reserved 1048576K
}
Event: 12.423 GC heap after
{Heap after GC invocations=32 (full 2):
 PSYoungGen      total 25088K, used 3576K [0x00000000d5580000, 0x00000000d7f00000, 0x0000000100000000)
  eden space 21504K, 0% used [0x00000000d5580000,0x00000000d5580000,0x00000000d6a80000)
  from space 3584K, 99% used [0x00000000d7300000,0x00000000d767e1b8,0x00000000d7680000)
  to   space 8704K, 0% used [0x00000000d6a80000,0x00000000d6a80000,0x00000000d7300000)
 ParOldGen       total 80896K, used 80467K [0x0000000080000000, 0x0000000084f00000, 0x00000000d5580000)
  object space 80896K, 99% used [0x0000000080000000,0x0000000084e94e88,0x0000000084f00000)
 Metaspace       used 49647K, committed 50880K, reserved 1114112K
  class space    used 4477K, committed 4992K, reserved 1048576K
}
Event: 12.524 GC heap before
{Heap before GC invocations=33 (full 2):
 PSYoungGen      total 25088K, used 25080K [0x00000000d5580000, 0x00000000d7f00000, 0x0000000100000000)
  eden space 21504K, 100% used [0x00000000d5580000,0x00000000d6a80000,0x00000000d6a80000)
  from space 3584K, 99% used [0x00000000d7300000,0x00000000d767e1b8,0x00000000d7680000)
  to   space 8704K, 0% used [0x00000000d6a80000,0x00000000d6a80000,0x00000000d7300000)
 ParOldGen       total 80896K, used 80467K [0x0000000080000000, 0x0000000084f00000, 0x00000000d5580000)
  object space 80896K, 99% used [0x0000000080000000,0x0000000084e94e88,0x0000000084f00000)
 Metaspace       used 49861K, committed 51072K, reserved 1114112K
  class space    used 4494K, committed 4992K, reserved 1048576K
}
Event: 12.531 GC heap after
{Heap after GC invocations=33 (full 2):
 PSYoungGen      total 26112K, used 4425K [0x00000000d5580000, 0x00000000d7680000, 0x0000000100000000)
  eden space 21504K, 0% used [0x00000000d5580000,0x00000000d5580000,0x00000000d6a80000)
  from space 4608K, 96% used [0x00000000d6a80000,0x00000000d6ed26b0,0x00000000d6f00000)
  to   space 6144K, 0% used [0x00000000d7080000,0x00000000d7080000,0x00000000d7680000)
 ParOldGen       total 83968K, used 83865K [0x0000000080000000, 0x0000000085200000, 0x00000000d5580000)
  object space 83968K, 99% used [0x0000000080000000,0x00000000851e64e0,0x0000000085200000)
 Metaspace       used 49861K, committed 51072K, reserved 1114112K
  class space    used 4494K, committed 4992K, reserved 1048576K
}
Event: 12.616 GC heap before
{Heap before GC invocations=34 (full 2):
 PSYoungGen      total 26112K, used 25904K [0x00000000d5580000, 0x00000000d7680000, 0x0000000100000000)
  eden space 21504K, 99% used [0x00000000d5580000,0x00000000d6a79d38,0x00000000d6a80000)
  from space 4608K, 96% used [0x00000000d6a80000,0x00000000d6ed26b0,0x00000000d6f00000)
  to   space 6144K, 0% used [0x00000000d7080000,0x00000000d7080000,0x00000000d7680000)
 ParOldGen       total 83968K, used 83865K [0x0000000080000000, 0x0000000085200000, 0x00000000d5580000)
  object space 83968K, 99% used [0x0000000080000000,0x00000000851e64e0,0x0000000085200000)
 Metaspace       used 50057K, committed 51200K, reserved 1114112K
  class space    used 4505K, committed 4992K, reserved 1048576K
}
Event: 12.622 GC heap after
{Heap after GC invocations=34 (full 2):
 PSYoungGen      total 28672K, used 4894K [0x00000000d5580000, 0x00000000d7680000, 0x0000000100000000)
  eden space 22528K, 0% used [0x00000000d5580000,0x00000000d5580000,0x00000000d6b80000)
  from space 6144K, 79% used [0x00000000d7080000,0x00000000d7547988,0x00000000d7680000)
  to   space 5120K, 0% used [0x00000000d6b80000,0x00000000d6b80000,0x00000000d7080000)
 ParOldGen       total 88064K, used 87941K [0x0000000080000000, 0x0000000085600000, 0x00000000d5580000)
  object space 88064K, 99% used [0x0000000080000000,0x00000000855e16c8,0x0000000085600000)
 Metaspace       used 50057K, committed 51200K, reserved 1114112K
  class space    used 4505K, committed 4992K, reserved 1048576K
}
Event: 12.721 GC heap before
{Heap before GC invocations=35 (full 2):
 PSYoungGen      total 28672K, used 27422K [0x00000000d5580000, 0x00000000d7680000, 0x0000000100000000)
  eden space 22528K, 100% used [0x00000000d5580000,0x00000000d6b80000,0x00000000d6b80000)
  from space 6144K, 79% used [0x00000000d7080000,0x00000000d7547988,0x00000000d7680000)
  to   space 5120K, 0% used [0x00000000d6b80000,0x00000000d6b80000,0x00000000d7080000)
 ParOldGen       total 88064K, used 87941K [0x0000000080000000, 0x0000000085600000, 0x00000000d5580000)
  object space 88064K, 99% used [0x0000000080000000,0x00000000855e16c8,0x0000000085600000)
 Metaspace       used 50568K, committed 51712K, reserved 1114112K
  class space    used 4563K, committed 5056K, reserved 1048576K
}
Event: 12.729 GC heap after
{Heap after GC invocations=35 (full 2):
 PSYoungGen      total 27648K, used 4942K [0x00000000d5580000, 0x00000000d7680000, 0x0000000100000000)
  eden space 22528K, 0% used [0x00000000d5580000,0x00000000d5580000,0x00000000d6b80000)
  from space 5120K, 96% used [0x00000000d6b80000,0x00000000d7053800,0x00000000d7080000)
  to   space 5120K, 0% used [0x00000000d7180000,0x00000000d7180000,0x00000000d7680000)
 ParOldGen       total 92672K, used 92417K [0x0000000080000000, 0x0000000085a80000, 0x00000000d5580000)
  object space 92672K, 99% used [0x0000000080000000,0x0000000085a404a0,0x0000000085a80000)
 Metaspace       used 50568K, committed 51712K, reserved 1114112K
  class space    used 4563K, committed 5056K, reserved 1048576K
}
Event: 12.837 GC heap before
{Heap before GC invocations=36 (full 2):
 PSYoungGen      total 27648K, used 27470K [0x00000000d5580000, 0x00000000d7680000, 0x0000000100000000)
  eden space 22528K, 100% used [0x00000000d5580000,0x00000000d6b80000,0x00000000d6b80000)
  from space 5120K, 96% used [0x00000000d6b80000,0x00000000d7053800,0x00000000d7080000)
  to   space 5120K, 0% used [0x00000000d7180000,0x00000000d7180000,0x00000000d7680000)
 ParOldGen       total 92672K, used 92417K [0x0000000080000000, 0x0000000085a80000, 0x00000000d5580000)
  object space 92672K, 99% used [0x0000000080000000,0x0000000085a404a0,0x0000000085a80000)
 Metaspace       used 50906K, committed 52160K, reserved 1114112K
  class space    used 4591K, committed 5120K, reserved 1048576K
}
Event: 12.845 GC heap after
{Heap after GC invocations=36 (full 2):
 PSYoungGen      total 28672K, used 4907K [0x00000000d5580000, 0x00000000d7680000, 0x0000000100000000)
  eden space 23552K, 0% used [0x00000000d5580000,0x00000000d5580000,0x00000000d6c80000)
  from space 5120K, 95% used [0x00000000d7180000,0x00000000d764ae20,0x00000000d7680000)
  to   space 5120K, 0% used [0x00000000d6c80000,0x00000000d6c80000,0x00000000d7180000)
 ParOldGen       total 97280K, used 97090K [0x0000000080000000, 0x0000000085f00000, 0x00000000d5580000)
  object space 97280K, 99% used [0x0000000080000000,0x0000000085ed0af0,0x0000000085f00000)
 Metaspace       used 50906K, committed 52160K, reserved 1114112K
  class space    used 4591K, committed 5120K, reserved 1048576K
}
Event: 12.911 GC heap before
{Heap before GC invocations=37 (full 2):
 PSYoungGen      total 28672K, used 28459K [0x00000000d5580000, 0x00000000d7680000, 0x0000000100000000)
  eden space 23552K, 100% used [0x00000000d5580000,0x00000000d6c80000,0x00000000d6c80000)
  from space 5120K, 95% used [0x00000000d7180000,0x00000000d764ae20,0x00000000d7680000)
  to   space 5120K, 0% used [0x00000000d6c80000,0x00000000d6c80000,0x00000000d7180000)
 ParOldGen       total 97280K, used 97090K [0x0000000080000000, 0x0000000085f00000, 0x00000000d5580000)
  object space 97280K, 99% used [0x0000000080000000,0x0000000085ed0af0,0x0000000085f00000)
 Metaspace       used 50979K, committed 52160K, reserved 1114112K
  class space    used 4596K, committed 5120K, reserved 1048576K
}
Event: 12.916 GC heap after
{Heap after GC invocations=37 (full 2):
 PSYoungGen      total 28672K, used 3993K [0x00000000d5580000, 0x00000000d7680000, 0x0000000100000000)
  eden space 23552K, 0% used [0x00000000d5580000,0x00000000d5580000,0x00000000d6c80000)
  from space 5120K, 78% used [0x00000000d6c80000,0x00000000d70667a0,0x00000000d7180000)
  to   space 4608K, 0% used [0x00000000d7200000,0x00000000d7200000,0x00000000d7680000)
 ParOldGen       total 101888K, used 101756K [0x0000000080000000, 0x0000000086380000, 0x00000000d5580000)
  object space 101888K, 99% used [0x0000000080000000,0x000000008635f368,0x0000000086380000)
 Metaspace       used 50979K, committed 52160K, reserved 1114112K
  class space    used 4596K, committed 5120K, reserved 1048576K
}
Event: 12.966 GC heap before
{Heap before GC invocations=38 (full 2):
 PSYoungGen      total 28672K, used 27545K [0x00000000d5580000, 0x00000000d7680000, 0x0000000100000000)
  eden space 23552K, 100% used [0x00000000d5580000,0x00000000d6c80000,0x00000000d6c80000)
  from space 5120K, 78% used [0x00000000d6c80000,0x00000000d70667a0,0x00000000d7180000)
  to   space 4608K, 0% used [0x00000000d7200000,0x00000000d7200000,0x00000000d7680000)
 ParOldGen       total 101888K, used 101756K [0x0000000080000000, 0x0000000086380000, 0x00000000d5580000)
  object space 101888K, 99% used [0x0000000080000000,0x000000008635f368,0x0000000086380000)
 Metaspace       used 51081K, committed 52288K, reserved 1114112K
  class space    used 4611K, committed 5120K, reserved 1048576K
}
Event: 12.970 GC heap after
{Heap after GC invocations=38 (full 2):
 PSYoungGen      total 30208K, used 2704K [0x00000000d5580000, 0x00000000d7680000, 0x0000000100000000)
  eden space 25600K, 0% used [0x00000000d5580000,0x00000000d5580000,0x00000000d6e80000)
  from space 4608K, 58% used [0x00000000d7200000,0x00000000d74a41e8,0x00000000d7680000)
  to   space 3584K, 0% used [0x00000000d6e80000,0x00000000d6e80000,0x00000000d7200000)
 ParOldGen       total 104960K, used 104715K [0x0000000080000000, 0x0000000086680000, 0x00000000d5580000)
  object space 104960K, 99% used [0x0000000080000000,0x0000000086642c68,0x0000000086680000)
 Metaspace       used 51081K, committed 52288K, reserved 1114112K
  class space    used 4611K, committed 5120K, reserved 1048576K
}
Event: 13.167 GC heap before
{Heap before GC invocations=39 (full 2):
 PSYoungGen      total 30208K, used 28304K [0x00000000d5580000, 0x00000000d7680000, 0x0000000100000000)
  eden space 25600K, 100% used [0x00000000d5580000,0x00000000d6e80000,0x00000000d6e80000)
  from space 4608K, 58% used [0x00000000d7200000,0x00000000d74a41e8,0x00000000d7680000)
  to   space 3584K, 0% used [0x00000000d6e80000,0x00000000d6e80000,0x00000000d7200000)
 ParOldGen       total 104960K, used 104715K [0x0000000080000000, 0x0000000086680000, 0x00000000d5580000)
  object space 104960K, 99% used [0x0000000080000000,0x0000000086642c68,0x0000000086680000)
 Metaspace       used 51870K, committed 53056K, reserved 1114112K
  class space    used 4681K, committed 5184K, reserved 1048576K
}
Event: 13.171 GC heap after
{Heap after GC invocations=39 (full 2):
 PSYoungGen      total 29184K, used 3234K [0x00000000d5580000, 0x00000000d7680000, 0x0000000100000000)
  eden space 25600K, 0% used [0x00000000d5580000,0x00000000d5580000,0x00000000d6e80000)
  from space 3584K, 90% used [0x00000000d6e80000,0x00000000d71a8878,0x00000000d7200000)
  to   space 3584K, 0% used [0x00000000d7300000,0x00000000d7300000,0x00000000d7680000)
 ParOldGen       total 107008K, used 106796K [0x0000000080000000, 0x0000000086880000, 0x00000000d5580000)
  object space 107008K, 99% used [0x0000000080000000,0x000000008684b200,0x0000000086880000)
 Metaspace       used 51870K, committed 53056K, reserved 1114112K
  class space    used 4681K, committed 5184K, reserved 1048576K
}

Dll operation events (11 events):
Event: 0.023 Loaded shared library C:\Program Files\Java\jdk-24\bin\java.dll
Event: 0.069 Loaded shared library C:\Program Files\Java\jdk-24\bin\jsvml.dll
Event: 0.158 Loaded shared library C:\Program Files\Java\jdk-24\bin\zip.dll
Event: 0.163 Loaded shared library C:\Program Files\Java\jdk-24\bin\instrument.dll
Event: 0.169 Loaded shared library C:\Program Files\Java\jdk-24\bin\net.dll
Event: 0.173 Loaded shared library C:\Program Files\Java\jdk-24\bin\nio.dll
Event: 0.178 Loaded shared library C:\Program Files\Java\jdk-24\bin\zip.dll
Event: 0.211 Loaded shared library C:\Program Files\Java\jdk-24\bin\jimage.dll
Event: 0.366 Loaded shared library C:\Program Files\Java\jdk-24\bin\verify.dll
Event: 3.401 Loaded shared library C:\Users\livia\AppData\Roaming\Code\User\globalStorage\redhat.java\1.43.1\config_win\org.eclipse.equinox.launcher\org.eclipse.equinox.launcher.win32.win32.x86_64_1.2.1300.v20250331-1702\eclipse_11911.dll
Event: 5.834 Loaded shared library C:\Users\livia\AppData\Local\Temp\jna-102985073\jna4899954756624245643.dll

Deoptimization events (20 events):
Event: 13.232 Thread 0x0000015384d68f90 DEOPT PACKING pc=0x00000153b0bf2de0 sp=0x000000336a8fe600
Event: 13.232 Thread 0x0000015384d68f90 DEOPT UNPACKING pc=0x00000153b058d482 sp=0x000000336a8fe500 mode 2
Event: 13.232 Thread 0x0000015384d68f90 Uncommon trap: trap_request=0xffffff4d fr.pc=0x00000153b0a525fc relative=0x00000000000000dc
Event: 13.232 Thread 0x0000015384d68f90 Uncommon trap: reason=unstable_if action=reinterpret pc=0x00000153b0a525fc method=com.google.gson.stream.JsonReader.nextString()Ljava/lang/String; @ 6 c2
Event: 13.232 Thread 0x0000015384d68f90 DEOPT PACKING pc=0x00000153b0a525fc sp=0x000000336a8feaa0
Event: 13.232 Thread 0x0000015384d68f90 DEOPT UNPACKING pc=0x00000153b058d482 sp=0x000000336a8fea30 mode 2
Event: 13.232 Thread 0x0000015384d68f90 Uncommon trap: trap_request=0xffffff4d fr.pc=0x00000153b0be0bbc relative=0x000000000000019c
Event: 13.232 Thread 0x0000015384d68f90 Uncommon trap: reason=unstable_if action=reinterpret pc=0x00000153b0be0bbc method=com.google.gson.stream.JsonReader.doPeek()I @ 731 c2
Event: 13.232 Thread 0x0000015384d68f90 DEOPT PACKING pc=0x00000153b0be0bbc sp=0x000000336a8fea80
Event: 13.233 Thread 0x0000015384d68f90 DEOPT UNPACKING pc=0x00000153b058d482 sp=0x000000336a8fea00 mode 2
Event: 13.233 Thread 0x0000015384d68f90 Uncommon trap: trap_request=0xffffff4d fr.pc=0x00000153b0be3dc4 relative=0x00000000000000a4
Event: 13.233 Thread 0x0000015384d68f90 Uncommon trap: reason=unstable_if action=reinterpret pc=0x00000153b0be3dc4 method=com.google.gson.stream.JsonReader.peek()Lcom/google/gson/stream/JsonToken; @ 15 c2
Event: 13.233 Thread 0x0000015384d68f90 DEOPT PACKING pc=0x00000153b0be3dc4 sp=0x000000336a8feab0
Event: 13.233 Thread 0x0000015384d68f90 DEOPT UNPACKING pc=0x00000153b058d482 sp=0x000000336a8fea38 mode 2
Event: 13.245 Thread 0x0000015384d68f90 Uncommon trap: trap_request=0xffffff4d fr.pc=0x00000153b0be254c relative=0x000000000000138c
Event: 13.246 Thread 0x0000015384d68f90 Uncommon trap: reason=unstable_if action=reinterpret pc=0x00000153b0be254c method=com.google.gson.stream.JsonReader.nextQuotedValue(C)Ljava/lang/String; @ 120 c2
Event: 13.246 Thread 0x0000015384d68f90 DEOPT PACKING pc=0x00000153b0be254c sp=0x000000336a8fe4a0
Event: 13.246 Thread 0x0000015384d68f90 DEOPT UNPACKING pc=0x00000153b058d482 sp=0x000000336a8fe488 mode 2
Event: 13.274 Thread 0x0000015384d6d160 DEOPT PACKING pc=0x00000153a9aec617 sp=0x000000336affaf10
Event: 13.274 Thread 0x0000015384d6d160 DEOPT UNPACKING pc=0x00000153b04d4ea2 sp=0x000000336affa430 mode 0

Classes loaded (20 events):
Event: 11.950 Loading class java/util/Vector$1
Event: 11.951 Loading class java/util/Vector$1 done
Event: 12.060 Loading class java/lang/ProcessEnvironment$CheckedKeySet
Event: 12.060 Loading class java/lang/ProcessEnvironment$CheckedKeySet done
Event: 12.360 Loading class java/util/regex/Pattern$Pos
Event: 12.360 Loading class java/util/regex/Pattern$Pos done
Event: 12.391 Loading class sun/security/provider/MD5
Event: 12.392 Loading class sun/security/provider/MD5 done
Event: 12.392 Loading class sun/security/provider/ByteArrayAccess$LE
Event: 12.393 Loading class sun/security/provider/ByteArrayAccess$LE done
Event: 12.564 Loading class java/util/regex/Pattern$Caret
Event: 12.564 Loading class java/util/regex/Pattern$Caret done
Event: 12.682 Loading class java/util/stream/ReduceOps$4
Event: 12.682 Loading class java/util/stream/ReduceOps$4 done
Event: 12.682 Loading class java/util/stream/ReduceOps$4ReducingSink
Event: 12.682 Loading class java/util/stream/ReduceOps$4ReducingSink done
Event: 12.685 Loading class java/nio/file/Files$2
Event: 12.685 Loading class java/nio/file/Files$2 done
Event: 12.770 Loading class java/util/concurrent/ArrayBlockingQueue
Event: 12.770 Loading class java/util/concurrent/ArrayBlockingQueue done

Classes unloaded (7 events):
Event: 8.607 Thread 0x00000153a076c460 Unloading class 0x00000153bc18c400 'java/lang/invoke/LambdaForm$MH+0x00000153bc18c400'
Event: 8.607 Thread 0x00000153a076c460 Unloading class 0x00000153bc18c000 'java/lang/invoke/LambdaForm$MH+0x00000153bc18c000'
Event: 8.607 Thread 0x00000153a076c460 Unloading class 0x00000153bc18bc00 'java/lang/invoke/LambdaForm$MH+0x00000153bc18bc00'
Event: 8.607 Thread 0x00000153a076c460 Unloading class 0x00000153bc18b800 'java/lang/invoke/LambdaForm$MH+0x00000153bc18b800'
Event: 8.607 Thread 0x00000153a076c460 Unloading class 0x00000153bc18b400 'java/lang/invoke/LambdaForm$BMH+0x00000153bc18b400'
Event: 8.607 Thread 0x00000153a076c460 Unloading class 0x00000153bc18b000 'java/lang/invoke/LambdaForm$DMH+0x00000153bc18b000'
Event: 8.607 Thread 0x00000153a076c460 Unloading class 0x00000153bc189c00 'java/lang/invoke/LambdaForm$DMH+0x00000153bc189c00'

Classes redefined (0 events):
No events

Internal exceptions (20 events):
Event: 10.987 Thread 0x0000015384d679a0 Exception <a 'sun/nio/fs/WindowsException'{0x00000000d6880de0}> (0x00000000d6880de0) 
thrown [s\open\src\hotspot\share\prims\jni.cpp, line 518]
Event: 10.987 Thread 0x0000015384d679a0 Exception <a 'sun/nio/fs/WindowsException'{0x00000000d68816c0}> (0x00000000d68816c0) 
thrown [s\open\src\hotspot\share\prims\jni.cpp, line 518]
Event: 10.993 Thread 0x0000015384d679a0 Exception <a 'java/lang/NoSuchMethodError'{0x00000000d69f59a0}: 'int java.lang.invoke.DirectMethodHandle$Holder.invokeStatic(java.lang.Object)'> (0x00000000d69f59a0) 
thrown [s\open\src\hotspot\share\interpreter\linkResolver.cpp, line 805]
Event: 11.032 Thread 0x0000015384d679a0 Exception <a 'java/io/FileNotFoundException'{0x00000000d5ca1e70}> (0x00000000d5ca1e70) 
thrown [s\open\src\hotspot\share\prims\jni.cpp, line 518]
Event: 11.033 Thread 0x0000015384d679a0 Exception <a 'java/io/FileNotFoundException'{0x00000000d5cd3fb0}> (0x00000000d5cd3fb0) 
thrown [s\open\src\hotspot\share\prims\jni.cpp, line 518]
Event: 11.033 Thread 0x0000015384d679a0 Exception <a 'java/io/FileNotFoundException'{0x00000000d5ce8590}> (0x00000000d5ce8590) 
thrown [s\open\src\hotspot\share\prims\jni.cpp, line 518]
Event: 11.033 Thread 0x0000015384d679a0 Exception <a 'java/io/FileNotFoundException'{0x00000000d5ce9898}> (0x00000000d5ce9898) 
thrown [s\open\src\hotspot\share\prims\jni.cpp, line 518]
Event: 11.033 Thread 0x0000015384d679a0 Exception <a 'java/io/FileNotFoundException'{0x00000000d5ceab30}> (0x00000000d5ceab30) 
thrown [s\open\src\hotspot\share\prims\jni.cpp, line 518]
Event: 11.386 Thread 0x0000015384d679a0 Exception <a 'sun/nio/fs/WindowsException'{0x00000000d55ebff0}> (0x00000000d55ebff0) 
thrown [s\open\src\hotspot\share\prims\jni.cpp, line 518]
Event: 11.399 Thread 0x0000015384d69e30 Exception <a 'sun/nio/fs/WindowsException'{0x00000000d568b880}> (0x00000000d568b880) 
thrown [s\open\src\hotspot\share\prims\jni.cpp, line 518]
Event: 11.401 Thread 0x0000015384d69e30 Exception <a 'sun/nio/fs/WindowsException'{0x00000000d5691450}> (0x00000000d5691450) 
thrown [s\open\src\hotspot\share\prims\jni.cpp, line 518]
Event: 11.404 Thread 0x0000015384d6b420 Exception <a 'sun/nio/fs/WindowsException'{0x00000000d56ff758}> (0x00000000d56ff758) 
thrown [s\open\src\hotspot\share\prims\jni.cpp, line 518]
Event: 11.405 Thread 0x0000015384d680f0 Exception <a 'sun/nio/fs/WindowsException'{0x00000000d5723070}> (0x00000000d5723070) 
thrown [s\open\src\hotspot\share\prims\jni.cpp, line 518]
Event: 11.480 Thread 0x00000153fdc62980 Exception <a 'java/lang/ExceptionInInitializerError'{0x00000000d5fc3a68}> (0x00000000d5fc3a68) 
thrown [s\open\src\hotspot\share\oops\instanceKlass.cpp, line 1328]
Event: 11.486 Thread 0x00000153fdc62980 Exception <a 'java/lang/NoSuchMethodError'{0x00000000d607a420}: 'long java.lang.invoke.DelegatingMethodHandle$Holder.reinvoke_L(java.lang.Object, java.lang.Object, java.lang.Object)'> (0x00000000d607a420) 
thrown [s\open\src\hotspot\share\interpreter\linkResolver.cpp, line 805]
Event: 11.541 Thread 0x00000153fdc62980 Implicit null exception at 0x00000153b0b1655d to 0x00000153b0b16760
Event: 11.541 Thread 0x00000153fdc62980 Implicit null exception at 0x00000153b0a9ea87 to 0x00000153b0a9fb8c
Event: 11.546 Thread 0x00000153fdc62980 Exception <a 'java/lang/NoSuchMethodError'{0x00000000d69e83c0}: 'java.lang.Object java.lang.invoke.Invokers$Holder.invokeExact_MT(java.lang.Object, int, java.lang.Object)'> (0x00000000d69e83c0) 
thrown [s\open\src\hotspot\share\interpreter\linkResolver.cpp, line 805]
Event: 12.038 Thread 0x00000153fdc62980 Exception <a 'java/lang/NoClassDefFoundError'{0x00000000d559f6b8}: com/google/inject/servlet/ServletModuleTargetVisitor> (0x00000000d559f6b8) 
thrown [s\open\src\hotspot\share\classfile\systemDictionary.cpp, line 316]
Event: 12.689 Thread 0x0000015384d679a0 Exception <a 'java/lang/NoSuchMethodError'{0x00000000d64e8260}: 'int java.lang.invoke.DirectMethodHandle$Holder.invokeSpecialIFC(java.lang.Object, java.lang.Object, java.lang.Object)'> (0x00000000d64e8260) 
thrown [s\open\src\hotspot\share\interpreter\linkResolver.cpp, line 805]

VM Operations (20 events):
Event: 12.030 Executing VM operation: ParallelCollectForAllocation (Allocation Failure)
Event: 12.037 Executing VM operation: ParallelCollectForAllocation (Allocation Failure) done
Event: 12.195 Executing VM operation: ParallelCollectForAllocation (Allocation Failure)
Event: 12.201 Executing VM operation: ParallelCollectForAllocation (Allocation Failure) done
Event: 12.416 Executing VM operation: ParallelCollectForAllocation (Allocation Failure)
Event: 12.423 Executing VM operation: ParallelCollectForAllocation (Allocation Failure) done
Event: 12.524 Executing VM operation: ParallelCollectForAllocation (Allocation Failure)
Event: 12.531 Executing VM operation: ParallelCollectForAllocation (Allocation Failure) done
Event: 12.616 Executing VM operation: ParallelCollectForAllocation (Allocation Failure)
Event: 12.622 Executing VM operation: ParallelCollectForAllocation (Allocation Failure) done
Event: 12.721 Executing VM operation: ParallelCollectForAllocation (Allocation Failure)
Event: 12.729 Executing VM operation: ParallelCollectForAllocation (Allocation Failure) done
Event: 12.837 Executing VM operation: ParallelCollectForAllocation (Allocation Failure)
Event: 12.845 Executing VM operation: ParallelCollectForAllocation (Allocation Failure) done
Event: 12.911 Executing VM operation: ParallelCollectForAllocation (Allocation Failure)
Event: 12.916 Executing VM operation: ParallelCollectForAllocation (Allocation Failure) done
Event: 12.966 Executing VM operation: ParallelCollectForAllocation (Allocation Failure)
Event: 12.970 Executing VM operation: ParallelCollectForAllocation (Allocation Failure) done
Event: 13.166 Executing VM operation: ParallelCollectForAllocation (Allocation Failure)
Event: 13.171 Executing VM operation: ParallelCollectForAllocation (Allocation Failure) done

Memory protections (0 events):
No events

Nmethod flushes (20 events):
Event: 9.936 Thread 0x00000153a076c460 flushing  nmethod 0x00000153a951c088
Event: 9.936 Thread 0x00000153a076c460 flushing  nmethod 0x00000153a9522d88
Event: 9.936 Thread 0x00000153a076c460 flushing  nmethod 0x00000153a9525c08
Event: 9.936 Thread 0x00000153a076c460 flushing  nmethod 0x00000153a953ad88
Event: 9.936 Thread 0x00000153a076c460 flushing  nmethod 0x00000153a9540688
Event: 9.936 Thread 0x00000153a076c460 flushing  nmethod 0x00000153a9555708
Event: 9.936 Thread 0x00000153a076c460 flushing  nmethod 0x00000153a955d408
Event: 9.936 Thread 0x00000153a076c460 flushing  nmethod 0x00000153a957da08
Event: 9.936 Thread 0x00000153a076c460 flushing  nmethod 0x00000153a9585308
Event: 9.936 Thread 0x00000153a076c460 flushing  nmethod 0x00000153a9585d08
Event: 9.936 Thread 0x00000153a076c460 flushing  nmethod 0x00000153a9586308
Event: 9.936 Thread 0x00000153a076c460 flushing  nmethod 0x00000153a9587888
Event: 9.936 Thread 0x00000153a076c460 flushing  nmethod 0x00000153a9588e08
Event: 9.936 Thread 0x00000153a076c460 flushing  nmethod 0x00000153a9589788
Event: 9.936 Thread 0x00000153a076c460 flushing  nmethod 0x00000153a958a988
Event: 9.936 Thread 0x00000153a076c460 flushing  nmethod 0x00000153a9594a88
Event: 9.936 Thread 0x00000153a076c460 flushing  nmethod 0x00000153a95d4b88
Event: 9.936 Thread 0x00000153a076c460 flushing  nmethod 0x00000153a95d5e08
Event: 9.936 Thread 0x00000153a076c460 flushing  nmethod 0x00000153a95db388
Event: 9.936 Thread 0x00000153a076c460 flushing  nmethod 0x00000153a9673788

Events (20 events):
Event: 9.683 Thread 0x00000153a06ade10 Thread added: 0x00000153fdc61ae0
Event: 9.683 Thread 0x00000153a06ade10 Thread added: 0x00000153fdc61390
Event: 9.683 Thread 0x00000153a06ade10 Thread added: 0x00000153fdc679f0
Event: 9.683 Thread 0x00000153a06ade10 Thread added: 0x00000153fdc65560
Event: 9.683 Thread 0x00000153a06ade10 Thread added: 0x00000153fdc68140
Event: 9.683 Thread 0x00000153a06ade10 Thread added: 0x00000153fdc672a0
Event: 9.683 Thread 0x00000153a06ade10 Thread added: 0x00000153fdc64e10
Event: 9.683 Thread 0x00000153a06ade10 Thread added: 0x00000153fdc65cb0
Event: 9.735 Thread 0x00000153a06ade10 Thread added: 0x00000153fdc66400
Event: 9.813 Thread 0x00000153fdc63f70 Thread added: 0x00000153fdc66b50
Event: 9.827 Thread 0x00000153fdc66b50 Thread added: 0x0000015384d679a0
Event: 10.080 Thread 0x00000153a06ade10 Thread added: 0x0000015384d696e0
Event: 10.080 Thread 0x00000153a06ade10 Thread added: 0x0000015384d68f90
Event: 11.393 Thread 0x0000015384d679a0 Thread added: 0x0000015384d69e30
Event: 11.400 Thread 0x0000015384d69e30 Thread added: 0x0000015384d6b420
Event: 11.404 Thread 0x0000015384d69e30 Thread added: 0x0000015384d680f0
Event: 11.404 Thread 0x0000015384d6b420 Thread added: 0x0000015384d6c2c0
Event: 11.404 Thread 0x0000015384d6b420 Thread added: 0x0000015384d6a580
Event: 11.458 Thread 0x0000015384d679a0 Thread added: 0x0000015384d6ca10
Event: 12.772 Thread 0x0000015384d679a0 Thread added: 0x0000015384d6d160


Dynamic libraries:
0x00007ff66f210000 - 0x00007ff66f220000 	C:\Program Files\Java\jdk-24\bin\java.exe
0x00007ffba7c00000 - 0x00007ffba7e65000 	C:\Windows\SYSTEM32\ntdll.dll
0x00007ffba72b0000 - 0x00007ffba7379000 	C:\Windows\System32\KERNEL32.DLL
0x00007ffba51e0000 - 0x00007ffba55c8000 	C:\Windows\System32\KERNELBASE.dll
0x00007ffba57c0000 - 0x00007ffba590b000 	C:\Windows\System32\ucrtbase.dll
0x00007ffb92d00000 - 0x00007ffb92d16000 	C:\Program Files\Java\jdk-24\bin\jli.dll
0x00007ffb594b0000 - 0x00007ffb594cb000 	C:\Program Files\Java\jdk-24\bin\VCRUNTIME140.dll
0x00007ffba5fb0000 - 0x00007ffba617a000 	C:\Windows\System32\USER32.dll
0x00007ffba4e10000 - 0x00007ffba4e37000 	C:\Windows\System32\win32u.dll
0x00007ffb81060000 - 0x00007ffb812fa000 	C:\Windows\WinSxS\amd64_microsoft.windows.common-controls_6595b64144ccf1df_6.0.26100.4202_none_3e0698d4e335f517\COMCTL32.dll
0x00007ffba7990000 - 0x00007ffba79bb000 	C:\Windows\System32\GDI32.dll
0x00007ffba78d0000 - 0x00007ffba7979000 	C:\Windows\System32\msvcrt.dll
0x00007ffba55d0000 - 0x00007ffba5707000 	C:\Windows\System32\gdi32full.dll
0x00007ffba5710000 - 0x00007ffba57b3000 	C:\Windows\System32\msvcp_win.dll
0x00007ffba7b70000 - 0x00007ffba7ba0000 	C:\Windows\System32\IMM32.DLL
0x00007ffb5ab30000 - 0x00007ffb5ab3c000 	C:\Program Files\Java\jdk-24\bin\vcruntime140_1.dll
0x00007ffb46410000 - 0x00007ffb4649e000 	C:\Program Files\Java\jdk-24\bin\msvcp140.dll
0x00007ffb27550000 - 0x00007ffb282f2000 	C:\Program Files\Java\jdk-24\bin\server\jvm.dll
0x00007ffba6330000 - 0x00007ffba63e3000 	C:\Windows\System32\ADVAPI32.dll
0x00007ffba61b0000 - 0x00007ffba6256000 	C:\Windows\System32\sechost.dll
0x00007ffba75c0000 - 0x00007ffba76d5000 	C:\Windows\System32\RPCRT4.dll
0x00007ffba62b0000 - 0x00007ffba6324000 	C:\Windows\System32\WS2_32.dll
0x00007ffba4ba0000 - 0x00007ffba4bfe000 	C:\Windows\SYSTEM32\POWRPROF.dll
0x00007ffba16d0000 - 0x00007ffba1705000 	C:\Windows\SYSTEM32\WINMM.dll
0x00007ffb93380000 - 0x00007ffb9338b000 	C:\Windows\SYSTEM32\VERSION.dll
0x00007ffba4b80000 - 0x00007ffba4b94000 	C:\Windows\SYSTEM32\UMPDC.dll
0x00007ffba3b10000 - 0x00007ffba3b2b000 	C:\Windows\SYSTEM32\kernel.appcore.dll
0x00007ffb9c850000 - 0x00007ffb9c85a000 	C:\Program Files\Java\jdk-24\bin\jimage.dll
0x00007ffba23e0000 - 0x00007ffba2621000 	C:\Windows\SYSTEM32\DBGHELP.DLL
0x00007ffba5b30000 - 0x00007ffba5eb5000 	C:\Windows\System32\combase.dll
0x00007ffba5ec0000 - 0x00007ffba5fa1000 	C:\Windows\System32\OLEAUT32.dll
0x00007ffb833c0000 - 0x00007ffb833f9000 	C:\Windows\SYSTEM32\dbgcore.DLL
0x00007ffba4fc0000 - 0x00007ffba5059000 	C:\Windows\System32\bcryptPrimitives.dll
0x00007ffb9c840000 - 0x00007ffb9c84f000 	C:\Program Files\Java\jdk-24\bin\instrument.dll
0x00007ffb56120000 - 0x00007ffb5613e000 	C:\Program Files\Java\jdk-24\bin\java.dll
0x00007ffba7380000 - 0x00007ffba751e000 	C:\Windows\System32\ole32.dll
0x00007ffba6a60000 - 0x00007ffba71a2000 	C:\Windows\System32\SHELL32.dll
0x00007ffba5060000 - 0x00007ffba51d4000 	C:\Windows\System32\wintypes.dll
0x00007ffba2980000 - 0x00007ffba31d8000 	C:\Windows\SYSTEM32\windows.storage.dll
0x00007ffba59a0000 - 0x00007ffba5a91000 	C:\Windows\System32\SHCORE.dll
0x00007ffba63f0000 - 0x00007ffba645a000 	C:\Windows\System32\shlwapi.dll
0x00007ffba4c60000 - 0x00007ffba4c8f000 	C:\Windows\SYSTEM32\profapi.dll
0x00007ffb479d0000 - 0x00007ffb47aa7000 	C:\Program Files\Java\jdk-24\bin\jsvml.dll
0x00007ffb54a60000 - 0x00007ffb54a77000 	C:\Program Files\Java\jdk-24\bin\zip.dll
0x00007ffb565e0000 - 0x00007ffb565f0000 	C:\Program Files\Java\jdk-24\bin\net.dll
0x00007ffba4080000 - 0x00007ffba40ea000 	C:\Windows\system32\mswsock.dll
0x00007ffb54a40000 - 0x00007ffb54a56000 	C:\Program Files\Java\jdk-24\bin\nio.dll
0x00007ffb554f0000 - 0x00007ffb55500000 	C:\Program Files\Java\jdk-24\bin\verify.dll
0x00007ffb45de0000 - 0x00007ffb45e25000 	C:\Users\livia\AppData\Roaming\Code\User\globalStorage\redhat.java\1.43.1\config_win\org.eclipse.equinox.launcher\org.eclipse.equinox.launcher.win32.win32.x86_64_1.2.1300.v20250331-1702\eclipse_11911.dll
0x00007ffba4330000 - 0x00007ffba434b000 	C:\Windows\SYSTEM32\CRYPTSP.dll
0x00007ffba3a70000 - 0x00007ffba3aaa000 	C:\Windows\system32\rsaenh.dll
0x00007ffba4120000 - 0x00007ffba414b000 	C:\Windows\SYSTEM32\USERENV.dll
0x00007ffba4c30000 - 0x00007ffba4c56000 	C:\Windows\SYSTEM32\bcrypt.dll
0x00007ffba4350000 - 0x00007ffba435c000 	C:\Windows\SYSTEM32\CRYPTBASE.dll
0x00007ffba3550000 - 0x00007ffba3583000 	C:\Windows\SYSTEM32\IPHLPAPI.DLL
0x00007ffba5aa0000 - 0x00007ffba5aaa000 	C:\Windows\System32\NSI.dll
0x00007ffb45a80000 - 0x00007ffb45ac9000 	C:\Users\livia\AppData\Local\Temp\jna-102985073\jna4899954756624245643.dll
0x00007ffba76e0000 - 0x00007ffba76e8000 	C:\Windows\System32\PSAPI.DLL
0x00007ffb935a0000 - 0x00007ffb936be000 	C:\Windows\SYSTEM32\winhttp.dll
0x00007ffb9a400000 - 0x00007ffb9a41f000 	C:\Windows\SYSTEM32\dhcpcsvc6.DLL
0x00007ffb99f00000 - 0x00007ffb99f25000 	C:\Windows\SYSTEM32\dhcpcsvc.DLL

dbghelp: loaded successfully - version: 4.0.5 - missing functions: none
symbol engine: initialized successfully - sym options: 0x614 - pdb path: .;C:\Program Files\Java\jdk-24\bin;C:\Windows\SYSTEM32;C:\Windows\WinSxS\amd64_microsoft.windows.common-controls_6595b64144ccf1df_6.0.26100.4202_none_3e0698d4e335f517;C:\Program Files\Java\jdk-24\bin\server;C:\Users\livia\AppData\Roaming\Code\User\globalStorage\redhat.java\1.43.1\config_win\org.eclipse.equinox.launcher\org.eclipse.equinox.launcher.win32.win32.x86_64_1.2.1300.v20250331-1702;C:\Users\livia\AppData\Local\Temp\jna-102985073

VM Arguments:
jvm_args: -Djdk.xml.maxGeneralEntitySizeLimit=0 -Djdk.xml.totalEntitySizeLimit=0 --add-modules=ALL-SYSTEM --add-opens=java.base/java.util=ALL-UNNAMED --add-opens=java.base/java.lang=ALL-UNNAMED --add-opens=java.base/sun.nio.fs=ALL-UNNAMED -Declipse.application=org.eclipse.jdt.ls.core.id1 -Dosgi.bundles.defaultStartLevel=4 -Declipse.product=org.eclipse.jdt.ls.core.product -Djava.import.generatesMetadataFilesAtProjectRoot=false -DDetectVMInstallationsJob.disabled=true -Dfile.encoding=utf8 -XX:+UseParallelGC -XX:GCTimeRatio=4 -XX:AdaptiveSizePolicyWeight=90 -Dsun.zip.disableMemoryMapping=true -Xmx2G -Xms100m -Xlog:disable -javaagent:c:\Users\livia\.vscode\extensions\redhat.java-1.43.1-win32-x64\lombok\lombok-1.18.39-4050.jar -XX:+HeapDumpOnOutOfMemoryError -XX:HeapDumpPath=c:\Users\livia\AppData\Roaming\Code\User\workspaceStorage\0b8002b937013c3cf28894f1b3c8ae27\redhat.java -Daether.dependencyCollector.impl=bf 
java_command: c:\Users\livia\.vscode\extensions\redhat.java-1.43.1-win32-x64\server\plugins\org.eclipse.equinox.launcher_1.7.0.v20250519-0528.jar -configuration c:\Users\livia\AppData\Roaming\Code\User\globalStorage\redhat.java\1.43.1\config_win -data c:\Users\livia\AppData\Roaming\Code\User\workspaceStorage\0b8002b937013c3cf28894f1b3c8ae27\redhat.java\jdt_ws --pipe=\\.\pipe\lsp-f77dc703c00029f2a956874688dbaae2-sock
java_class_path (initial): c:\Users\livia\.vscode\extensions\redhat.java-1.43.1-win32-x64\server\plugins\org.eclipse.equinox.launcher_1.7.0.v20250519-0528.jar
Launcher Type: SUN_STANDARD

[Global flags]
     uint AdaptiveSizePolicyWeight                 = 90                                        {product} {command line}
     intx CICompilerCount                          = 4                                         {product} {ergonomic}
     uint GCTimeRatio                              = 4                                         {product} {command line}
     bool HeapDumpOnOutOfMemoryError               = true                                   {manageable} {command line}
    ccstr HeapDumpPath                             = c:\Users\livia\AppData\Roaming\Code\User\workspaceStorage\0b8002b937013c3cf28894f1b3c8ae27\redhat.java         {manageable} {command line}
   size_t InitialHeapSize                          = 104857600                                 {product} {command line}
   size_t MaxHeapSize                              = 2147483648                                {product} {command line}
   size_t MaxNewSize                               = 715653120                                 {product} {ergonomic}
   size_t MinHeapDeltaBytes                        = 524288                                    {product} {ergonomic}
   size_t MinHeapSize                              = 104857600                                 {product} {command line}
   size_t NewSize                                  = 34603008                                  {product} {ergonomic}
    uintx NonNMethodCodeHeapSize                   = 5832704                                {pd product} {ergonomic}
    uintx NonProfiledCodeHeapSize                  = 122945536                              {pd product} {ergonomic}
    uintx ProfiledCodeHeapSize                     = 122880000                              {pd product} {ergonomic}
    uintx ReservedCodeCacheSize                    = 251658240                              {pd product} {ergonomic}
     bool SegmentedCodeCache                       = true                                      {product} {ergonomic}
   size_t SoftMaxHeapSize                          = 2147483648                             {manageable} {ergonomic}
     bool UseCompressedOops                        = true                           {product lp64_product} {ergonomic}
     bool UseLargePagesIndividualAllocation        = false                                  {pd product} {ergonomic}
     bool UseParallelGC                            = true                                      {product} {command line}

Logging:
Log output configuration:
 #0: stdout all=off uptime,level,tags foldmultilines=false
 #1: stderr all=off uptime,level,tags foldmultilines=false

Environment Variables:
PATH=C:\Program Files\Common Files\Oracle\Java\javapath;C:\Windows\system32;C:\Windows;C:\Windows\System32\Wbem;C:\Windows\System32\WindowsPowerShell\v1.0\;C:\Windows\System32\OpenSSH\;C:\Program Files\dotnet\;C:\Program Files\Git\cmd;C:\Program Files\nodejs\;C:\Users\livia\AppData\Local\Microsoft\WindowsApps;C:\Users\livia\AppData\Local\Programs\Microsoft VS Code\bin;C:\Users\livia\AppData\Local\JetBrains\IntelliJ IDEA Community Edition 2024.3.5\bin;;C:\Users\livia\AppData\Roaming\npm
USERNAME=livia
OS=Windows_NT
PROCESSOR_IDENTIFIER=Intel64 Family 6 Model 154 Stepping 4, GenuineIntel
TMP=C:\Users\livia\AppData\Local\Temp
TEMP=C:\Users\livia\AppData\Local\Temp




Periodic native trim disabled

---------------  S Y S T E M  ---------------

OS:
 Windows 11 , 64 bit Build 26100 (10.0.26100.4202)
OS uptime: 0 days 16:53 hours
Hyper-V role detected

CPU: total 8 (initial active 8) (4 cores per cpu, 2 threads per core) family 6 model 154 stepping 4 microcode 0x435, cx8, cmov, fxsr, ht, mmx, 3dnowpref, sse, sse2, sse3, ssse3, sse4.1, sse4.2, popcnt, lzcnt, tsc, tscinvbit, avx, avx2, aes, erms, clmul, bmi1, bmi2, adx, sha, fma, vzeroupper, clflush, clflushopt, clwb, hv, serialize, rdtscp, rdpid, fsrm, gfni, f16c, cet_ibt, cet_ss
Processor Information for the first 8 processors :
  Max Mhz: 1200, Current Mhz: 1200, Mhz Limit: 1200

Memory: 4k page, system-wide physical 7876M (581M free)
TotalPageFile size 32452M (AvailPageFile size 5M)
current process WorkingSet (physical memory assigned to process): 375M, peak: 375M
current process commit charge ("private bytes"): 400M, peak: 400M

vm_info: Java HotSpot(TM) 64-Bit Server VM (24+36-3646) for windows-amd64 JRE (24+36-3646), built on 2025-02-06T00:20:43Z with MS VC++ 17.6 (VS2022)

END.
