#
# There is insufficient memory for the Java Runtime Environment to continue.
# Native memory allocation (malloc) failed to allocate 1048576 bytes. Error detail: AllocateHeap
# Possible reasons:
#   The system is out of physical RAM or swap space
#   This process is running with CompressedOops enabled, and the Java Heap may be blocking the growth of the native heap
# Possible solutions:
#   Reduce memory load on the system
#   Increase physical memory or swap space
#   Check if swap backing store is full
#   Decrease Java heap size (-Xmx/-Xms)
#   Decrease number of Java threads
#   Decrease Java thread stack sizes (-Xss)
#   Set larger code cache with -XX:ReservedCodeCacheSize=
#   JVM is running with Unscaled Compressed Oops mode in which the Java heap is
#     placed in the first 4GB address space. The Java Heap base address is the
#     maximum limit for the native heap growth. Please use -XX:HeapBaseMinAddress
#     to set the Java Heap base and to place the Java Heap above 4GB virtual address.
# This output file may be truncated or incomplete.
#
#  Out of Memory Error (allocation.cpp:44), pid=15304, tid=13852
#
# JRE version: Java(TM) SE Runtime Environment (24.0+36) (build 24+36-3646)
# Java VM: Java HotSpot(TM) 64-Bit Server VM (24+36-3646, mixed mode, sharing, tiered, compressed oops, compressed class ptrs, parallel gc, windows-amd64)
# No core dump will be written. Minidumps are not enabled by default on client versions of Windows
#

---------------  S U M M A R Y ------------

Command Line: -Djdk.xml.maxGeneralEntitySizeLimit=0 -Djdk.xml.totalEntitySizeLimit=0 --add-modules=ALL-SYSTEM --add-opens=java.base/java.util=ALL-UNNAMED --add-opens=java.base/java.lang=ALL-UNNAMED --add-opens=java.base/sun.nio.fs=ALL-UNNAMED -Declipse.application=org.eclipse.jdt.ls.core.id1 -Dosgi.bundles.defaultStartLevel=4 -Declipse.product=org.eclipse.jdt.ls.core.product -Djava.import.generatesMetadataFilesAtProjectRoot=false -DDetectVMInstallationsJob.disabled=true -Dfile.encoding=utf8 -XX:+UseParallelGC -XX:GCTimeRatio=4 -XX:AdaptiveSizePolicyWeight=90 -Dsun.zip.disableMemoryMapping=true -Xmx2G -Xms100m -Xlog:disable -javaagent:c:\Users\livia\.vscode\extensions\redhat.java-1.43.1-win32-x64\lombok\lombok-1.18.39-4050.jar -XX:+HeapDumpOnOutOfMemoryError -XX:HeapDumpPath=c:\Users\livia\AppData\Roaming\Code\User\workspaceStorage\0b8002b937013c3cf28894f1b3c8ae27\redhat.java -Daether.dependencyCollector.impl=bf c:\Users\livia\.vscode\extensions\redhat.java-1.43.1-win32-x64\server\plugins\org.eclipse.equinox.launcher_1.7.0.v20250519-0528.jar -configuration c:\Users\livia\AppData\Roaming\Code\User\globalStorage\redhat.java\1.43.1\config_win -data c:\Users\livia\AppData\Roaming\Code\User\workspaceStorage\0b8002b937013c3cf28894f1b3c8ae27\redhat.java\jdt_ws --pipe=\\.\pipe\lsp-5a74d2618d54ccfa29c7f6c89984e20a-sock

Host: 12th Gen Intel(R) Core(TM) i3-1215U, 8 cores, 7G,  Windows 11 , 64 bit Build 26100 (10.0.26100.4202)
Time: Wed Jul  2 08:59:23 2025 Hora oficial do Brasil elapsed time: 58871.657391 seconds (0d 16h 21m 11s)

---------------  T H R E A D  ---------------

Current thread (0x000001b536a6a780):  JavaThread "Attach Listener" daemon [_thread_in_vm, id=13852, stack(0x000000215ee00000,0x000000215ef00000) (1024K)]

Stack: [0x000000215ee00000,0x000000215ef00000]
Native frames: (J=compiled Java code, j=interpreted, Vv=VM code, C=native code)
V  [jvm.dll+0x7308c9]  (no source info available)
V  [jvm.dll+0x8d9ca3]  (no source info available)
V  [jvm.dll+0x8dc13d]  (no source info available)
V  [jvm.dll+0x8dc7b3]  (no source info available)
V  [jvm.dll+0x2aa046]  (no source info available)
V  [jvm.dll+0xbe977]  (no source info available)
V  [jvm.dll+0x7311df]  (no source info available)
V  [jvm.dll+0x14de16]  (no source info available)
V  [jvm.dll+0x42f566]  (no source info available)
V  [jvm.dll+0x87d8fb]  (no source info available)
V  [jvm.dll+0x72efe5]  (no source info available)
C  [ucrtbase.dll+0x37b0]  (no source info available)
C  [KERNEL32.DLL+0x2e8d7]  (no source info available)
C  [ntdll.dll+0x3c34c]  (no source info available)

Lock stack of current Java thread (top to bottom):


---------------  P R O C E S S  ---------------

Threads class SMR info:
_java_thread_list=0x000001b5021ebf30, length=45, elements={
0x000001b51c5b08c0, 0x000001b536a61fe0, 0x000001b536a65190, 0x000001b536a67a40,
0x000001b536a6a780, 0x000001b536a6efe0, 0x000001b536a6f720, 0x000001b536a72250,
0x000001b57947a3d0, 0x000001b579482b50, 0x000001b5796a2eb0, 0x000001b57e7ef570,
0x000001b57e9395e0, 0x000001b57e93d530, 0x000001b57e4d47d0, 0x000001b57eb24ee0,
0x000001b57e20e8a0, 0x000001b57e20d2b0, 0x000001b57f41ffc0, 0x000001b57f422450,
0x000001b57f420e60, 0x000001b57f421d00, 0x000001b57f420710, 0x000001b57f424190,
0x000001b57f425ed0, 0x000001b57f426620, 0x000001b57f426d70, 0x000001b57f4248e0,
0x000001b57f425030, 0x000001b57f4274c0, 0x000001b57e20c410, 0x000001b5003908a0,
0x000001b500391740, 0x000001b5003925e0, 0x000001b57f7764a0, 0x000001b50cae7a40,
0x000001b50c383ab0, 0x000001b50c384200, 0x000001b50c3824c0, 0x000001b50c384950,
0x000001b50c3850a0, 0x000001b50c381d70, 0x000001b50c3883d0, 0x000001b50c387530,
0x000001b50c386de0
}

Java Threads: ( => current thread )
  0x000001b51c5b08c0 JavaThread "main"                              [_thread_blocked, id=15932, stack(0x000000215e700000,0x000000215e800000) (1024K)]
  0x000001b536a61fe0 JavaThread "Reference Handler"          daemon [_thread_blocked, id=16772, stack(0x000000215eb00000,0x000000215ec00000) (1024K)]
  0x000001b536a65190 JavaThread "Finalizer"                  daemon [_thread_blocked, id=13580, stack(0x000000215ec00000,0x000000215ed00000) (1024K)]
  0x000001b536a67a40 JavaThread "Signal Dispatcher"          daemon [_thread_blocked, id=13748, stack(0x000000215ed00000,0x000000215ee00000) (1024K)]
=>0x000001b536a6a780 JavaThread "Attach Listener"            daemon [_thread_in_vm, id=13852, stack(0x000000215ee00000,0x000000215ef00000) (1024K)]
  0x000001b536a6efe0 JavaThread "Service Thread"             daemon [_thread_blocked, id=3956, stack(0x000000215ef00000,0x000000215f000000) (1024K)]
  0x000001b536a6f720 JavaThread "Monitor Deflation Thread"   daemon [_thread_blocked, id=10320, stack(0x000000215f000000,0x000000215f100000) (1024K)]
  0x000001b536a72250 JavaThread "C2 CompilerThread0"         daemon [_thread_blocked, id=20268, stack(0x000000215f100000,0x000000215f200000) (1024K)]
  0x000001b57947a3d0 JavaThread "C1 CompilerThread0"         daemon [_thread_blocked, id=6184, stack(0x000000215f200000,0x000000215f300000) (1024K)]
  0x000001b579482b50 JavaThread "Common-Cleaner"             daemon [_thread_blocked, id=11740, stack(0x000000215f300000,0x000000215f400000) (1024K)]
  0x000001b5796a2eb0 JavaThread "Notification Thread"        daemon [_thread_blocked, id=21572, stack(0x000000215f400000,0x000000215f500000) (1024K)]
  0x000001b57e7ef570 JavaThread "Active Thread: Equinox Container: e52d30f8-8082-45e2-ae23-d508f33a1a81"        [_thread_blocked, id=21816, stack(0x000000215f800000,0x000000215f900000) (1024K)]
  0x000001b57e9395e0 JavaThread "Framework Event Dispatcher: Equinox Container: e52d30f8-8082-45e2-ae23-d508f33a1a81" daemon [_thread_blocked, id=21844, stack(0x000000215fb00000,0x000000215fc00000) (1024K)]
  0x000001b57e93d530 JavaThread "Start Level: Equinox Container: e52d30f8-8082-45e2-ae23-d508f33a1a81" daemon [_thread_blocked, id=21848, stack(0x000000215fc00000,0x000000215fd00000) (1024K)]
  0x000001b57e4d47d0 JavaThread "Bundle File Closer"         daemon [_thread_blocked, id=21924, stack(0x000000215fd00000,0x000000215fe00000) (1024K)]
  0x000001b57eb24ee0 JavaThread "SCR Component Actor"        daemon [_thread_blocked, id=21940, stack(0x000000215fe00000,0x000000215ff00000) (1024K)]
  0x000001b57e20e8a0 JavaThread "Worker-JM"                         [_thread_blocked, id=21980, stack(0x0000002160100000,0x0000002160200000) (1024K)]
  0x000001b57e20d2b0 JavaThread "JNA Cleaner"                daemon [_thread_blocked, id=22168, stack(0x0000002160300000,0x0000002160400000) (1024K)]
  0x000001b57f41ffc0 JavaThread "Java indexing"              daemon [_thread_blocked, id=2348, stack(0x0000002160900000,0x0000002160a00000) (1024K)]
  0x000001b57f422450 JavaThread "Thread-3"                   daemon [_thread_in_native, id=12320, stack(0x0000002160c00000,0x0000002160d00000) (1024K)]
  0x000001b57f420e60 JavaThread "Thread-4"                   daemon [_thread_in_native, id=12328, stack(0x0000002160d00000,0x0000002160e00000) (1024K)]
  0x000001b57f421d00 JavaThread "Thread-5"                   daemon [_thread_in_native, id=12324, stack(0x0000002160e00000,0x0000002160f00000) (1024K)]
  0x000001b57f420710 JavaThread "Thread-6"                   daemon [_thread_in_native, id=12312, stack(0x0000002160f00000,0x0000002161000000) (1024K)]
  0x000001b57f424190 JavaThread "Thread-7"                   daemon [_thread_in_native, id=12352, stack(0x0000002161000000,0x0000002161100000) (1024K)]
  0x000001b57f425ed0 JavaThread "Thread-8"                   daemon [_thread_in_native, id=12340, stack(0x0000002161100000,0x0000002161200000) (1024K)]
  0x000001b57f426620 JavaThread "Thread-9"                   daemon [_thread_in_native, id=12404, stack(0x0000002161200000,0x0000002161300000) (1024K)]
  0x000001b57f426d70 JavaThread "Thread-10"                  daemon [_thread_in_native, id=12380, stack(0x0000002161300000,0x0000002161400000) (1024K)]
  0x000001b57f4248e0 JavaThread "Thread-11"                  daemon [_thread_in_native, id=12432, stack(0x0000002161400000,0x0000002161500000) (1024K)]
  0x000001b57f425030 JavaThread "pool-2-thread-1"                   [_thread_blocked, id=12332, stack(0x0000002161600000,0x0000002161700000) (1024K)]
  0x000001b57f4274c0 JavaThread "WorkspaceEventsHandler"            [_thread_blocked, id=11492, stack(0x0000002161700000,0x0000002161800000) (1024K)]
  0x000001b57e20c410 JavaThread "pool-1-thread-1"                   [_thread_blocked, id=19276, stack(0x0000002161800000,0x0000002161900000) (1024K)]
  0x000001b5003908a0 JavaThread "Java Debug Server"          daemon [_thread_in_native, id=13572, stack(0x0000002162200000,0x0000002162300000) (1024K)]
  0x000001b500391740 JavaThread "RxSchedulerPurge-1"         daemon [_thread_blocked, id=1896, stack(0x0000002162c00000,0x0000002162d00000) (1024K)]
  0x000001b5003925e0 JavaThread "RxCachedWorkerPoolEvictor-1" daemon [_thread_blocked, id=20904, stack(0x0000002162b00000,0x0000002162c00000) (1024K)]
  0x000001b57f7764a0 JavaThread "Cleaner-0"                  daemon [_thread_blocked, id=22380, stack(0x0000002160700000,0x0000002160800000) (1024K)]
  0x000001b50cae7a40 JavaThread "Worker-74"                         [_thread_blocked, id=27232, stack(0x0000002161500000,0x0000002161600000) (1024K)]
  0x000001b50c383ab0 JavaThread "ForkJoinPool.commonPool-worker-252" daemon [_thread_blocked, id=23984, stack(0x000000215e500000,0x000000215e600000) (1024K)]
  0x000001b50c384200 JavaThread "ForkJoinPool.commonPool-worker-253" daemon [_thread_blocked, id=23836, stack(0x000000215e600000,0x000000215e700000) (1024K)]
  0x000001b50c3824c0 JavaThread "ForkJoinPool.commonPool-worker-254" daemon [_thread_blocked, id=12676, stack(0x000000215ff00000,0x0000002160000000) (1024K)]
  0x000001b50c384950 JavaThread "Worker-80"                         [_thread_blocked, id=3652, stack(0x0000002160400000,0x0000002160500000) (1024K)]
  0x000001b50c3850a0 JavaThread "ForkJoinPool.commonPool-worker-255" daemon [_thread_blocked, id=1732, stack(0x0000002160500000,0x0000002160600000) (1024K)]
  0x000001b50c381d70 JavaThread "ForkJoinPool.commonPool-worker-256" daemon [_thread_blocked, id=21876, stack(0x0000002160600000,0x0000002160700000) (1024K)]
  0x000001b50c3883d0 JavaThread "ForkJoinPool.commonPool-worker-257" daemon [_thread_blocked, id=5668, stack(0x0000002160800000,0x0000002160900000) (1024K)]
  0x000001b50c387530 JavaThread "ForkJoinPool.commonPool-worker-258" daemon [_thread_blocked, id=19076, stack(0x0000002160a00000,0x0000002160b00000) (1024K)]
  0x000001b50c386de0 JavaThread "Worker-82"                         [_thread_blocked, id=9048, stack(0x0000002160b00000,0x0000002160c00000) (1024K)]
Total: 45

Other Threads:
  0x000001b536a542f0 VMThread "VM Thread"                           [id=5532, stack(0x000000215ea00000,0x000000215eb00000) (1024K)]
  0x000001b53698ca00 WatcherThread "VM Periodic Task Thread"        [id=19656, stack(0x000000215e900000,0x000000215ea00000) (1024K)]
  0x000001b51c5cf7c0 WorkerThread "GC Thread#0"                     [id=4252, stack(0x000000215e800000,0x000000215e900000) (1024K)]
  0x000001b57e6cad40 WorkerThread "GC Thread#1"                     [id=21696, stack(0x000000215f500000,0x000000215f600000) (1024K)]
  0x000001b57e63ffe0 WorkerThread "GC Thread#2"                     [id=21700, stack(0x000000215f600000,0x000000215f700000) (1024K)]
  0x000001b57e640390 WorkerThread "GC Thread#3"                     [id=21704, stack(0x000000215f700000,0x000000215f800000) (1024K)]
  0x000001b57e960060 WorkerThread "GC Thread#4"                     [id=21832, stack(0x000000215fa00000,0x000000215fb00000) (1024K)]
  0x000001b57975b470 WorkerThread "GC Thread#5"                     [id=21916, stack(0x000000215f900000,0x000000215fa00000) (1024K)]
  0x000001b57ea7cf60 WorkerThread "GC Thread#6"                     [id=21948, stack(0x0000002160000000,0x0000002160100000) (1024K)]
  0x000001b57f10e820 WorkerThread "GC Thread#7"                     [id=22016, stack(0x0000002160200000,0x0000002160300000) (1024K)]
Total: 10

Threads with active compile tasks:
Total: 0

VM state: not at safepoint (normal execution)

VM Mutex/Monitor currently owned by a thread: None

Heap address: 0x0000000080000000, size: 2048 MB, Compressed Oops mode: 32-bit

CDS archive(s) mapped at: [0x000001b537000000-0x000001b537d40000-0x000001b537d40000), size 13893632, SharedBaseAddress: 0x000001b537000000, ArchiveRelocationMode: 1.
Compressed class space mapped at: 0x000001b538000000-0x000001b578000000, reserved size: 1073741824
UseCompressedClassPointers 1, UseCompactObjectHeaders 0
Narrow klass pointer bits 32, Max shift 3
Narrow klass base: 0x000001b537000000, Narrow klass shift: 0
Encoding Range: [0x000001b537000000 - 0x000001b637000000), (4294967296 bytes)
Klass Range:    [0x000001b537000000 - 0x000001b578000000), (1090519040 bytes)
Klass ID Range:  [8 - 1090519033) (1090519025)

GC Precious Log:
 CardTable entry size: 512
 CPUs: 8 total, 8 available
 Memory: 7876M
 Large Page Support: Disabled
 NUMA Support: Disabled
 Compressed Oops: Enabled (32-bit)
 Alignments: Space 512K, Generation 512K, Heap 2M
 Heap Min Capacity: 100M
 Heap Initial Capacity: 100M
 Heap Max Capacity: 2G
 Pre-touch: Disabled
 Parallel Workers: 8

Heap:
 PSYoungGen      total 30720K, used 28799K [0x00000000d5580000, 0x00000000d7900000, 0x0000000100000000)
  eden space 29184K, 93% used [0x00000000d5580000,0x00000000d7025e30,0x00000000d7200000)
  from space 1536K, 98% used [0x00000000d7280000,0x00000000d73fa100,0x00000000d7400000)
  to   space 3584K, 0% used [0x00000000d7580000,0x00000000d7580000,0x00000000d7900000)
 ParOldGen       total 1067008K, used 1066887K [0x0000000080000000, 0x00000000c1200000, 0x00000000d5580000)
  object space 1067008K, 99% used [0x0000000080000000,0x00000000c11e1cb0,0x00000000c1200000)
 Metaspace       used 105544K, committed 107264K, reserved 1179648K
  class space    used 9214K, committed 10112K, reserved 1048576K

Card table byte_map: [0x000001b534200000,0x000001b534600000] _byte_map_base: 0x000001b533e00000

Marking Bits: (ParMarkBitMap*) 0x00007ffb282198a0
 Begin Bits: [0x000001b5348b0000, 0x000001b5368b0000)

Polling page: 0x000001b51ada0000

Metaspace:

Usage:
  Non-class:     94.07 MB used.
      Class:      9.00 MB used.
       Both:    103.07 MB used.

Virtual space:
  Non-class space:      128.00 MB reserved,      94.88 MB ( 74%) committed,  2 nodes.
      Class space:        1.00 GB reserved,       9.88 MB ( <1%) committed,  1 nodes.
             Both:        1.12 GB reserved,     104.75 MB (  9%) committed. 

Chunk freelists:
   Non-Class:  1.14 MB
       Class:  6.25 MB
        Both:  7.39 MB

MaxMetaspaceSize: unlimited
CompressedClassSpaceSize: 1.00 GB
Initial GC threshold: 21.00 MB
Current GC threshold: 173.75 MB
CDS: on
 - commit_granule_bytes: 65536.
 - commit_granule_words: 8192.
 - virtual_space_node_default_size: 8388608.
 - enlarge_chunks_in_place: 1.
UseCompressedClassPointers 1, UseCompactObjectHeaders 0
Narrow klass pointer bits 32, Max shift 3
Narrow klass base: 0x000001b537000000, Narrow klass shift: 0
Encoding Range: [0x000001b537000000 - 0x000001b637000000), (4294967296 bytes)
Klass Range:    [0x000001b537000000 - 0x000001b578000000), (1090519040 bytes)
Klass ID Range:  [8 - 1090519033) (1090519025)


Internal statistics:

num_allocs_failed_limit: 9.
num_arena_births: 1944.
num_arena_deaths: 330.
num_vsnodes_births: 3.
num_vsnodes_deaths: 0.
num_space_committed: 1718.
num_space_uncommitted: 27.
num_chunks_returned_to_freelist: 530.
num_chunks_taken_from_freelist: 7592.
num_chunk_merges: 145.
num_chunk_splits: 4381.
num_chunks_enlarged: 2408.
num_inconsistent_stats: 0.

CodeHeap 'non-profiled nmethods': size=120064Kb used=28441Kb max_used=32914Kb free=91622Kb
 bounds [0x000001b52cae0000, 0x000001b52eb10000, 0x000001b534020000]
CodeHeap 'profiled nmethods': size=120000Kb used=45421Kb max_used=60193Kb free=74578Kb
 bounds [0x000001b525020000, 0x000001b528af0000, 0x000001b52c550000]
CodeHeap 'non-nmethods': size=5696Kb used=1586Kb max_used=1670Kb free=4109Kb
 bounds [0x000001b52c550000, 0x000001b52c7c0000, 0x000001b52cae0000]
CodeCache: size=245760Kb, used=75448Kb, max_used=94777Kb, free=170309Kb
 total_blobs=24935, nmethods=24047, adapters=790, full_count=0
Compilation: enabled, stopped_count=0, restarted_count=0

Compilation events (20 events):
Event: 58863.896 Thread 0x000001b57947a3d0 nmethod 39920 0x000001b526137a88 code [0x000001b526137ba0, 0x000001b526137d78]
Event: 58863.896 Thread 0x000001b57947a3d0 39921       3       org.eclipse.jdt.core.dom.ASTMatcher::match (59 bytes)
Event: 58863.896 Thread 0x000001b57947a3d0 nmethod 39921 0x000001b525bf6288 code [0x000001b525bf6420, 0x000001b525bf6d78]
Event: 58863.961 Thread 0x000001b536a72250 nmethod 39918 0x000001b52cefbe08 code [0x000001b52cefc2e0, 0x000001b52ceff320]
Event: 58864.376 Thread 0x000001b57947a3d0 39922   !   3       org.eclipse.jdt.internal.compiler.ast.MessageSend::isBoxingCompatibleWith (211 bytes)
Event: 58864.379 Thread 0x000001b57947a3d0 nmethod 39922 0x000001b526791108 code [0x000001b526791380, 0x000001b526792a60]
Event: 58864.410 Thread 0x000001b536a72250 39923       4       org.eclipse.jdt.ls.core.internal.handlers.JDTLanguageServer$$Lambda/0x000001b5386954c0::apply (16 bytes)
Event: 58864.529 Thread 0x000001b536a72250 nmethod 39923 0x000001b52e6e4108 code [0x000001b52e6e4660, 0x000001b52e6e7bd0]
Event: 58866.031 Thread 0x000001b536a72250 39924       4       org.eclipse.jdt.internal.compiler.ast.ClassLiteralAccess::resolveType (217 bytes)
Event: 58866.054 Thread 0x000001b536a72250 nmethod 39924 0x000001b52e423288 code [0x000001b52e4235c0, 0x000001b52e424970]
Event: 58867.663 Thread 0x000001b57947a3d0 39925       3       org.eclipse.jdt.internal.codeassist.SelectionEngine$2::<init> (15 bytes)
Event: 58867.664 Thread 0x000001b57947a3d0 nmethod 39925 0x000001b526d71708 code [0x000001b526d71820, 0x000001b526d719a8]
Event: 58867.664 Thread 0x000001b57947a3d0 39926       3       org.eclipse.jdt.internal.codeassist.SelectionEngine$3::<init> (10 bytes)
Event: 58867.664 Thread 0x000001b57947a3d0 nmethod 39926 0x000001b526287088 code [0x000001b5262871a0, 0x000001b526287380]
Event: 58867.669 Thread 0x000001b57947a3d0 39927       3       org.eclipse.jdt.internal.codeassist.SelectionEngine$2::done (1 bytes)
Event: 58867.669 Thread 0x000001b57947a3d0 nmethod 39927 0x000001b526d8e408 code [0x000001b526d8e520, 0x000001b526d8e628]
Event: 58867.669 Thread 0x000001b57947a3d0 39928       3       org.eclipse.jdt.internal.codeassist.SelectionEngine$SelectionTypeNameMatchRequestorWrapper::acceptNotImported (73 bytes)
Event: 58867.670 Thread 0x000001b57947a3d0 nmethod 39928 0x000001b525d95708 code [0x000001b525d95880, 0x000001b525d95f68]
Event: 58868.274 Thread 0x000001b536a72250 39929       4       org.eclipse.jdt.internal.codeassist.impl.AssistParser::consumeMethodInvocationPrimary (43 bytes)
Event: 58868.285 Thread 0x000001b536a72250 nmethod 39929 0x000001b52def1408 code [0x000001b52def15a0, 0x000001b52def1e08]

GC Heap History (20 events):
Event: 58858.438 GC heap before
{Heap before GC invocations=3101 (full 8):
 PSYoungGen      total 34816K, used 34433K [0x00000000d5580000, 0x00000000d7a80000, 0x0000000100000000)
  eden space 33792K, 98% used [0x00000000d5580000,0x00000000d76233f8,0x00000000d7680000)
  from space 1024K, 98% used [0x00000000d7700000,0x00000000d77fd240,0x00000000d7800000)
  to   space 2048K, 0% used [0x00000000d7880000,0x00000000d7880000,0x00000000d7a80000)
 ParOldGen       total 1052160K, used 1051978K [0x0000000080000000, 0x00000000c0380000, 0x00000000d5580000)
  object space 1052160K, 99% used [0x0000000080000000,0x00000000c0352888,0x00000000c0380000)
 Metaspace       used 105537K, committed 107264K, reserved 1179648K
  class space    used 9214K, committed 10112K, reserved 1048576K
}
Event: 58858.443 GC heap after
{Heap after GC invocations=3101 (full 8):
 PSYoungGen      total 33280K, used 2019K [0x00000000d5580000, 0x00000000d7f00000, 0x0000000100000000)
  eden space 31232K, 0% used [0x00000000d5580000,0x00000000d5580000,0x00000000d7400000)
  from space 2048K, 98% used [0x00000000d7880000,0x00000000d7a78d00,0x00000000d7a80000)
  to   space 4608K, 0% used [0x00000000d7400000,0x00000000d7400000,0x00000000d7880000)
 ParOldGen       total 1054208K, used 1053918K [0x0000000080000000, 0x00000000c0580000, 0x00000000d5580000)
  object space 1054208K, 99% used [0x0000000080000000,0x00000000c0537828,0x00000000c0580000)
 Metaspace       used 105537K, committed 107264K, reserved 1179648K
  class space    used 9214K, committed 10112K, reserved 1048576K
}
Event: 58859.213 GC heap before
{Heap before GC invocations=3102 (full 8):
 PSYoungGen      total 33280K, used 33251K [0x00000000d5580000, 0x00000000d7f00000, 0x0000000100000000)
  eden space 31232K, 100% used [0x00000000d5580000,0x00000000d7400000,0x00000000d7400000)
  from space 2048K, 98% used [0x00000000d7880000,0x00000000d7a78d00,0x00000000d7a80000)
  to   space 4608K, 0% used [0x00000000d7400000,0x00000000d7400000,0x00000000d7880000)
 ParOldGen       total 1054208K, used 1053918K [0x0000000080000000, 0x00000000c0580000, 0x00000000d5580000)
  object space 1054208K, 99% used [0x0000000080000000,0x00000000c0537828,0x00000000c0580000)
 Metaspace       used 105537K, committed 107264K, reserved 1179648K
  class space    used 9214K, committed 10112K, reserved 1048576K
}
Event: 58859.218 GC heap after
{Heap after GC invocations=3102 (full 8):
 PSYoungGen      total 31744K, used 954K [0x00000000d5580000, 0x00000000d7900000, 0x0000000100000000)
  eden space 30720K, 0% used [0x00000000d5580000,0x00000000d5580000,0x00000000d7380000)
  from space 1024K, 93% used [0x00000000d7400000,0x00000000d74ee920,0x00000000d7500000)
  to   space 2048K, 0% used [0x00000000d7700000,0x00000000d7700000,0x00000000d7900000)
 ParOldGen       total 1056256K, used 1055912K [0x0000000080000000, 0x00000000c0780000, 0x00000000d5580000)
  object space 1056256K, 99% used [0x0000000080000000,0x00000000c072a3b0,0x00000000c0780000)
 Metaspace       used 105537K, committed 107264K, reserved 1179648K
  class space    used 9214K, committed 10112K, reserved 1048576K
}
Event: 58860.208 GC heap before
{Heap before GC invocations=3103 (full 8):
 PSYoungGen      total 31744K, used 31674K [0x00000000d5580000, 0x00000000d7900000, 0x0000000100000000)
  eden space 30720K, 100% used [0x00000000d5580000,0x00000000d7380000,0x00000000d7380000)
  from space 1024K, 93% used [0x00000000d7400000,0x00000000d74ee920,0x00000000d7500000)
  to   space 2048K, 0% used [0x00000000d7700000,0x00000000d7700000,0x00000000d7900000)
 ParOldGen       total 1056256K, used 1055912K [0x0000000080000000, 0x00000000c0780000, 0x00000000d5580000)
  object space 1056256K, 99% used [0x0000000080000000,0x00000000c072a3b0,0x00000000c0780000)
 Metaspace       used 105537K, committed 107264K, reserved 1179648K
  class space    used 9214K, committed 10112K, reserved 1048576K
}
Event: 58860.215 GC heap after
{Heap after GC invocations=3103 (full 8):
 PSYoungGen      total 29696K, used 2032K [0x00000000d5580000, 0x00000000d8000000, 0x0000000100000000)
  eden space 27648K, 0% used [0x00000000d5580000,0x00000000d5580000,0x00000000d7080000)
  from space 2048K, 99% used [0x00000000d7700000,0x00000000d78fc030,0x00000000d7900000)
  to   space 6656K, 0% used [0x00000000d7080000,0x00000000d7080000,0x00000000d7700000)
 ParOldGen       total 1059328K, used 1059247K [0x0000000080000000, 0x00000000c0a80000, 0x00000000d5580000)
  object space 1059328K, 99% used [0x0000000080000000,0x00000000c0a6bd18,0x00000000c0a80000)
 Metaspace       used 105537K, committed 107264K, reserved 1179648K
  class space    used 9214K, committed 10112K, reserved 1048576K
}
Event: 58860.977 GC heap before
{Heap before GC invocations=3104 (full 8):
 PSYoungGen      total 29696K, used 29680K [0x00000000d5580000, 0x00000000d8000000, 0x0000000100000000)
  eden space 27648K, 100% used [0x00000000d5580000,0x00000000d7080000,0x00000000d7080000)
  from space 2048K, 99% used [0x00000000d7700000,0x00000000d78fc030,0x00000000d7900000)
  to   space 6656K, 0% used [0x00000000d7080000,0x00000000d7080000,0x00000000d7700000)
 ParOldGen       total 1059328K, used 1059247K [0x0000000080000000, 0x00000000c0a80000, 0x00000000d5580000)
  object space 1059328K, 99% used [0x0000000080000000,0x00000000c0a6bd18,0x00000000c0a80000)
 Metaspace       used 105537K, committed 107264K, reserved 1179648K
  class space    used 9214K, committed 10112K, reserved 1048576K
}
Event: 58860.982 GC heap after
{Heap after GC invocations=3104 (full 8):
 PSYoungGen      total 31744K, used 4343K [0x00000000d5580000, 0x00000000d7a00000, 0x0000000100000000)
  eden space 27136K, 0% used [0x00000000d5580000,0x00000000d5580000,0x00000000d7000000)
  from space 4608K, 94% used [0x00000000d7080000,0x00000000d74bdc20,0x00000000d7500000)
  to   space 5120K, 0% used [0x00000000d7500000,0x00000000d7500000,0x00000000d7a00000)
 ParOldGen       total 1060864K, used 1060358K [0x0000000080000000, 0x00000000c0c00000, 0x00000000d5580000)
  object space 1060864K, 99% used [0x0000000080000000,0x00000000c0b819f0,0x00000000c0c00000)
 Metaspace       used 105537K, committed 107264K, reserved 1179648K
  class space    used 9214K, committed 10112K, reserved 1048576K
}
Event: 58861.566 GC heap before
{Heap before GC invocations=3105 (full 8):
 PSYoungGen      total 31744K, used 31479K [0x00000000d5580000, 0x00000000d7a00000, 0x0000000100000000)
  eden space 27136K, 100% used [0x00000000d5580000,0x00000000d7000000,0x00000000d7000000)
  from space 4608K, 94% used [0x00000000d7080000,0x00000000d74bdc20,0x00000000d7500000)
  to   space 5120K, 0% used [0x00000000d7500000,0x00000000d7500000,0x00000000d7a00000)
 ParOldGen       total 1060864K, used 1060358K [0x0000000080000000, 0x00000000c0c00000, 0x00000000d5580000)
  object space 1060864K, 99% used [0x0000000080000000,0x00000000c0b819f0,0x00000000c0c00000)
 Metaspace       used 105537K, committed 107264K, reserved 1179648K
  class space    used 9214K, committed 10112K, reserved 1048576K
}
Event: 58861.571 GC heap after
{Heap after GC invocations=3105 (full 8):
 PSYoungGen      total 30208K, used 1178K [0x00000000d5580000, 0x00000000d7680000, 0x0000000100000000)
  eden space 28672K, 0% used [0x00000000d5580000,0x00000000d5580000,0x00000000d7180000)
  from space 1536K, 76% used [0x00000000d7500000,0x00000000d7626920,0x00000000d7680000)
  to   space 2560K, 0% used [0x00000000d7180000,0x00000000d7180000,0x00000000d7400000)
 ParOldGen       total 1061888K, used 1061477K [0x0000000080000000, 0x00000000c0d00000, 0x00000000d5580000)
  object space 1061888K, 99% used [0x0000000080000000,0x00000000c0c99730,0x00000000c0d00000)
 Metaspace       used 105537K, committed 107264K, reserved 1179648K
  class space    used 9214K, committed 10112K, reserved 1048576K
}
Event: 58863.979 GC heap before
{Heap before GC invocations=3106 (full 8):
 PSYoungGen      total 30208K, used 29850K [0x00000000d5580000, 0x00000000d7680000, 0x0000000100000000)
  eden space 28672K, 100% used [0x00000000d5580000,0x00000000d7180000,0x00000000d7180000)
  from space 1536K, 76% used [0x00000000d7500000,0x00000000d7626920,0x00000000d7680000)
  to   space 2560K, 0% used [0x00000000d7180000,0x00000000d7180000,0x00000000d7400000)
 ParOldGen       total 1061888K, used 1061477K [0x0000000080000000, 0x00000000c0d00000, 0x00000000d5580000)
  object space 1061888K, 99% used [0x0000000080000000,0x00000000c0c99730,0x00000000c0d00000)
 Metaspace       used 105540K, committed 107264K, reserved 1179648K
  class space    used 9214K, committed 10112K, reserved 1048576K
}
Event: 58863.986 GC heap after
{Heap after GC invocations=3106 (full 8):
 PSYoungGen      total 31232K, used 1124K [0x00000000d5580000, 0x00000000d7680000, 0x0000000100000000)
  eden space 28672K, 0% used [0x00000000d5580000,0x00000000d5580000,0x00000000d7180000)
  from space 2560K, 43% used [0x00000000d7180000,0x00000000d7299230,0x00000000d7400000)
  to   space 1536K, 0% used [0x00000000d7500000,0x00000000d7500000,0x00000000d7680000)
 ParOldGen       total 1061888K, used 1061533K [0x0000000080000000, 0x00000000c0d00000, 0x00000000d5580000)
  object space 1061888K, 99% used [0x0000000080000000,0x00000000c0ca7730,0x00000000c0d00000)
 Metaspace       used 105540K, committed 107264K, reserved 1179648K
  class space    used 9214K, committed 10112K, reserved 1048576K
}
Event: 58865.673 GC heap before
{Heap before GC invocations=3107 (full 8):
 PSYoungGen      total 31232K, used 29796K [0x00000000d5580000, 0x00000000d7680000, 0x0000000100000000)
  eden space 28672K, 100% used [0x00000000d5580000,0x00000000d7180000,0x00000000d7180000)
  from space 2560K, 43% used [0x00000000d7180000,0x00000000d7299230,0x00000000d7400000)
  to   space 1536K, 0% used [0x00000000d7500000,0x00000000d7500000,0x00000000d7680000)
 ParOldGen       total 1061888K, used 1061533K [0x0000000080000000, 0x00000000c0d00000, 0x00000000d5580000)
  object space 1061888K, 99% used [0x0000000080000000,0x00000000c0ca7730,0x00000000c0d00000)
 Metaspace       used 105542K, committed 107264K, reserved 1179648K
  class space    used 9214K, committed 10112K, reserved 1048576K
}
Event: 58865.679 GC heap after
{Heap after GC invocations=3107 (full 8):
 PSYoungGen      total 27648K, used 1512K [0x00000000d5580000, 0x00000000d7d00000, 0x0000000100000000)
  eden space 26112K, 0% used [0x00000000d5580000,0x00000000d5580000,0x00000000d6f00000)
  from space 1536K, 98% used [0x00000000d7500000,0x00000000d767a100,0x00000000d7680000)
  to   space 6144K, 0% used [0x00000000d6f00000,0x00000000d6f00000,0x00000000d7500000)
 ParOldGen       total 1065472K, used 1065227K [0x0000000080000000, 0x00000000c1080000, 0x00000000d5580000)
  object space 1065472K, 99% used [0x0000000080000000,0x00000000c1042f90,0x00000000c1080000)
 Metaspace       used 105542K, committed 107264K, reserved 1179648K
  class space    used 9214K, committed 10112K, reserved 1048576K
}
Event: 58866.024 GC heap before
{Heap before GC invocations=3108 (full 8):
 PSYoungGen      total 27648K, used 27624K [0x00000000d5580000, 0x00000000d7d00000, 0x0000000100000000)
  eden space 26112K, 100% used [0x00000000d5580000,0x00000000d6f00000,0x00000000d6f00000)
  from space 1536K, 98% used [0x00000000d7500000,0x00000000d767a100,0x00000000d7680000)
  to   space 6144K, 0% used [0x00000000d6f00000,0x00000000d6f00000,0x00000000d7500000)
 ParOldGen       total 1065472K, used 1065227K [0x0000000080000000, 0x00000000c1080000, 0x00000000d5580000)
  object space 1065472K, 99% used [0x0000000080000000,0x00000000c1042f90,0x00000000c1080000)
 Metaspace       used 105542K, committed 107264K, reserved 1179648K
  class space    used 9214K, committed 10112K, reserved 1048576K
}
Event: 58866.027 GC heap after
{Heap after GC invocations=3108 (full 8):
 PSYoungGen      total 27136K, used 602K [0x00000000d5580000, 0x00000000d7680000, 0x0000000100000000)
  eden space 26112K, 0% used [0x00000000d5580000,0x00000000d5580000,0x00000000d6f00000)
  from space 1024K, 58% used [0x00000000d6f00000,0x00000000d6f96920,0x00000000d7000000)
  to   space 2560K, 0% used [0x00000000d7400000,0x00000000d7400000,0x00000000d7680000)
 ParOldGen       total 1065984K, used 1065592K [0x0000000080000000, 0x00000000c1100000, 0x00000000d5580000)
  object space 1065984K, 99% used [0x0000000080000000,0x00000000c109e1b0,0x00000000c1100000)
 Metaspace       used 105542K, committed 107264K, reserved 1179648K
  class space    used 9214K, committed 10112K, reserved 1048576K
}
Event: 58867.653 GC heap before
{Heap before GC invocations=3109 (full 8):
 PSYoungGen      total 27136K, used 26714K [0x00000000d5580000, 0x00000000d7680000, 0x0000000100000000)
  eden space 26112K, 100% used [0x00000000d5580000,0x00000000d6f00000,0x00000000d6f00000)
  from space 1024K, 58% used [0x00000000d6f00000,0x00000000d6f96920,0x00000000d7000000)
  to   space 2560K, 0% used [0x00000000d7400000,0x00000000d7400000,0x00000000d7680000)
 ParOldGen       total 1065984K, used 1065592K [0x0000000080000000, 0x00000000c1100000, 0x00000000d5580000)
  object space 1065984K, 99% used [0x0000000080000000,0x00000000c109e1b0,0x00000000c1100000)
 Metaspace       used 105542K, committed 107264K, reserved 1179648K
  class space    used 9214K, committed 10112K, reserved 1048576K
}
Event: 58867.656 GC heap after
{Heap after GC invocations=3109 (full 8):
 PSYoungGen      total 32256K, used 890K [0x00000000d5580000, 0x00000000d7680000, 0x0000000100000000)
  eden space 29696K, 0% used [0x00000000d5580000,0x00000000d5580000,0x00000000d7280000)
  from space 2560K, 34% used [0x00000000d7400000,0x00000000d74de920,0x00000000d7680000)
  to   space 1536K, 0% used [0x00000000d7280000,0x00000000d7280000,0x00000000d7400000)
 ParOldGen       total 1065984K, used 1065600K [0x0000000080000000, 0x00000000c1100000, 0x00000000d5580000)
  object space 1065984K, 99% used [0x0000000080000000,0x00000000c10a01b0,0x00000000c1100000)
 Metaspace       used 105542K, committed 107264K, reserved 1179648K
  class space    used 9214K, committed 10112K, reserved 1048576K
}
Event: 58868.304 GC heap before
{Heap before GC invocations=3110 (full 8):
 PSYoungGen      total 32256K, used 30586K [0x00000000d5580000, 0x00000000d7680000, 0x0000000100000000)
  eden space 29696K, 100% used [0x00000000d5580000,0x00000000d7280000,0x00000000d7280000)
  from space 2560K, 34% used [0x00000000d7400000,0x00000000d74de920,0x00000000d7680000)
  to   space 1536K, 0% used [0x00000000d7280000,0x00000000d7280000,0x00000000d7400000)
 ParOldGen       total 1065984K, used 1065600K [0x0000000080000000, 0x00000000c1100000, 0x00000000d5580000)
  object space 1065984K, 99% used [0x0000000080000000,0x00000000c10a01b0,0x00000000c1100000)
 Metaspace       used 105544K, committed 107264K, reserved 1179648K
  class space    used 9214K, committed 10112K, reserved 1048576K
}
Event: 58868.308 GC heap after
{Heap after GC invocations=3110 (full 8):
 PSYoungGen      total 30720K, used 1512K [0x00000000d5580000, 0x00000000d7900000, 0x0000000100000000)
  eden space 29184K, 0% used [0x00000000d5580000,0x00000000d5580000,0x00000000d7200000)
  from space 1536K, 98% used [0x00000000d7280000,0x00000000d73fa100,0x00000000d7400000)
  to   space 3584K, 0% used [0x00000000d7580000,0x00000000d7580000,0x00000000d7900000)
 ParOldGen       total 1067008K, used 1066887K [0x0000000080000000, 0x00000000c1200000, 0x00000000d5580000)
  object space 1067008K, 99% used [0x0000000080000000,0x00000000c11e1cb0,0x00000000c1200000)
 Metaspace       used 105544K, committed 107264K, reserved 1179648K
  class space    used 9214K, committed 10112K, reserved 1048576K
}

Dll operation events (13 events):
Event: 0.067 Loaded shared library C:\Program Files\Java\jdk-24\bin\java.dll
Event: 0.241 Loaded shared library C:\Program Files\Java\jdk-24\bin\jsvml.dll
Event: 0.420 Loaded shared library C:\Program Files\Java\jdk-24\bin\zip.dll
Event: 0.437 Loaded shared library C:\Program Files\Java\jdk-24\bin\instrument.dll
Event: 0.445 Loaded shared library C:\Program Files\Java\jdk-24\bin\net.dll
Event: 0.451 Loaded shared library C:\Program Files\Java\jdk-24\bin\nio.dll
Event: 0.458 Loaded shared library C:\Program Files\Java\jdk-24\bin\zip.dll
Event: 0.520 Loaded shared library C:\Program Files\Java\jdk-24\bin\jimage.dll
Event: 0.917 Loaded shared library C:\Program Files\Java\jdk-24\bin\verify.dll
Event: 6.081 Loaded shared library C:\Users\livia\AppData\Roaming\Code\User\globalStorage\redhat.java\1.43.1\config_win\org.eclipse.equinox.launcher\org.eclipse.equinox.launcher.win32.win32.x86_64_1.2.1300.v20250331-1702\eclipse_11911.dll
Event: 14.275 Loaded shared library C:\Users\livia\AppData\Local\Temp\jna-102985073\jna8523184227682882590.dll
Event: 110.170 Loaded shared library C:\Program Files\Java\jdk-24\bin\extnet.dll
Event: 2613.503 Loaded shared library C:\Program Files\Java\jdk-24\bin\sunmscapi.dll

Deoptimization events (20 events):
Event: 58852.795 Thread 0x000001b50c381d70 Uncommon trap: trap_request=0xffffffc6 fr.pc=0x000001b52d1fea7c relative=0x00000000000002bc
Event: 58852.795 Thread 0x000001b50c381d70 Uncommon trap: reason=bimorphic_or_optimized_type_check action=maybe_recompile pc=0x000001b52d1fea7c method=org.eclipse.jdt.core.dom.AnnotatableType.getAnnotationsProperty()Lorg/eclipse/jdt/core/dom/ChildListPropertyDescriptor; @ 1 c2
Event: 58852.795 Thread 0x000001b50c381d70 DEOPT PACKING pc=0x000001b52d1fea7c sp=0x00000021606fe490
Event: 58852.795 Thread 0x000001b50c381d70 DEOPT UNPACKING pc=0x000001b52c5c6782 sp=0x00000021606fe3c0 mode 2
Event: 58852.795 Thread 0x000001b50c381d70 Uncommon trap: trap_request=0xffffffc6 fr.pc=0x000001b52d1fea7c relative=0x00000000000002bc
Event: 58852.795 Thread 0x000001b50c381d70 Uncommon trap: reason=bimorphic_or_optimized_type_check action=maybe_recompile pc=0x000001b52d1fea7c method=org.eclipse.jdt.core.dom.AnnotatableType.getAnnotationsProperty()Lorg/eclipse/jdt/core/dom/ChildListPropertyDescriptor; @ 1 c2
Event: 58852.795 Thread 0x000001b50c381d70 DEOPT PACKING pc=0x000001b52d1fea7c sp=0x00000021606fe490
Event: 58852.795 Thread 0x000001b50c381d70 DEOPT UNPACKING pc=0x000001b52c5c6782 sp=0x00000021606fe3c0 mode 2
Event: 58858.360 Thread 0x000001b50c381d70 DEOPT PACKING pc=0x000001b5254557fb sp=0x00000021606fe070
Event: 58858.360 Thread 0x000001b50c381d70 DEOPT UNPACKING pc=0x000001b52c5a4ea2 sp=0x00000021606fd5d0 mode 0
Event: 58858.405 Thread 0x000001b57e20c410 DEOPT PACKING pc=0x000001b5254557fb sp=0x00000021618fe520
Event: 58858.406 Thread 0x000001b57e20c410 DEOPT UNPACKING pc=0x000001b52c5a4ea2 sp=0x00000021618fda80 mode 0
Event: 58858.631 Thread 0x000001b50c3850a0 DEOPT PACKING pc=0x000001b5254557fb sp=0x00000021605fddc0
Event: 58858.631 Thread 0x000001b50c3850a0 DEOPT UNPACKING pc=0x000001b52c5a4ea2 sp=0x00000021605fd320 mode 0
Event: 58859.233 Thread 0x000001b50c383ab0 DEOPT PACKING pc=0x000001b5254557fb sp=0x000000215e5fdc50
Event: 58859.234 Thread 0x000001b50c383ab0 DEOPT UNPACKING pc=0x000001b52c5a4ea2 sp=0x000000215e5fd1b0 mode 0
Event: 58860.218 Thread 0x000001b50c383ab0 DEOPT PACKING pc=0x000001b5254557fb sp=0x000000215e5fdc50
Event: 58860.219 Thread 0x000001b50c383ab0 DEOPT UNPACKING pc=0x000001b52c5a4ea2 sp=0x000000215e5fd1b0 mode 0
Event: 58860.989 Thread 0x000001b50c383ab0 DEOPT PACKING pc=0x000001b5254557fb sp=0x000000215e5fdc50
Event: 58860.990 Thread 0x000001b50c383ab0 DEOPT UNPACKING pc=0x000001b52c5a4ea2 sp=0x000000215e5fd1b0 mode 0

Classes loaded (20 events):
Event: 10255.166 Loading class java/util/stream/LongPipeline
Event: 10255.167 Loading class java/util/stream/LongStream
Event: 10255.168 Loading class java/util/stream/LongStream done
Event: 10255.168 Loading class java/util/stream/LongPipeline done
Event: 10255.169 Loading class java/util/stream/LongPipeline$StatelessOp done
Event: 10255.169 Loading class java/util/stream/ReferencePipeline$5 done
Event: 10255.169 Loading class java/util/stream/FindOps$FindSink$OfLong
Event: 10255.169 Loading class java/util/stream/Sink$OfLong
Event: 10255.170 Loading class java/util/stream/Sink$OfLong done
Event: 10255.170 Loading class java/util/stream/FindOps$FindSink$OfLong done
Event: 10255.175 Loading class java/util/OptionalLong
Event: 10255.175 Loading class java/util/OptionalLong done
Event: 10255.176 Loading class java/util/stream/ReferencePipeline$5$1
Event: 10255.176 Loading class java/util/stream/ReferencePipeline$5$1 done
Event: 10255.177 Loading class java/net/Authenticator$RequestorType
Event: 10255.177 Loading class java/net/Authenticator$RequestorType done
Event: 10255.217 Loading class java/util/LinkedList$LLSpliterator
Event: 10255.218 Loading class java/util/LinkedList$LLSpliterator done
Event: 10297.445 Loading class java/util/concurrent/LinkedBlockingQueue$Itr
Event: 10297.446 Loading class java/util/concurrent/LinkedBlockingQueue$Itr done

Classes unloaded (20 events):
Event: 18685.954 Thread 0x000001b536a542f0 Unloading class 0x000001b538948000 'java/lang/invoke/LambdaForm$MH+0x000001b538948000'
Event: 18685.955 Thread 0x000001b536a542f0 Unloading class 0x000001b53891a400 'java/lang/invoke/LambdaForm$MH+0x000001b53891a400'
Event: 18685.955 Thread 0x000001b536a542f0 Unloading class 0x000001b538931400 'java/lang/invoke/LambdaForm$MH+0x000001b538931400'
Event: 18685.955 Thread 0x000001b536a542f0 Unloading class 0x000001b5388c1800 'java/lang/invoke/LambdaForm$MH+0x000001b5388c1800'
Event: 18685.955 Thread 0x000001b536a542f0 Unloading class 0x000001b5388c0400 'java/lang/invoke/LambdaForm$DMH+0x000001b5388c0400'
Event: 18685.955 Thread 0x000001b536a542f0 Unloading class 0x000001b538851400 'java/lang/invoke/LambdaForm$MH+0x000001b538851400'
Event: 18685.955 Thread 0x000001b536a542f0 Unloading class 0x000001b538851000 'java/lang/invoke/LambdaForm$MH+0x000001b538851000'
Event: 18685.956 Thread 0x000001b536a542f0 Unloading class 0x000001b53856cc00 'java/lang/invoke/LambdaForm$MH+0x000001b53856cc00'
Event: 18685.956 Thread 0x000001b536a542f0 Unloading class 0x000001b53856c800 'java/lang/invoke/LambdaForm$MH+0x000001b53856c800'
Event: 18685.956 Thread 0x000001b536a542f0 Unloading class 0x000001b53856c400 'java/lang/invoke/LambdaForm$MH+0x000001b53856c400'
Event: 18685.956 Thread 0x000001b536a542f0 Unloading class 0x000001b53856c000 'java/lang/invoke/LambdaForm$MH+0x000001b53856c000'
Event: 55296.331 Thread 0x000001b536a542f0 Unloading class 0x000001b5388c1800 'java/lang/invoke/LambdaForm$MH+0x000001b5388c1800'
Event: 55296.332 Thread 0x000001b536a542f0 Unloading class 0x000001b538951c00 'java/lang/invoke/LambdaForm$MH+0x000001b538951c00'
Event: 55296.333 Thread 0x000001b536a542f0 Unloading class 0x000001b538952800 'java/lang/invoke/LambdaForm$MH+0x000001b538952800'
Event: 55296.334 Thread 0x000001b536a542f0 Unloading class 0x000001b5389ac400 'java/lang/invoke/LambdaForm$MH+0x000001b5389ac400'
Event: 55296.334 Thread 0x000001b536a542f0 Unloading class 0x000001b5389f0800 'java/lang/invoke/LambdaForm$MH+0x000001b5389f0800'
Event: 55296.334 Thread 0x000001b536a542f0 Unloading class 0x000001b5389f0400 'java/lang/invoke/LambdaForm$MH+0x000001b5389f0400'
Event: 55296.334 Thread 0x000001b536a542f0 Unloading class 0x000001b5389ecc00 'java/lang/invoke/LambdaForm$MH+0x000001b5389ecc00'
Event: 55296.334 Thread 0x000001b536a542f0 Unloading class 0x000001b5389ec800 'java/lang/invoke/LambdaForm$MH+0x000001b5389ec800'
Event: 55296.334 Thread 0x000001b536a542f0 Unloading class 0x000001b5389ec400 'java/lang/invoke/LambdaForm$MH+0x000001b5389ec400'

Classes redefined (0 events):
No events

Internal exceptions (20 events):
Event: 58620.425 Thread 0x000001b50c3824c0 Exception <a 'java/lang/ClassNotFoundException'{0x00000000d57e64e0}: sun/net/www/protocol/jdt/Handler> (0x00000000d57e64e0) 
thrown [s\open\src\hotspot\share\classfile\systemDictionary.cpp, line 327]
Event: 58620.425 Thread 0x000001b50c3824c0 Exception <a 'java/lang/ClassNotFoundException'{0x00000000d57e9048}: sun/net/www/protocol/jdt/Handler> (0x00000000d57e9048) 
thrown [s\open\src\hotspot\share\classfile\systemDictionary.cpp, line 327]
Event: 58620.663 Thread 0x000001b50c3824c0 Exception <a 'java/lang/ClassNotFoundException'{0x00000000d6626d18}: sun/net/www/protocol/jdt/Handler> (0x00000000d6626d18) 
thrown [s\open\src\hotspot\share\classfile\systemDictionary.cpp, line 327]
Event: 58620.663 Thread 0x000001b50c3824c0 Exception <a 'java/lang/ClassNotFoundException'{0x00000000d6629880}: sun/net/www/protocol/jdt/Handler> (0x00000000d6629880) 
thrown [s\open\src\hotspot\share\classfile\systemDictionary.cpp, line 327]
Event: 58665.317 Thread 0x000001b50c381d70 Exception <a 'java/lang/ClassNotFoundException'{0x00000000d68aac90}: sun/net/www/protocol/jdt/Handler> (0x00000000d68aac90) 
thrown [s\open\src\hotspot\share\classfile\systemDictionary.cpp, line 327]
Event: 58665.317 Thread 0x000001b50c381d70 Exception <a 'java/lang/ClassNotFoundException'{0x00000000d68ad7f8}: sun/net/www/protocol/jdt/Handler> (0x00000000d68ad7f8) 
thrown [s\open\src\hotspot\share\classfile\systemDictionary.cpp, line 327]
Event: 58703.486 Thread 0x000001b50c381d70 Implicit null exception at 0x000001b52e1973be to 0x000001b52e19b3dc
Event: 58703.813 Thread 0x000001b50c387c80 Exception <a 'java/lang/ClassNotFoundException'{0x00000000d6a969d8}: sun/net/www/protocol/jdt/Handler> (0x00000000d6a969d8) 
thrown [s\open\src\hotspot\share\classfile\systemDictionary.cpp, line 327]
Event: 58703.813 Thread 0x000001b50c387c80 Exception <a 'java/lang/ClassNotFoundException'{0x00000000d6a98830}: sun/net/www/protocol/jdt/Handler> (0x00000000d6a98830) 
thrown [s\open\src\hotspot\share\classfile\systemDictionary.cpp, line 327]
Event: 58711.702 Thread 0x000001b50c387c80 Exception <a 'java/lang/ClassNotFoundException'{0x00000000d631b510}: sun/net/www/protocol/jdt/Handler> (0x00000000d631b510) 
thrown [s\open\src\hotspot\share\classfile\systemDictionary.cpp, line 327]
Event: 58711.702 Thread 0x000001b50c387c80 Exception <a 'java/lang/ClassNotFoundException'{0x00000000d63304a0}: sun/net/www/protocol/jdt/Handler> (0x00000000d63304a0) 
thrown [s\open\src\hotspot\share\classfile\systemDictionary.cpp, line 327]
Event: 58756.088 Thread 0x000001b50c3883d0 Exception <a 'java/lang/ClassNotFoundException'{0x00000000d5f0f160}: sun/net/www/protocol/jdt/Handler> (0x00000000d5f0f160) 
thrown [s\open\src\hotspot\share\classfile\systemDictionary.cpp, line 327]
Event: 58756.088 Thread 0x000001b50c3883d0 Exception <a 'java/lang/ClassNotFoundException'{0x00000000d5f143f0}: sun/net/www/protocol/jdt/Handler> (0x00000000d5f143f0) 
thrown [s\open\src\hotspot\share\classfile\systemDictionary.cpp, line 327]
Event: 58838.983 Thread 0x000001b50c3850a0 Implicit null exception at 0x000001b52e976b91 to 0x000001b52e977820
Event: 58838.984 Thread 0x000001b50c3850a0 Implicit null exception at 0x000001b52eac48ee to 0x000001b52eac4b70
Event: 58838.985 Thread 0x000001b50c3850a0 Implicit null exception at 0x000001b52e976b91 to 0x000001b52e977820
Event: 58838.986 Thread 0x000001b50c3850a0 Implicit null exception at 0x000001b52e976b91 to 0x000001b52e977820
Event: 58839.160 Thread 0x000001b50c3850a0 Implicit null exception at 0x000001b52e976b91 to 0x000001b52e977820
Event: 58852.805 Thread 0x000001b50c381d70 Implicit null exception at 0x000001b526823b67 to 0x000001b526823f8d
Event: 58852.805 Thread 0x000001b50c381d70 Exception <a 'java/lang/NullPointerException'{0x00000000d5dde458}> (0x00000000d5dde458) 
thrown [s\open\src\hotspot\share\runtime\sharedRuntime.cpp, line 678]

VM Operations (20 events):
Event: 58860.208 Executing VM operation: ParallelCollectForAllocation (Allocation Failure)
Event: 58860.215 Executing VM operation: ParallelCollectForAllocation (Allocation Failure) done
Event: 58860.977 Executing VM operation: ParallelCollectForAllocation (Allocation Failure)
Event: 58860.982 Executing VM operation: ParallelCollectForAllocation (Allocation Failure) done
Event: 58861.418 Executing VM operation: HandshakeAllThreads (HandshakeForDeflation)
Event: 58861.418 Executing VM operation: HandshakeAllThreads (HandshakeForDeflation) done
Event: 58861.418 Executing VM operation: RendezvousGCThreads
Event: 58861.418 Executing VM operation: RendezvousGCThreads done
Event: 58861.566 Executing VM operation: ParallelCollectForAllocation (Allocation Failure)
Event: 58861.572 Executing VM operation: ParallelCollectForAllocation (Allocation Failure) done
Event: 58863.979 Executing VM operation: ParallelCollectForAllocation (Allocation Failure)
Event: 58863.987 Executing VM operation: ParallelCollectForAllocation (Allocation Failure) done
Event: 58865.673 Executing VM operation: ParallelCollectForAllocation (Allocation Failure)
Event: 58865.679 Executing VM operation: ParallelCollectForAllocation (Allocation Failure) done
Event: 58866.024 Executing VM operation: ParallelCollectForAllocation (Allocation Failure)
Event: 58866.027 Executing VM operation: ParallelCollectForAllocation (Allocation Failure) done
Event: 58867.653 Executing VM operation: ParallelCollectForAllocation (Allocation Failure)
Event: 58867.656 Executing VM operation: ParallelCollectForAllocation (Allocation Failure) done
Event: 58868.304 Executing VM operation: ParallelCollectForAllocation (Allocation Failure)
Event: 58868.308 Executing VM operation: ParallelCollectForAllocation (Allocation Failure) done

Memory protections (0 events):
No events

Nmethod flushes (20 events):
Event: 55299.631 Thread 0x000001b536a542f0 flushing  nmethod 0x000001b52888fb88
Event: 55299.631 Thread 0x000001b536a542f0 flushing  nmethod 0x000001b5288b4088
Event: 55299.631 Thread 0x000001b536a542f0 flushing  nmethod 0x000001b5288c5208
Event: 55299.631 Thread 0x000001b536a542f0 flushing  nmethod 0x000001b5288c9788
Event: 55299.632 Thread 0x000001b536a542f0 flushing  nmethod 0x000001b528919188
Event: 55299.632 Thread 0x000001b536a542f0 flushing  nmethod 0x000001b528934e08
Event: 55299.632 Thread 0x000001b536a542f0 flushing  nmethod 0x000001b528935788
Event: 55299.632 Thread 0x000001b536a542f0 flushing  nmethod 0x000001b528935b88
Event: 55299.632 Thread 0x000001b536a542f0 flushing  nmethod 0x000001b528936308
Event: 55299.632 Thread 0x000001b536a542f0 flushing  nmethod 0x000001b528937288
Event: 55299.632 Thread 0x000001b536a542f0 flushing  nmethod 0x000001b52894a408
Event: 55299.632 Thread 0x000001b536a542f0 flushing  nmethod 0x000001b528961d88
Event: 55299.632 Thread 0x000001b536a542f0 flushing  nmethod 0x000001b528962388
Event: 55299.632 Thread 0x000001b536a542f0 flushing  nmethod 0x000001b528964488
Event: 55299.632 Thread 0x000001b536a542f0 flushing  nmethod 0x000001b528964f88
Event: 55299.632 Thread 0x000001b536a542f0 flushing  nmethod 0x000001b528966f08
Event: 55299.633 Thread 0x000001b536a542f0 flushing  nmethod 0x000001b528968888
Event: 55299.633 Thread 0x000001b536a542f0 flushing  nmethod 0x000001b528988388
Event: 55299.633 Thread 0x000001b536a542f0 flushing  nmethod 0x000001b5289a1988
Event: 55299.633 Thread 0x000001b536a542f0 flushing  nmethod 0x000001b5289e2a08

Events (20 events):
Event: 58400.194 Thread 0x000001b50c383ab0 Thread added: 0x000001b50c3824c0
Event: 58435.352 Thread 0x000001b50c388b20 Thread added: 0x000001b50c384950
Event: 58435.705 Thread 0x000001b50c384200 Thread added: 0x000001b50c3850a0
Event: 58435.706 Thread 0x000001b50c383ab0 Thread added: 0x000001b50c381d70
Event: 58435.706 Thread 0x000001b50c3850a0 Thread added: 0x000001b50c3883d0
Event: 58435.707 Thread 0x000001b50c3883d0 Thread added: 0x000001b50c387530
Event: 58467.170 Thread 0x000001b57e20c410 Thread added: 0x000001b50c389270
Event: 58521.444 Thread 0x000001b50c388b20 Thread added: 0x000001b50c387c80
Event: 58521.448 Thread 0x000001b50c387c80 Thread exited: 0x000001b50c387c80
Event: 58521.534 Thread 0x000001b50c386de0 Thread exited: 0x000001b50c386de0
Event: 58523.060 Thread 0x000001b50c385f40 Thread exited: 0x000001b50c385f40
Event: 58527.173 Thread 0x000001b50c389270 Thread exited: 0x000001b50c389270
Event: 58602.861 Thread 0x000001b57e20c410 Thread added: 0x000001b50c387c80
Event: 58604.634 Thread 0x000001b50c388b20 Thread exited: 0x000001b50c388b20
Event: 58635.078 Thread 0x000001b50cae7a40 Thread added: 0x000001b50c389270
Event: 58662.865 Thread 0x000001b50c387c80 Thread exited: 0x000001b50c387c80
Event: 58702.001 Thread 0x000001b50c389270 Thread exited: 0x000001b50c389270
Event: 58703.808 Thread 0x000001b57e20c410 Thread added: 0x000001b50c387c80
Event: 58771.703 Thread 0x000001b50c387c80 Thread exited: 0x000001b50c387c80
Event: 58785.938 Thread 0x000001b50c384950 Thread added: 0x000001b50c386de0


Dynamic libraries:
0x00007ff66f210000 - 0x00007ff66f220000 	C:\Program Files\Java\jdk-24\bin\java.exe
0x00007ffba7c00000 - 0x00007ffba7e65000 	C:\Windows\SYSTEM32\ntdll.dll
0x00007ffba72b0000 - 0x00007ffba7379000 	C:\Windows\System32\KERNEL32.DLL
0x00007ffba51e0000 - 0x00007ffba55c8000 	C:\Windows\System32\KERNELBASE.dll
0x00007ffba57c0000 - 0x00007ffba590b000 	C:\Windows\System32\ucrtbase.dll
0x00007ffb92d00000 - 0x00007ffb92d16000 	C:\Program Files\Java\jdk-24\bin\jli.dll
0x00007ffba5fb0000 - 0x00007ffba617a000 	C:\Windows\System32\USER32.dll
0x00007ffba4e10000 - 0x00007ffba4e37000 	C:\Windows\System32\win32u.dll
0x00007ffba7990000 - 0x00007ffba79bb000 	C:\Windows\System32\GDI32.dll
0x00007ffba55d0000 - 0x00007ffba5707000 	C:\Windows\System32\gdi32full.dll
0x00007ffba5710000 - 0x00007ffba57b3000 	C:\Windows\System32\msvcp_win.dll
0x00007ffb594b0000 - 0x00007ffb594cb000 	C:\Program Files\Java\jdk-24\bin\VCRUNTIME140.dll
0x00007ffb81060000 - 0x00007ffb812fa000 	C:\Windows\WinSxS\amd64_microsoft.windows.common-controls_6595b64144ccf1df_6.0.26100.4202_none_3e0698d4e335f517\COMCTL32.dll
0x00007ffba78d0000 - 0x00007ffba7979000 	C:\Windows\System32\msvcrt.dll
0x00007ffba7b70000 - 0x00007ffba7ba0000 	C:\Windows\System32\IMM32.DLL
0x00007ffb5ab30000 - 0x00007ffb5ab3c000 	C:\Program Files\Java\jdk-24\bin\vcruntime140_1.dll
0x00007ffb46410000 - 0x00007ffb4649e000 	C:\Program Files\Java\jdk-24\bin\msvcp140.dll
0x00007ffb27550000 - 0x00007ffb282f2000 	C:\Program Files\Java\jdk-24\bin\server\jvm.dll
0x00007ffba6330000 - 0x00007ffba63e3000 	C:\Windows\System32\ADVAPI32.dll
0x00007ffba61b0000 - 0x00007ffba6256000 	C:\Windows\System32\sechost.dll
0x00007ffba75c0000 - 0x00007ffba76d5000 	C:\Windows\System32\RPCRT4.dll
0x00007ffba62b0000 - 0x00007ffba6324000 	C:\Windows\System32\WS2_32.dll
0x00007ffba4ba0000 - 0x00007ffba4bfe000 	C:\Windows\SYSTEM32\POWRPROF.dll
0x00007ffba16d0000 - 0x00007ffba1705000 	C:\Windows\SYSTEM32\WINMM.dll
0x00007ffb93380000 - 0x00007ffb9338b000 	C:\Windows\SYSTEM32\VERSION.dll
0x00007ffba4b80000 - 0x00007ffba4b94000 	C:\Windows\SYSTEM32\UMPDC.dll
0x00007ffba3b10000 - 0x00007ffba3b2b000 	C:\Windows\SYSTEM32\kernel.appcore.dll
0x00007ffb9c850000 - 0x00007ffb9c85a000 	C:\Program Files\Java\jdk-24\bin\jimage.dll
0x00007ffba23e0000 - 0x00007ffba2621000 	C:\Windows\SYSTEM32\DBGHELP.DLL
0x00007ffba5b30000 - 0x00007ffba5eb5000 	C:\Windows\System32\combase.dll
0x00007ffba5ec0000 - 0x00007ffba5fa1000 	C:\Windows\System32\OLEAUT32.dll
0x00007ffb833c0000 - 0x00007ffb833f9000 	C:\Windows\SYSTEM32\dbgcore.DLL
0x00007ffba4fc0000 - 0x00007ffba5059000 	C:\Windows\System32\bcryptPrimitives.dll
0x00007ffb9c840000 - 0x00007ffb9c84f000 	C:\Program Files\Java\jdk-24\bin\instrument.dll
0x00007ffb56120000 - 0x00007ffb5613e000 	C:\Program Files\Java\jdk-24\bin\java.dll
0x00007ffba7380000 - 0x00007ffba751e000 	C:\Windows\System32\ole32.dll
0x00007ffba6a60000 - 0x00007ffba71a2000 	C:\Windows\System32\SHELL32.dll
0x00007ffba5060000 - 0x00007ffba51d4000 	C:\Windows\System32\wintypes.dll
0x00007ffba2980000 - 0x00007ffba31d8000 	C:\Windows\SYSTEM32\windows.storage.dll
0x00007ffba59a0000 - 0x00007ffba5a91000 	C:\Windows\System32\SHCORE.dll
0x00007ffba63f0000 - 0x00007ffba645a000 	C:\Windows\System32\shlwapi.dll
0x00007ffba4c60000 - 0x00007ffba4c8f000 	C:\Windows\SYSTEM32\profapi.dll
0x00007ffb479d0000 - 0x00007ffb47aa7000 	C:\Program Files\Java\jdk-24\bin\jsvml.dll
0x00007ffb54a60000 - 0x00007ffb54a77000 	C:\Program Files\Java\jdk-24\bin\zip.dll
0x00007ffb565e0000 - 0x00007ffb565f0000 	C:\Program Files\Java\jdk-24\bin\net.dll
0x00007ffba4080000 - 0x00007ffba40ea000 	C:\Windows\system32\mswsock.dll
0x00007ffb54a40000 - 0x00007ffb54a56000 	C:\Program Files\Java\jdk-24\bin\nio.dll
0x00007ffb554f0000 - 0x00007ffb55500000 	C:\Program Files\Java\jdk-24\bin\verify.dll
0x00007ffb45de0000 - 0x00007ffb45e25000 	C:\Users\livia\AppData\Roaming\Code\User\globalStorage\redhat.java\1.43.1\config_win\org.eclipse.equinox.launcher\org.eclipse.equinox.launcher.win32.win32.x86_64_1.2.1300.v20250331-1702\eclipse_11911.dll
0x00007ffba4330000 - 0x00007ffba434b000 	C:\Windows\SYSTEM32\CRYPTSP.dll
0x00007ffba3a70000 - 0x00007ffba3aaa000 	C:\Windows\system32\rsaenh.dll
0x00007ffba4120000 - 0x00007ffba414b000 	C:\Windows\SYSTEM32\USERENV.dll
0x00007ffba4c30000 - 0x00007ffba4c56000 	C:\Windows\SYSTEM32\bcrypt.dll
0x00007ffba4350000 - 0x00007ffba435c000 	C:\Windows\SYSTEM32\CRYPTBASE.dll
0x00007ffba3550000 - 0x00007ffba3583000 	C:\Windows\SYSTEM32\IPHLPAPI.DLL
0x00007ffba5aa0000 - 0x00007ffba5aaa000 	C:\Windows\System32\NSI.dll
0x00007ffb5e2d0000 - 0x00007ffb5e319000 	C:\Users\livia\AppData\Local\Temp\jna-102985073\jna8523184227682882590.dll
0x00007ffba76e0000 - 0x00007ffba76e8000 	C:\Windows\System32\PSAPI.DLL
0x00007ffb935a0000 - 0x00007ffb936be000 	C:\Windows\SYSTEM32\winhttp.dll
0x00007ffb9a400000 - 0x00007ffb9a41f000 	C:\Windows\SYSTEM32\dhcpcsvc6.DLL
0x00007ffb99f00000 - 0x00007ffb99f25000 	C:\Windows\SYSTEM32\dhcpcsvc.DLL
0x00007ffb5de80000 - 0x00007ffb5de89000 	C:\Program Files\Java\jdk-24\bin\extnet.dll
0x00007ffb8c2a0000 - 0x00007ffb8c2ae000 	C:\Program Files\Java\jdk-24\bin\sunmscapi.dll
0x00007ffba4e40000 - 0x00007ffba4fb7000 	C:\Windows\System32\CRYPT32.dll
0x00007ffba4550000 - 0x00007ffba4580000 	C:\Windows\SYSTEM32\ncrypt.dll
0x00007ffba4500000 - 0x00007ffba453f000 	C:\Windows\SYSTEM32\NTASN1.dll
0x00007ffba35f0000 - 0x00007ffba3717000 	C:\Windows\SYSTEM32\DNSAPI.dll
0x00007ffb9a3c0000 - 0x00007ffb9a3cb000 	C:\Windows\System32\rasadhlp.dll
0x00007ffb9a740000 - 0x00007ffb9a7c6000 	C:\Windows\System32\fwpuclnt.dll
0x00007ffb89dc0000 - 0x00007ffb89dc8000 	C:\Windows\system32\wshunix.dll

dbghelp: loaded successfully - version: 4.0.5 - missing functions: none
symbol engine: initialized successfully - sym options: 0x614 - pdb path: .;C:\Program Files\Java\jdk-24\bin;C:\Windows\SYSTEM32;C:\Windows\WinSxS\amd64_microsoft.windows.common-controls_6595b64144ccf1df_6.0.26100.4202_none_3e0698d4e335f517;C:\Program Files\Java\jdk-24\bin\server;C:\Users\livia\AppData\Roaming\Code\User\globalStorage\redhat.java\1.43.1\config_win\org.eclipse.equinox.launcher\org.eclipse.equinox.launcher.win32.win32.x86_64_1.2.1300.v20250331-1702;C:\Users\livia\AppData\Local\Temp\jna-102985073

VM Arguments:
jvm_args: -Djdk.xml.maxGeneralEntitySizeLimit=0 -Djdk.xml.totalEntitySizeLimit=0 --add-modules=ALL-SYSTEM --add-opens=java.base/java.util=ALL-UNNAMED --add-opens=java.base/java.lang=ALL-UNNAMED --add-opens=java.base/sun.nio.fs=ALL-UNNAMED -Declipse.application=org.eclipse.jdt.ls.core.id1 -Dosgi.bundles.defaultStartLevel=4 -Declipse.product=org.eclipse.jdt.ls.core.product -Djava.import.generatesMetadataFilesAtProjectRoot=false -DDetectVMInstallationsJob.disabled=true -Dfile.encoding=utf8 -XX:+UseParallelGC -XX:GCTimeRatio=4 -XX:AdaptiveSizePolicyWeight=90 -Dsun.zip.disableMemoryMapping=true -Xmx2G -Xms100m -Xlog:disable -javaagent:c:\Users\livia\.vscode\extensions\redhat.java-1.43.1-win32-x64\lombok\lombok-1.18.39-4050.jar -XX:+HeapDumpOnOutOfMemoryError -XX:HeapDumpPath=c:\Users\livia\AppData\Roaming\Code\User\workspaceStorage\0b8002b937013c3cf28894f1b3c8ae27\redhat.java -Daether.dependencyCollector.impl=bf 
java_command: c:\Users\livia\.vscode\extensions\redhat.java-1.43.1-win32-x64\server\plugins\org.eclipse.equinox.launcher_1.7.0.v20250519-0528.jar -configuration c:\Users\livia\AppData\Roaming\Code\User\globalStorage\redhat.java\1.43.1\config_win -data c:\Users\livia\AppData\Roaming\Code\User\workspaceStorage\0b8002b937013c3cf28894f1b3c8ae27\redhat.java\jdt_ws --pipe=\\.\pipe\lsp-5a74d2618d54ccfa29c7f6c89984e20a-sock
java_class_path (initial): c:\Users\livia\.vscode\extensions\redhat.java-1.43.1-win32-x64\server\plugins\org.eclipse.equinox.launcher_1.7.0.v20250519-0528.jar
Launcher Type: SUN_STANDARD

[Global flags]
     uint AdaptiveSizePolicyWeight                 = 90                                        {product} {command line}
     intx CICompilerCount                          = 4                                         {product} {ergonomic}
     uint GCTimeRatio                              = 4                                         {product} {command line}
     bool HeapDumpOnOutOfMemoryError               = true                                   {manageable} {command line}
    ccstr HeapDumpPath                             = c:\Users\livia\AppData\Roaming\Code\User\workspaceStorage\0b8002b937013c3cf28894f1b3c8ae27\redhat.java         {manageable} {command line}
   size_t InitialHeapSize                          = 104857600                                 {product} {command line}
   size_t MaxHeapSize                              = 2147483648                                {product} {command line}
   size_t MaxNewSize                               = 715653120                                 {product} {ergonomic}
   size_t MinHeapDeltaBytes                        = 524288                                    {product} {ergonomic}
   size_t MinHeapSize                              = 104857600                                 {product} {command line}
   size_t NewSize                                  = 34603008                                  {product} {ergonomic}
    uintx NonNMethodCodeHeapSize                   = 5832704                                {pd product} {ergonomic}
    uintx NonProfiledCodeHeapSize                  = 122945536                              {pd product} {ergonomic}
    uintx ProfiledCodeHeapSize                     = 122880000                              {pd product} {ergonomic}
    uintx ReservedCodeCacheSize                    = 251658240                              {pd product} {ergonomic}
     bool SegmentedCodeCache                       = true                                      {product} {ergonomic}
   size_t SoftMaxHeapSize                          = 2147483648                             {manageable} {ergonomic}
     bool UseCompressedOops                        = true                           {product lp64_product} {ergonomic}
     bool UseLargePagesIndividualAllocation        = false                                  {pd product} {ergonomic}
     bool UseParallelGC                            = true                                      {product} {command line}

Logging:
Log output configuration:
 #0: stdout all=off uptime,level,tags foldmultilines=false
 #1: stderr all=off uptime,level,tags foldmultilines=false

Environment Variables:
PATH=C:\Program Files\Common Files\Oracle\Java\javapath;C:\Windows\system32;C:\Windows;C:\Windows\System32\Wbem;C:\Windows\System32\WindowsPowerShell\v1.0\;C:\Windows\System32\OpenSSH\;C:\Program Files\dotnet\;C:\Program Files\Git\cmd;C:\Program Files\nodejs\;C:\Users\livia\AppData\Local\Microsoft\WindowsApps;C:\Users\livia\AppData\Local\Programs\Microsoft VS Code\bin;C:\Users\livia\AppData\Local\JetBrains\IntelliJ IDEA Community Edition 2024.3.5\bin;;C:\Users\livia\AppData\Roaming\npm
USERNAME=livia
OS=Windows_NT
PROCESSOR_IDENTIFIER=Intel64 Family 6 Model 154 Stepping 4, GenuineIntel
TMP=C:\Users\livia\AppData\Local\Temp
TEMP=C:\Users\livia\AppData\Local\Temp




Periodic native trim disabled

---------------  S Y S T E M  ---------------

OS:
 Windows 11 , 64 bit Build 26100 (10.0.26100.4202)
OS uptime: 0 days 16:23 hours
Hyper-V role detected

CPU: total 8 (initial active 8) (4 cores per cpu, 2 threads per core) family 6 model 154 stepping 4 microcode 0x435, cx8, cmov, fxsr, ht, mmx, 3dnowpref, sse, sse2, sse3, ssse3, sse4.1, sse4.2, popcnt, lzcnt, tsc, tscinvbit, avx, avx2, aes, erms, clmul, bmi1, bmi2, adx, sha, fma, vzeroupper, clflush, clflushopt, clwb, hv, serialize, rdtscp, rdpid, fsrm, gfni, f16c, cet_ibt, cet_ss
Processor Information for the first 8 processors :
  Max Mhz: 1200, Current Mhz: 1200, Mhz Limit: 1200

Memory: 4k page, system-wide physical 7876M (455M free)
TotalPageFile size 32452M (AvailPageFile size 0M)
current process WorkingSet (physical memory assigned to process): 304M, peak: 737M
current process commit charge ("private bytes"): 1494M, peak: 1829M

vm_info: Java HotSpot(TM) 64-Bit Server VM (24+36-3646) for windows-amd64 JRE (24+36-3646), built on 2025-02-06T00:20:43Z with MS VC++ 17.6 (VS2022)

END.
