#
# There is insufficient memory for the Java Runtime Environment to continue.
# Native memory allocation (malloc) failed to allocate 1385720 bytes. Error detail: Chunk::new
# Possible reasons:
#   The system is out of physical RAM or swap space
#   This process is running with CompressedOops enabled, and the Java Heap may be blocking the growth of the native heap
# Possible solutions:
#   Reduce memory load on the system
#   Increase physical memory or swap space
#   Check if swap backing store is full
#   Decrease Java heap size (-Xmx/-Xms)
#   Decrease number of Java threads
#   Decrease Java thread stack sizes (-Xss)
#   Set larger code cache with -XX:ReservedCodeCacheSize=
#   JVM is running with Unscaled Compressed Oops mode in which the Java heap is
#     placed in the first 4GB address space. The Java Heap base address is the
#     maximum limit for the native heap growth. Please use -XX:HeapBaseMinAddress
#     to set the Java Heap base and to place the Java Heap above 4GB virtual address.
# This output file may be truncated or incomplete.
#
#  Out of Memory Error (arena.cpp:162), pid=1460, tid=24004
#
# JRE version: Java(TM) SE Runtime Environment (24.0+36) (build 24+36-3646)
# Java VM: Java HotSpot(TM) 64-Bit Server VM (24+36-3646, mixed mode, sharing, tiered, compressed oops, compressed class ptrs, parallel gc, windows-amd64)
# No core dump will be written. Minidumps are not enabled by default on client versions of Windows
#

---------------  S U M M A R Y ------------

Command Line: -Djdk.xml.maxGeneralEntitySizeLimit=0 -Djdk.xml.totalEntitySizeLimit=0 --add-modules=ALL-SYSTEM --add-opens=java.base/java.util=ALL-UNNAMED --add-opens=java.base/java.lang=ALL-UNNAMED --add-opens=java.base/sun.nio.fs=ALL-UNNAMED -Declipse.application=org.eclipse.jdt.ls.core.id1 -Dosgi.bundles.defaultStartLevel=4 -Declipse.product=org.eclipse.jdt.ls.core.product -Djava.import.generatesMetadataFilesAtProjectRoot=false -DDetectVMInstallationsJob.disabled=true -Dfile.encoding=utf8 -XX:+UseParallelGC -XX:GCTimeRatio=4 -XX:AdaptiveSizePolicyWeight=90 -Dsun.zip.disableMemoryMapping=true -Xmx2G -Xms100m -Xlog:disable -javaagent:c:\Users\livia\.vscode\extensions\redhat.java-1.43.1-win32-x64\lombok\lombok-1.18.39-4050.jar -XX:+HeapDumpOnOutOfMemoryError -XX:HeapDumpPath=c:\Users\livia\AppData\Roaming\Code\User\workspaceStorage\0b8002b937013c3cf28894f1b3c8ae27\redhat.java -Daether.dependencyCollector.impl=bf c:\Users\livia\.vscode\extensions\redhat.java-1.43.1-win32-x64\server\plugins\org.eclipse.equinox.launcher_1.7.0.v20250519-0528.jar -configuration c:\Users\livia\AppData\Roaming\Code\User\globalStorage\redhat.java\1.43.1\config_win -data c:\Users\livia\AppData\Roaming\Code\User\workspaceStorage\0b8002b937013c3cf28894f1b3c8ae27\redhat.java\jdt_ws --pipe=\\.\pipe\lsp-873d632de8ebe21882f15c2d8a5190af-sock

Host: 12th Gen Intel(R) Core(TM) i3-1215U, 8 cores, 7G,  Windows 11 , 64 bit Build 26100 (10.0.26100.4202)
Time: Wed Jul  2 09:07:57 2025 Hora oficial do Brasil elapsed time: 25.693613 seconds (0d 0h 0m 25s)

---------------  T H R E A D  ---------------

Current thread (0x000001b0c11e36c0):  JavaThread "C2 CompilerThread1" daemon [_thread_in_native, id=24004, stack(0x00000058e6700000,0x00000058e6800000) (1024K)]


Current CompileTask:
C2:25693 12450       4       org.eclipse.jdt.internal.compiler.lookup.BinaryTypeBinding::createMethod (1666 bytes)

Stack: [0x00000058e6700000,0x00000058e6800000]
Native frames: (J=compiled Java code, j=interpreted, Vv=VM code, C=native code)
V  [jvm.dll+0x7308c9]  (no source info available)
V  [jvm.dll+0x8d9ca3]  (no source info available)
V  [jvm.dll+0x8dc13d]  (no source info available)
V  [jvm.dll+0x8dc7b3]  (no source info available)
V  [jvm.dll+0x2aa046]  (no source info available)
V  [jvm.dll+0xced8f]  (no source info available)
V  [jvm.dll+0xcefef]  (no source info available)
V  [jvm.dll+0x3f37dc]  (no source info available)
V  [jvm.dll+0x206025]  (no source info available)
V  [jvm.dll+0x26f7b0]  (no source info available)
V  [jvm.dll+0x26e9ff]  (no source info available)
V  [jvm.dll+0x1e9d00]  (no source info available)
V  [jvm.dll+0x27e1bb]  (no source info available)
V  [jvm.dll+0x27c45a]  (no source info available)
V  [jvm.dll+0x42f566]  (no source info available)
V  [jvm.dll+0x87d8fb]  (no source info available)
V  [jvm.dll+0x72efe5]  (no source info available)
C  [ucrtbase.dll+0x37b0]  (no source info available)
C  [KERNEL32.DLL+0x2e8d7]  (no source info available)
C  [ntdll.dll+0x3c34c]  (no source info available)

Lock stack of current Java thread (top to bottom):


---------------  P R O C E S S  ---------------

Threads class SMR info:
_java_thread_list=0x000001b0cb82e540, length=65, elements={
0x000001b0ce23b6e0, 0x000001b0c11b1e10, 0x000001b0c11b2b40, 0x000001b0c11b51c0,
0x000001b0c11b8290, 0x000001b0c11c3b80, 0x000001b0c11c5e40, 0x000001b0c11dcf90,
0x000001b0c11e27a0, 0x000001b0c2c51fd0, 0x000001b0c11e36c0, 0x000001b0c73485b0,
0x000001b0c74c44c0, 0x000001b0c78b1c50, 0x000001b0c78b2390, 0x000001b0c7e4a8e0,
0x000001b0c7db9200, 0x000001b0c7f7cae0, 0x000001b0c7f7bc40, 0x000001b0c7f79f00,
0x000001b0c7f7ada0, 0x000001b0c7f7c390, 0x000001b0c8e37880, 0x000001b0c8e3b300,
0x000001b0c8e395c0, 0x000001b0c8e3abb0, 0x000001b0c8e3ba50, 0x000001b0c8e38e70,
0x000001b0c8e38720, 0x000001b0c8e3ed80, 0x000001b0c8e3c1a0, 0x000001b0c8e3c8f0,
0x000001b0c8e3d040, 0x000001b0c8e3d790, 0x000001b0c8e3dee0, 0x000001b0c8e3e630,
0x000001b0c872b950, 0x000001b0c872b200, 0x000001b0c872dde0, 0x000001b0c872d690,
0x000001b0c872aab0, 0x000001b0c872ec80, 0x000001b0c872f3d0, 0x000001b0c8730270,
0x000001b0c8731110, 0x000001b0c87309c0, 0x000001b0c872fb20, 0x000001b0c8731860,
0x000001b0c872e530, 0x000001b0c8731fb0, 0x000001b0c7f7a650, 0x000001b0cd476a20,
0x000001b0cd475430, 0x000001b0cd4778c0, 0x000001b0cd474ce0, 0x000001b0cd478010,
0x000001b0cd477170, 0x000001b0cd478eb0, 0x000001b0cd4762d0, 0x000001b0cd475b80,
0x000001b0cd47b340, 0x000001b0cbb8f8f0, 0x000001b0cbb8c5c0, 0x000001b0cbb90790,
0x000001b0cbb90ee0
}

Java Threads: ( => current thread )
  0x000001b0ce23b6e0 JavaThread "main"                              [_thread_blocked, id=16540, stack(0x00000058e5a00000,0x00000058e5b00000) (1024K)]
  0x000001b0c11b1e10 JavaThread "Reference Handler"          daemon [_thread_blocked, id=23732, stack(0x00000058e5e00000,0x00000058e5f00000) (1024K)]
  0x000001b0c11b2b40 JavaThread "Finalizer"                  daemon [_thread_blocked, id=8952, stack(0x00000058e5f00000,0x00000058e6000000) (1024K)]
  0x000001b0c11b51c0 JavaThread "Signal Dispatcher"          daemon [_thread_blocked, id=22728, stack(0x00000058e6000000,0x00000058e6100000) (1024K)]
  0x000001b0c11b8290 JavaThread "Attach Listener"            daemon [_thread_blocked, id=1644, stack(0x00000058e6100000,0x00000058e6200000) (1024K)]
  0x000001b0c11c3b80 JavaThread "Service Thread"             daemon [_thread_blocked, id=10360, stack(0x00000058e6200000,0x00000058e6300000) (1024K)]
  0x000001b0c11c5e40 JavaThread "Monitor Deflation Thread"   daemon [_thread_blocked, id=24988, stack(0x00000058e6300000,0x00000058e6400000) (1024K)]
  0x000001b0c11dcf90 JavaThread "C2 CompilerThread0"         daemon [_thread_blocked, id=9936, stack(0x00000058e6400000,0x00000058e6500000) (1024K)]
  0x000001b0c11e27a0 JavaThread "C1 CompilerThread0"         daemon [_thread_blocked, id=22280, stack(0x00000058e6500000,0x00000058e6600000) (1024K)]
  0x000001b0c2c51fd0 JavaThread "Common-Cleaner"             daemon [_thread_blocked, id=15512, stack(0x00000058e6600000,0x00000058e6700000) (1024K)]
=>0x000001b0c11e36c0 JavaThread "C2 CompilerThread1"         daemon [_thread_in_native, id=24004, stack(0x00000058e6700000,0x00000058e6800000) (1024K)]
  0x000001b0c73485b0 JavaThread "Notification Thread"        daemon [_thread_blocked, id=25740, stack(0x00000058e6800000,0x00000058e6900000) (1024K)]
  0x000001b0c74c44c0 JavaThread "Active Thread: Equinox Container: c5ae2217-c0ec-42d7-96c4-2ee6332e105a"        [_thread_blocked, id=26988, stack(0x00000058e6d00000,0x00000058e6e00000) (1024K)]
  0x000001b0c78b1c50 JavaThread "Framework Event Dispatcher: Equinox Container: c5ae2217-c0ec-42d7-96c4-2ee6332e105a" daemon [_thread_blocked, id=24656, stack(0x00000058e6f00000,0x00000058e7000000) (1024K)]
  0x000001b0c78b2390 JavaThread "Start Level: Equinox Container: c5ae2217-c0ec-42d7-96c4-2ee6332e105a" daemon [_thread_blocked, id=26556, stack(0x00000058e7000000,0x00000058e7100000) (1024K)]
  0x000001b0c7e4a8e0 JavaThread "Bundle File Closer"         daemon [_thread_blocked, id=22324, stack(0x00000058e7200000,0x00000058e7300000) (1024K)]
  0x000001b0c7db9200 JavaThread "SCR Component Actor"        daemon [_thread_blocked, id=17092, stack(0x00000058e7300000,0x00000058e7400000) (1024K)]
  0x000001b0c7f7cae0 JavaThread "Worker-JM"                         [_thread_blocked, id=25616, stack(0x00000058e7500000,0x00000058e7600000) (1024K)]
  0x000001b0c7f7bc40 JavaThread "JNA Cleaner"                daemon [_thread_blocked, id=25268, stack(0x00000058e7800000,0x00000058e7900000) (1024K)]
  0x000001b0c7f79f00 JavaThread "Worker-0: Publish Diagnostics"        [_thread_blocked, id=12424, stack(0x00000058e7900000,0x00000058e7a00000) (1024K)]
  0x000001b0c7f7ada0 JavaThread "Worker-1"                          [_thread_blocked, id=22648, stack(0x00000058e7a00000,0x00000058e7b00000) (1024K)]
  0x000001b0c7f7c390 JavaThread "Worker-2: Initialize workspace"        [_thread_blocked, id=6828, stack(0x00000058e7b00000,0x00000058e7c00000) (1024K)]
  0x000001b0c8e37880 JavaThread "Java indexing"              daemon [_thread_blocked, id=20696, stack(0x00000058e7c00000,0x00000058e7d00000) (1024K)]
  0x000001b0c8e3b300 JavaThread "Worker-3"                          [_thread_blocked, id=2548, stack(0x00000058e7d00000,0x00000058e7e00000) (1024K)]
  0x000001b0c8e395c0 JavaThread "Worker-4"                          [_thread_blocked, id=23820, stack(0x00000058e8000000,0x00000058e8100000) (1024K)]
  0x000001b0c8e3abb0 JavaThread "Worker-5"                          [_thread_blocked, id=12920, stack(0x00000058e8100000,0x00000058e8200000) (1024K)]
  0x000001b0c8e3ba50 JavaThread "Worker-6: Java indexing... "        [_thread_blocked, id=560, stack(0x00000058e8200000,0x00000058e8300000) (1024K)]
  0x000001b0c8e38e70 JavaThread "Thread-2"                   daemon [_thread_in_native, id=26492, stack(0x00000058e8300000,0x00000058e8400000) (1024K)]
  0x000001b0c8e38720 JavaThread "Thread-3"                   daemon [_thread_in_native, id=22536, stack(0x00000058e8400000,0x00000058e8500000) (1024K)]
  0x000001b0c8e3ed80 JavaThread "Thread-4"                   daemon [_thread_in_native, id=624, stack(0x00000058e8500000,0x00000058e8600000) (1024K)]
  0x000001b0c8e3c1a0 JavaThread "Thread-5"                   daemon [_thread_in_native, id=2348, stack(0x00000058e8600000,0x00000058e8700000) (1024K)]
  0x000001b0c8e3c8f0 JavaThread "Thread-6"                   daemon [_thread_in_native, id=21696, stack(0x00000058e8700000,0x00000058e8800000) (1024K)]
  0x000001b0c8e3d040 JavaThread "Thread-7"                   daemon [_thread_in_native, id=23180, stack(0x00000058e8800000,0x00000058e8900000) (1024K)]
  0x000001b0c8e3d790 JavaThread "Thread-8"                   daemon [_thread_in_native, id=13656, stack(0x00000058e8900000,0x00000058e8a00000) (1024K)]
  0x000001b0c8e3dee0 JavaThread "Thread-9"                   daemon [_thread_in_native, id=26424, stack(0x00000058e8a00000,0x00000058e8b00000) (1024K)]
  0x000001b0c8e3e630 JavaThread "Thread-10"                  daemon [_thread_in_native, id=17680, stack(0x00000058e8b00000,0x00000058e8c00000) (1024K)]
  0x000001b0c872b950 JavaThread "pool-2-thread-1"                   [_thread_blocked, id=24528, stack(0x00000058e8c00000,0x00000058e8d00000) (1024K)]
  0x000001b0c872b200 JavaThread "WorkspaceEventsHandler"            [_thread_blocked, id=26336, stack(0x00000058e8d00000,0x00000058e8e00000) (1024K)]
  0x000001b0c872dde0 JavaThread "pool-1-thread-1"                   [_thread_blocked, id=8976, stack(0x00000058e8e00000,0x00000058e8f00000) (1024K)]
  0x000001b0c872d690 JavaThread "Worker-7"                          [_thread_blocked, id=21672, stack(0x00000058e8f00000,0x00000058e9000000) (1024K)]
  0x000001b0c872aab0 JavaThread "LocalFile Deleter"          daemon [_thread_blocked, id=23464, stack(0x00000058e9000000,0x00000058e9100000) (1024K)]
  0x000001b0c872ec80 JavaThread "LocalFile Deleter"          daemon [_thread_blocked, id=1996, stack(0x00000058e9100000,0x00000058e9200000) (1024K)]
  0x000001b0c872f3d0 JavaThread "LocalFile Deleter"          daemon [_thread_blocked, id=21916, stack(0x00000058e9200000,0x00000058e9300000) (1024K)]
  0x000001b0c8730270 JavaThread "LocalFile Deleter"          daemon [_thread_blocked, id=10228, stack(0x00000058e9300000,0x00000058e9400000) (1024K)]
  0x000001b0c8731110 JavaThread "LocalFile Deleter"          daemon [_thread_blocked, id=15144, stack(0x00000058e9400000,0x00000058e9500000) (1024K)]
  0x000001b0c87309c0 JavaThread "LocalFile Deleter"          daemon [_thread_blocked, id=21912, stack(0x00000058e9500000,0x00000058e9600000) (1024K)]
  0x000001b0c872fb20 JavaThread "Compiler Source File Reader" daemon [_thread_blocked, id=1208, stack(0x00000058e9600000,0x00000058e9700000) (1024K)]
  0x000001b0c8731860 JavaThread "Compiler Processing Task"   daemon [_thread_blocked, id=26588, stack(0x00000058e6900000,0x00000058e6a00000) (1024K)]
  0x000001b0c872e530 JavaThread "Compiler Class File Writer" daemon [_thread_blocked, id=20476, stack(0x00000058e9700000,0x00000058e9800000) (1024K)]
  0x000001b0c8731fb0 JavaThread "LocalFile Deleter"          daemon [_thread_blocked, id=14380, stack(0x00000058e9800000,0x00000058e9900000) (1024K)]
  0x000001b0c7f7a650 JavaThread "LocalFile Deleter"          daemon [_thread_blocked, id=23632, stack(0x00000058e9900000,0x00000058e9a00000) (1024K)]
  0x000001b0cd476a20 JavaThread "Compiler Source File Reader" daemon [_thread_blocked, id=13600, stack(0x00000058e9a00000,0x00000058e9b00000) (1024K)]
  0x000001b0cd475430 JavaThread "Compiler Source File Reader" daemon [_thread_blocked, id=1304, stack(0x00000058e9b00000,0x00000058e9c00000) (1024K)]
  0x000001b0cd4778c0 JavaThread "Compiler Source File Reader" daemon [_thread_blocked, id=27360, stack(0x00000058e9c00000,0x00000058e9d00000) (1024K)]
  0x000001b0cd474ce0 JavaThread "Compiler Source File Reader" daemon [_thread_blocked, id=14176, stack(0x00000058e9d00000,0x00000058e9e00000) (1024K)]
  0x000001b0cd478010 JavaThread "Compiler Source File Reader" daemon [_thread_blocked, id=16644, stack(0x00000058e9e00000,0x00000058e9f00000) (1024K)]
  0x000001b0cd477170 JavaThread "Compiler Class File Writer" daemon [_thread_blocked, id=9348, stack(0x00000058e9f00000,0x00000058ea000000) (1024K)]
  0x000001b0cd478eb0 JavaThread "Compiler Class File Writer" daemon [_thread_blocked, id=25152, stack(0x00000058ea000000,0x00000058ea100000) (1024K)]
  0x000001b0cd4762d0 JavaThread "Compiler Class File Writer" daemon [_thread_blocked, id=12292, stack(0x00000058ea100000,0x00000058ea200000) (1024K)]
  0x000001b0cd475b80 JavaThread "Compiler Class File Writer" daemon [_thread_blocked, id=27344, stack(0x00000058ea200000,0x00000058ea300000) (1024K)]
  0x000001b0cd47b340 JavaThread "Compiler Class File Writer" daemon [_thread_blocked, id=22088, stack(0x00000058ea300000,0x00000058ea400000) (1024K)]
  0x000001b0cbb8f8f0 JavaThread "ForkJoinPool.commonPool-worker-1" daemon [_thread_blocked, id=16260, stack(0x00000058e7700000,0x00000058e7800000) (1024K)]
  0x000001b0cbb8c5c0 JavaThread "ForkJoinPool.commonPool-worker-2" daemon [_thread_blocked, id=25392, stack(0x00000058ea400000,0x00000058ea500000) (1024K)]
  0x000001b0cbb90790 JavaThread "ForkJoinPool.commonPool-worker-3" daemon [_thread_blocked, id=2296, stack(0x00000058ea600000,0x00000058ea700000) (1024K)]
  0x000001b0cbb90ee0 JavaThread "ForkJoinPool.commonPool-worker-4" daemon [_thread_blocked, id=4592, stack(0x00000058ea700000,0x00000058ea800000) (1024K)]
Total: 65

Other Threads:
  0x000001b0d07bc9b0 VMThread "VM Thread"                           [id=26884, stack(0x00000058e5d00000,0x00000058e5e00000) (1024K)]
  0x000001b0d0724f70 WatcherThread "VM Periodic Task Thread"        [id=11084, stack(0x00000058e5c00000,0x00000058e5d00000) (1024K)]
  0x000001b0d071de70 WorkerThread "GC Thread#0"                     [id=13060, stack(0x00000058e5b00000,0x00000058e5c00000) (1024K)]
  0x000001b0c74d4610 WorkerThread "GC Thread#1"                     [id=3956, stack(0x00000058e6a00000,0x00000058e6b00000) (1024K)]
  0x000001b0c78f3200 WorkerThread "GC Thread#2"                     [id=25944, stack(0x00000058e6b00000,0x00000058e6c00000) (1024K)]
  0x000001b0c78f35b0 WorkerThread "GC Thread#3"                     [id=4252, stack(0x00000058e6c00000,0x00000058e6d00000) (1024K)]
  0x000001b0c75917b0 WorkerThread "GC Thread#4"                     [id=23816, stack(0x00000058e6e00000,0x00000058e6f00000) (1024K)]
  0x000001b0c7c8e840 WorkerThread "GC Thread#5"                     [id=9556, stack(0x00000058e7100000,0x00000058e7200000) (1024K)]
  0x000001b0c7c19030 WorkerThread "GC Thread#6"                     [id=25216, stack(0x00000058e7400000,0x00000058e7500000) (1024K)]
  0x000001b0c794cd20 WorkerThread "GC Thread#7"                     [id=24288, stack(0x00000058e7600000,0x00000058e7700000) (1024K)]
Total: 10

Threads with active compile tasks:
C2 CompilerThread0  25828 12501   !   4       org.eclipse.jdt.internal.compiler.classfmt.ClassFileReader::<init> (2135 bytes)
C1 CompilerThread0  25828 12728       3       org.eclipse.jdt.internal.compiler.ast.TypeReference::internalResolveType (390 bytes)
C2 CompilerThread1  25828 12450       4       org.eclipse.jdt.internal.compiler.lookup.BinaryTypeBinding::createMethod (1666 bytes)
Total: 3

VM state: at safepoint (normal execution)

VM Mutex/Monitor currently owned by a thread:  ([mutex/lock_event])
[0x00007ffb282144c0] Threads_lock - owner thread: 0x000001b0d07bc9b0
[0x00007ffb282145c0] Heap_lock - owner thread: 0x000001b0cbb8c5c0

Heap address: 0x0000000080000000, size: 2048 MB, Compressed Oops mode: 32-bit

CDS archive(s) mapped at: [0x000001b080000000-0x000001b080d40000-0x000001b080d40000), size 13893632, SharedBaseAddress: 0x000001b080000000, ArchiveRelocationMode: 1.
Compressed class space mapped at: 0x000001b081000000-0x000001b0c1000000, reserved size: 1073741824
UseCompressedClassPointers 1, UseCompactObjectHeaders 0
Narrow klass pointer bits 32, Max shift 3
Narrow klass base: 0x000001b080000000, Narrow klass shift: 0
Encoding Range: [0x000001b080000000 - 0x000001b180000000), (4294967296 bytes)
Klass Range:    [0x000001b080000000 - 0x000001b0c1000000), (1090519040 bytes)
Klass ID Range:  [8 - 1090519033) (1090519025)

GC Precious Log:
 CardTable entry size: 512
 CPUs: 8 total, 8 available
 Memory: 7876M
 Large Page Support: Disabled
 NUMA Support: Disabled
 Compressed Oops: Enabled (32-bit)
 Alignments: Space 512K, Generation 512K, Heap 2M
 Heap Min Capacity: 100M
 Heap Initial Capacity: 100M
 Heap Max Capacity: 2G
 Pre-touch: Disabled
 Parallel Workers: 8

Heap:
 PSYoungGen      total 41472K, used 6121K [0x00000000d5580000, 0x00000000d8880000, 0x0000000100000000)
  eden space 35328K, 0% used [0x00000000d5580000,0x00000000d5580000,0x00000000d7800000)
  from space 6144K, 99% used [0x00000000d8280000,0x00000000d887a4b8,0x00000000d8880000)
  to   space 6144K, 0% used [0x00000000d7b80000,0x00000000d7b80000,0x00000000d8180000)
 ParOldGen       total 265728K, used 265394K [0x0000000080000000, 0x0000000090380000, 0x00000000d5580000)
  object space 265728K, 99% used [0x0000000080000000,0x000000009032ca60,0x0000000090380000)
 Metaspace       used 64422K, committed 65792K, reserved 1114112K
  class space    used 5822K, committed 6464K, reserved 1048576K

Card table byte_map: [0x000001b0d0210000,0x000001b0d0610000] _byte_map_base: 0x000001b0cfe10000

Marking Bits: (ParMarkBitMap*) 0x00007ffb282198a0
 Begin Bits: [0x000001b0e8250000, 0x000001b0ea250000)

Polling page: 0x000001b0ce4a0000

Metaspace:

Usage:
  Non-class:     57.23 MB used.
      Class:      5.69 MB used.
       Both:     62.91 MB used.

Virtual space:
  Non-class space:       64.00 MB reserved,      57.94 MB ( 91%) committed,  1 nodes.
      Class space:        1.00 GB reserved,       6.31 MB ( <1%) committed,  1 nodes.
             Both:        1.06 GB reserved,      64.25 MB (  6%) committed. 

Chunk freelists:
   Non-Class:  5.89 MB
       Class:  9.60 MB
        Both:  15.49 MB

MaxMetaspaceSize: unlimited
CompressedClassSpaceSize: 1.00 GB
Initial GC threshold: 21.00 MB
Current GC threshold: 97.31 MB
CDS: on
 - commit_granule_bytes: 65536.
 - commit_granule_words: 8192.
 - virtual_space_node_default_size: 8388608.
 - enlarge_chunks_in_place: 1.
UseCompressedClassPointers 1, UseCompactObjectHeaders 0
Narrow klass pointer bits 32, Max shift 3
Narrow klass base: 0x000001b080000000, Narrow klass shift: 0
Encoding Range: [0x000001b080000000 - 0x000001b180000000), (4294967296 bytes)
Klass Range:    [0x000001b080000000 - 0x000001b0c1000000), (1090519040 bytes)
Klass ID Range:  [8 - 1090519033) (1090519025)


Internal statistics:

num_allocs_failed_limit: 9.
num_arena_births: 924.
num_arena_deaths: 22.
num_vsnodes_births: 2.
num_vsnodes_deaths: 0.
num_space_committed: 1028.
num_space_uncommitted: 0.
num_chunks_returned_to_freelist: 34.
num_chunks_taken_from_freelist: 3948.
num_chunk_merges: 16.
num_chunk_splits: 2396.
num_chunks_enlarged: 1367.
num_inconsistent_stats: 0.

CodeHeap 'non-profiled nmethods': size=120064Kb used=6560Kb max_used=6560Kb free=113503Kb
 bounds [0x000001b0e0a60000, 0x000001b0e10d0000, 0x000001b0e7fa0000]
CodeHeap 'profiled nmethods': size=120000Kb used=22581Kb max_used=22581Kb free=97418Kb
 bounds [0x000001b0d8fa0000, 0x000001b0da5b0000, 0x000001b0e04d0000]
CodeHeap 'non-nmethods': size=5696Kb used=1466Kb max_used=1530Kb free=4230Kb
 bounds [0x000001b0e04d0000, 0x000001b0e0740000, 0x000001b0e0a60000]
CodeCache: size=245760Kb, used=30607Kb, max_used=30671Kb, free=215151Kb
 total_blobs=12631, nmethods=11873, adapters=664, full_count=0
Compilation: enabled, stopped_count=0, restarted_count=0

Compilation events (20 events):
Event: 24.528 Thread 0x000001b0c11e27a0 12693       3       org.eclipse.sisu.inject.MildElements$Weak::index (12 bytes)
Event: 24.529 Thread 0x000001b0c11e27a0 nmethod 12693 0x000001b0da594088 code [0x000001b0da5941a0, 0x000001b0da5942b0]
Event: 24.529 Thread 0x000001b0c11e27a0 12694       3       org.eclipse.sisu.inject.MildElements::evict (68 bytes)
Event: 24.530 Thread 0x000001b0c11e27a0 nmethod 12694 0x000001b0da594388 code [0x000001b0da594520, 0x000001b0da594d68]
Event: 24.566 Thread 0x000001b0c11e27a0 12695       3       org.eclipse.jdt.internal.compiler.parser.ScannerHelper::digit (147 bytes)
Event: 24.569 Thread 0x000001b0c11e27a0 nmethod 12695 0x000001b0da594d88 code [0x000001b0da594f20, 0x000001b0da595590]
Event: 24.574 Thread 0x000001b0c11e27a0 12696       3       org.eclipse.jdt.internal.compiler.util.HashtableOfObjectToInt::get (59 bytes)
Event: 24.577 Thread 0x000001b0c11e27a0 nmethod 12696 0x000001b0da595608 code [0x000001b0da595760, 0x000001b0da595bf0]
Event: 24.621 Thread 0x000001b0c11e27a0 12697       3       org.eclipse.jdt.internal.compiler.classfmt.ModuleInfo::<init> (8 bytes)
Event: 24.623 Thread 0x000001b0c11e27a0 nmethod 12697 0x000001b0da595c08 code [0x000001b0da595d20, 0x000001b0da595f18]
Event: 24.647 Thread 0x000001b0c11e27a0 12698       3       org.eclipse.jdt.internal.core.ClasspathEntry::rootID (151 bytes)
Event: 24.656 Thread 0x000001b0c11e27a0 nmethod 12698 0x000001b0da595f88 code [0x000001b0da596460, 0x000001b0da599c88]
Event: 24.661 Thread 0x000001b0c11e27a0 12699       3       org.eclipse.jdt.internal.core.util.CommentRecorderParser::checkComment (267 bytes)
Event: 24.665 Thread 0x000001b0c11e27a0 nmethod 12699 0x000001b0da599d88 code [0x000001b0da599f20, 0x000001b0da59a7d8]
Event: 24.685 Thread 0x000001b0c11e27a0 12701       3       org.eclipse.jdt.internal.compiler.parser.Scanner::findCommentType (43 bytes)
Event: 24.687 Thread 0x000001b0c11e27a0 nmethod 12701 0x000001b0da59a888 code [0x000001b0da59a9e0, 0x000001b0da59af30]
Event: 24.688 Thread 0x000001b0c11e27a0 12702       3       org.eclipse.jdt.internal.compiler.parser.Scanner::recordComment (157 bytes)
Event: 24.689 Thread 0x000001b0c11e27a0 nmethod 12702 0x000001b0da59af88 code [0x000001b0da59b0e0, 0x000001b0da59b5d8]
Event: 24.697 Thread 0x000001b0c11e27a0 12703       3       org.eclipse.jdt.internal.compiler.lookup.BinaryModuleBinding::scanForNullDefaultAnnotation (115 bytes)
Event: 25.682 Thread 0x000001b0c11e27a0 nmethod 12703 0x000001b0da59b608 code [0x000001b0da59b780, 0x000001b0da59bcc0]

GC Heap History (20 events):
Event: 20.726 GC heap before
{Heap before GC invocations=93 (full 3):
 PSYoungGen      total 37888K, used 36640K [0x00000000d5580000, 0x00000000d8180000, 0x0000000100000000)
  eden space 35328K, 100% used [0x00000000d5580000,0x00000000d7800000,0x00000000d7800000)
  from space 2560K, 51% used [0x00000000d7800000,0x00000000d79482b0,0x00000000d7a80000)
  to   space 1536K, 0% used [0x00000000d8000000,0x00000000d8000000,0x00000000d8180000)
 ParOldGen       total 241152K, used 241078K [0x0000000080000000, 0x000000008eb80000, 0x00000000d5580000)
  object space 241152K, 99% used [0x0000000080000000,0x000000008eb6d9f8,0x000000008eb80000)
 Metaspace       used 63799K, committed 65152K, reserved 1114112K
  class space    used 5795K, committed 6400K, reserved 1048576K
}
Event: 20.731 GC heap after
{Heap after GC invocations=93 (full 3):
 PSYoungGen      total 35840K, used 1524K [0x00000000d5580000, 0x00000000d8180000, 0x0000000100000000)
  eden space 34304K, 0% used [0x00000000d5580000,0x00000000d5580000,0x00000000d7700000)
  from space 1536K, 99% used [0x00000000d8000000,0x00000000d817d068,0x00000000d8180000)
  to   space 3072K, 0% used [0x00000000d7b80000,0x00000000d7b80000,0x00000000d7e80000)
 ParOldGen       total 242688K, used 242257K [0x0000000080000000, 0x000000008ed00000, 0x00000000d5580000)
  object space 242688K, 99% used [0x0000000080000000,0x000000008ec944c0,0x000000008ed00000)
 Metaspace       used 63799K, committed 65152K, reserved 1114112K
  class space    used 5795K, committed 6400K, reserved 1048576K
}
Event: 20.750 GC heap before
{Heap before GC invocations=94 (full 3):
 PSYoungGen      total 35840K, used 35828K [0x00000000d5580000, 0x00000000d8180000, 0x0000000100000000)
  eden space 34304K, 100% used [0x00000000d5580000,0x00000000d7700000,0x00000000d7700000)
  from space 1536K, 99% used [0x00000000d8000000,0x00000000d817d068,0x00000000d8180000)
  to   space 3072K, 0% used [0x00000000d7b80000,0x00000000d7b80000,0x00000000d7e80000)
 ParOldGen       total 242688K, used 242257K [0x0000000080000000, 0x000000008ed00000, 0x00000000d5580000)
  object space 242688K, 99% used [0x0000000080000000,0x000000008ec944c0,0x000000008ed00000)
 Metaspace       used 63799K, committed 65152K, reserved 1114112K
  class space    used 5795K, committed 6400K, reserved 1048576K
}
Event: 21.753 GC heap after
{Heap after GC invocations=94 (full 3):
 PSYoungGen      total 41984K, used 1248K [0x00000000d5580000, 0x00000000d8200000, 0x0000000100000000)
  eden space 38912K, 0% used [0x00000000d5580000,0x00000000d5580000,0x00000000d7b80000)
  from space 3072K, 40% used [0x00000000d7b80000,0x00000000d7cb8000,0x00000000d7e80000)
  to   space 2048K, 0% used [0x00000000d8000000,0x00000000d8000000,0x00000000d8200000)
 ParOldGen       total 244224K, used 243803K [0x0000000080000000, 0x000000008ee80000, 0x00000000d5580000)
  object space 244224K, 99% used [0x0000000080000000,0x000000008ee16ee8,0x000000008ee80000)
 Metaspace       used 63799K, committed 65152K, reserved 1114112K
  class space    used 5795K, committed 6400K, reserved 1048576K
}
Event: 21.908 GC heap before
{Heap before GC invocations=95 (full 3):
 PSYoungGen      total 41984K, used 40160K [0x00000000d5580000, 0x00000000d8200000, 0x0000000100000000)
  eden space 38912K, 100% used [0x00000000d5580000,0x00000000d7b80000,0x00000000d7b80000)
  from space 3072K, 40% used [0x00000000d7b80000,0x00000000d7cb8000,0x00000000d7e80000)
  to   space 2048K, 0% used [0x00000000d8000000,0x00000000d8000000,0x00000000d8200000)
 ParOldGen       total 244224K, used 243803K [0x0000000080000000, 0x000000008ee80000, 0x00000000d5580000)
  object space 244224K, 99% used [0x0000000080000000,0x000000008ee16ee8,0x000000008ee80000)
 Metaspace       used 63802K, committed 65152K, reserved 1114112K
  class space    used 5795K, committed 6400K, reserved 1048576K
}
Event: 21.912 GC heap after
{Heap after GC invocations=95 (full 3):
 PSYoungGen      total 43520K, used 1552K [0x00000000d5580000, 0x00000000d8780000, 0x0000000100000000)
  eden space 41472K, 0% used [0x00000000d5580000,0x00000000d5580000,0x00000000d7e00000)
  from space 2048K, 75% used [0x00000000d8000000,0x00000000d8184010,0x00000000d8200000)
  to   space 2048K, 0% used [0x00000000d7e00000,0x00000000d7e00000,0x00000000d8000000)
 ParOldGen       total 245248K, used 244929K [0x0000000080000000, 0x000000008ef80000, 0x00000000d5580000)
  object space 245248K, 99% used [0x0000000080000000,0x000000008ef30638,0x000000008ef80000)
 Metaspace       used 63802K, committed 65152K, reserved 1114112K
  class space    used 5795K, committed 6400K, reserved 1048576K
}
Event: 22.065 GC heap before
{Heap before GC invocations=96 (full 3):
 PSYoungGen      total 43520K, used 43024K [0x00000000d5580000, 0x00000000d8780000, 0x0000000100000000)
  eden space 41472K, 100% used [0x00000000d5580000,0x00000000d7e00000,0x00000000d7e00000)
  from space 2048K, 75% used [0x00000000d8000000,0x00000000d8184010,0x00000000d8200000)
  to   space 2048K, 0% used [0x00000000d7e00000,0x00000000d7e00000,0x00000000d8000000)
 ParOldGen       total 245248K, used 244929K [0x0000000080000000, 0x000000008ef80000, 0x00000000d5580000)
  object space 245248K, 99% used [0x0000000080000000,0x000000008ef30638,0x000000008ef80000)
 Metaspace       used 63803K, committed 65152K, reserved 1114112K
  class space    used 5795K, committed 6400K, reserved 1048576K
}
Event: 22.072 GC heap after
{Heap after GC invocations=96 (full 3):
 PSYoungGen      total 43520K, used 2025K [0x00000000d5580000, 0x00000000d8e80000, 0x0000000100000000)
  eden space 41472K, 0% used [0x00000000d5580000,0x00000000d5580000,0x00000000d7e00000)
  from space 2048K, 98% used [0x00000000d7e00000,0x00000000d7ffa7f0,0x00000000d8000000)
  to   space 4096K, 0% used [0x00000000d8a80000,0x00000000d8a80000,0x00000000d8e80000)
 ParOldGen       total 246784K, used 246438K [0x0000000080000000, 0x000000008f100000, 0x00000000d5580000)
  object space 246784K, 99% used [0x0000000080000000,0x000000008f0a9938,0x000000008f100000)
 Metaspace       used 63803K, committed 65152K, reserved 1114112K
  class space    used 5795K, committed 6400K, reserved 1048576K
}
Event: 22.250 GC heap before
{Heap before GC invocations=97 (full 3):
 PSYoungGen      total 43520K, used 43497K [0x00000000d5580000, 0x00000000d8e80000, 0x0000000100000000)
  eden space 41472K, 100% used [0x00000000d5580000,0x00000000d7e00000,0x00000000d7e00000)
  from space 2048K, 98% used [0x00000000d7e00000,0x00000000d7ffa7f0,0x00000000d8000000)
  to   space 4096K, 0% used [0x00000000d8a80000,0x00000000d8a80000,0x00000000d8e80000)
 ParOldGen       total 246784K, used 246438K [0x0000000080000000, 0x000000008f100000, 0x00000000d5580000)
  object space 246784K, 99% used [0x0000000080000000,0x000000008f0a9938,0x000000008f100000)
 Metaspace       used 63804K, committed 65152K, reserved 1114112K
  class space    used 5795K, committed 6400K, reserved 1048576K
}
Event: 22.254 GC heap after
{Heap after GC invocations=97 (full 3):
 PSYoungGen      total 41984K, used 1177K [0x00000000d5580000, 0x00000000d8c00000, 0x0000000100000000)
  eden space 40448K, 0% used [0x00000000d5580000,0x00000000d5580000,0x00000000d7d00000)
  from space 1536K, 76% used [0x00000000d8a80000,0x00000000d8ba6440,0x00000000d8c00000)
  to   space 2048K, 0% used [0x00000000d8800000,0x00000000d8800000,0x00000000d8a00000)
 ParOldGen       total 248320K, used 248250K [0x0000000080000000, 0x000000008f280000, 0x00000000d5580000)
  object space 248320K, 99% used [0x0000000080000000,0x000000008f26ea88,0x000000008f280000)
 Metaspace       used 63804K, committed 65152K, reserved 1114112K
  class space    used 5795K, committed 6400K, reserved 1048576K
}
Event: 22.298 GC heap before
{Heap before GC invocations=98 (full 3):
 PSYoungGen      total 41984K, used 41625K [0x00000000d5580000, 0x00000000d8c00000, 0x0000000100000000)
  eden space 40448K, 100% used [0x00000000d5580000,0x00000000d7d00000,0x00000000d7d00000)
  from space 1536K, 76% used [0x00000000d8a80000,0x00000000d8ba6440,0x00000000d8c00000)
  to   space 2048K, 0% used [0x00000000d8800000,0x00000000d8800000,0x00000000d8a00000)
 ParOldGen       total 248320K, used 248250K [0x0000000080000000, 0x000000008f280000, 0x00000000d5580000)
  object space 248320K, 99% used [0x0000000080000000,0x000000008f26ea88,0x000000008f280000)
 Metaspace       used 63834K, committed 65216K, reserved 1114112K
  class space    used 5795K, committed 6400K, reserved 1048576K
}
Event: 22.304 GC heap after
{Heap after GC invocations=98 (full 3):
 PSYoungGen      total 41472K, used 2027K [0x00000000d5580000, 0x00000000d8b00000, 0x0000000100000000)
  eden space 39424K, 0% used [0x00000000d5580000,0x00000000d5580000,0x00000000d7c00000)
  from space 2048K, 98% used [0x00000000d8800000,0x00000000d89fad68,0x00000000d8a00000)
  to   space 1024K, 0% used [0x00000000d8a00000,0x00000000d8a00000,0x00000000d8b00000)
 ParOldGen       total 249344K, used 249279K [0x0000000080000000, 0x000000008f380000, 0x00000000d5580000)
  object space 249344K, 99% used [0x0000000080000000,0x000000008f36fc78,0x000000008f380000)
 Metaspace       used 63834K, committed 65216K, reserved 1114112K
  class space    used 5795K, committed 6400K, reserved 1048576K
}
Event: 22.358 GC heap before
{Heap before GC invocations=99 (full 3):
 PSYoungGen      total 41472K, used 41451K [0x00000000d5580000, 0x00000000d8b00000, 0x0000000100000000)
  eden space 39424K, 100% used [0x00000000d5580000,0x00000000d7c00000,0x00000000d7c00000)
  from space 2048K, 98% used [0x00000000d8800000,0x00000000d89fad68,0x00000000d8a00000)
  to   space 1024K, 0% used [0x00000000d8a00000,0x00000000d8a00000,0x00000000d8b00000)
 ParOldGen       total 249344K, used 249279K [0x0000000080000000, 0x000000008f380000, 0x00000000d5580000)
  object space 249344K, 99% used [0x0000000080000000,0x000000008f36fc78,0x000000008f380000)
 Metaspace       used 63848K, committed 65216K, reserved 1114112K
  class space    used 5795K, committed 6400K, reserved 1048576K
}
Event: 22.364 GC heap after
{Heap after GC invocations=99 (full 3):
 PSYoungGen      total 39424K, used 1018K [0x00000000d5580000, 0x00000000d8b00000, 0x0000000100000000)
  eden space 38400K, 0% used [0x00000000d5580000,0x00000000d5580000,0x00000000d7b00000)
  from space 1024K, 99% used [0x00000000d8a00000,0x00000000d8afe9e0,0x00000000d8b00000)
  to   space 4096K, 0% used [0x00000000d8300000,0x00000000d8300000,0x00000000d8700000)
 ParOldGen       total 251904K, used 251787K [0x0000000080000000, 0x000000008f600000, 0x00000000d5580000)
  object space 251904K, 99% used [0x0000000080000000,0x000000008f5e2e90,0x000000008f600000)
 Metaspace       used 63848K, committed 65216K, reserved 1114112K
  class space    used 5795K, committed 6400K, reserved 1048576K
}
Event: 22.514 GC heap before
{Heap before GC invocations=100 (full 3):
 PSYoungGen      total 39424K, used 39418K [0x00000000d5580000, 0x00000000d8b00000, 0x0000000100000000)
  eden space 38400K, 100% used [0x00000000d5580000,0x00000000d7b00000,0x00000000d7b00000)
  from space 1024K, 99% used [0x00000000d8a00000,0x00000000d8afe9e0,0x00000000d8b00000)
  to   space 4096K, 0% used [0x00000000d8300000,0x00000000d8300000,0x00000000d8700000)
 ParOldGen       total 251904K, used 251787K [0x0000000080000000, 0x000000008f600000, 0x00000000d5580000)
  object space 251904K, 99% used [0x0000000080000000,0x000000008f5e2e90,0x000000008f600000)
 Metaspace       used 63867K, committed 65216K, reserved 1114112K
  class space    used 5795K, committed 6400K, reserved 1048576K
}
Event: 22.522 GC heap after
{Heap after GC invocations=100 (full 3):
 PSYoungGen      total 41472K, used 1395K [0x00000000d5580000, 0x00000000d8a80000, 0x0000000100000000)
  eden space 37376K, 0% used [0x00000000d5580000,0x00000000d5580000,0x00000000d7a00000)
  from space 4096K, 34% used [0x00000000d8300000,0x00000000d845cdf0,0x00000000d8700000)
  to   space 2560K, 0% used [0x00000000d8800000,0x00000000d8800000,0x00000000d8a80000)
 ParOldGen       total 252928K, used 252783K [0x0000000080000000, 0x000000008f700000, 0x00000000d5580000)
  object space 252928K, 99% used [0x0000000080000000,0x000000008f6dbe08,0x000000008f700000)
 Metaspace       used 63867K, committed 65216K, reserved 1114112K
  class space    used 5795K, committed 6400K, reserved 1048576K
}
Event: 23.546 GC heap before
{Heap before GC invocations=101 (full 3):
 PSYoungGen      total 41472K, used 38771K [0x00000000d5580000, 0x00000000d8a80000, 0x0000000100000000)
  eden space 37376K, 100% used [0x00000000d5580000,0x00000000d7a00000,0x00000000d7a00000)
  from space 4096K, 34% used [0x00000000d8300000,0x00000000d845cdf0,0x00000000d8700000)
  to   space 2560K, 0% used [0x00000000d8800000,0x00000000d8800000,0x00000000d8a80000)
 ParOldGen       total 252928K, used 252783K [0x0000000080000000, 0x000000008f700000, 0x00000000d5580000)
  object space 252928K, 99% used [0x0000000080000000,0x000000008f6dbe08,0x000000008f700000)
 Metaspace       used 64079K, committed 65472K, reserved 1114112K
  class space    used 5806K, committed 6464K, reserved 1048576K
}
Event: 23.571 GC heap after
{Heap after GC invocations=101 (full 3):
 PSYoungGen      total 38912K, used 2553K [0x00000000d5580000, 0x00000000d8a80000, 0x0000000100000000)
  eden space 36352K, 0% used [0x00000000d5580000,0x00000000d5580000,0x00000000d7900000)
  from space 2560K, 99% used [0x00000000d8800000,0x00000000d8a7e598,0x00000000d8a80000)
  to   space 7680K, 0% used [0x00000000d7b80000,0x00000000d7b80000,0x00000000d8300000)
 ParOldGen       total 257024K, used 256633K [0x0000000080000000, 0x000000008fb00000, 0x00000000d5580000)
  object space 257024K, 99% used [0x0000000080000000,0x000000008fa9e4e8,0x000000008fb00000)
 Metaspace       used 64079K, committed 65472K, reserved 1114112K
  class space    used 5806K, committed 6464K, reserved 1048576K
}
Event: 24.438 GC heap before
{Heap before GC invocations=102 (full 3):
 PSYoungGen      total 38912K, used 38784K [0x00000000d5580000, 0x00000000d8a80000, 0x0000000100000000)
  eden space 36352K, 99% used [0x00000000d5580000,0x00000000d78e1d00,0x00000000d7900000)
  from space 2560K, 99% used [0x00000000d8800000,0x00000000d8a7e598,0x00000000d8a80000)
  to   space 7680K, 0% used [0x00000000d7b80000,0x00000000d7b80000,0x00000000d8300000)
 ParOldGen       total 257024K, used 256633K [0x0000000080000000, 0x000000008fb00000, 0x00000000d5580000)
  object space 257024K, 99% used [0x0000000080000000,0x000000008fa9e4e8,0x000000008fb00000)
 Metaspace       used 64375K, committed 65792K, reserved 1114112K
  class space    used 5820K, committed 6464K, reserved 1048576K
}
Event: 24.451 GC heap after
{Heap after GC invocations=102 (full 3):
 PSYoungGen      total 41472K, used 5731K [0x00000000d5580000, 0x00000000d8880000, 0x0000000100000000)
  eden space 35328K, 0% used [0x00000000d5580000,0x00000000d5580000,0x00000000d7800000)
  from space 6144K, 93% used [0x00000000d7b80000,0x00000000d8118d58,0x00000000d8180000)
  to   space 6144K, 0% used [0x00000000d8280000,0x00000000d8280000,0x00000000d8880000)
 ParOldGen       total 259584K, used 259216K [0x0000000080000000, 0x000000008fd80000, 0x00000000d5580000)
  object space 259584K, 99% used [0x0000000080000000,0x000000008fd243a0,0x000000008fd80000)
 Metaspace       used 64375K, committed 65792K, reserved 1114112K
  class space    used 5820K, committed 6464K, reserved 1048576K
}

Dll operation events (11 events):
Event: 0.014 Loaded shared library C:\Program Files\Java\jdk-24\bin\java.dll
Event: 0.045 Loaded shared library C:\Program Files\Java\jdk-24\bin\jsvml.dll
Event: 0.088 Loaded shared library C:\Program Files\Java\jdk-24\bin\zip.dll
Event: 0.091 Loaded shared library C:\Program Files\Java\jdk-24\bin\instrument.dll
Event: 0.093 Loaded shared library C:\Program Files\Java\jdk-24\bin\net.dll
Event: 0.095 Loaded shared library C:\Program Files\Java\jdk-24\bin\nio.dll
Event: 0.097 Loaded shared library C:\Program Files\Java\jdk-24\bin\zip.dll
Event: 0.115 Loaded shared library C:\Program Files\Java\jdk-24\bin\jimage.dll
Event: 0.193 Loaded shared library C:\Program Files\Java\jdk-24\bin\verify.dll
Event: 1.180 Loaded shared library C:\Users\livia\AppData\Roaming\Code\User\globalStorage\redhat.java\1.43.1\config_win\org.eclipse.equinox.launcher\org.eclipse.equinox.launcher.win32.win32.x86_64_1.2.1300.v20250331-1702\eclipse_11911.dll
Event: 2.505 Loaded shared library C:\Users\livia\AppData\Local\Temp\jna-102985073\jna2868932592018665166.dll

Deoptimization events (20 events):
Event: 24.702 Thread 0x000001b0c8e37880 DEOPT PACKING pc=0x000001b0da499702 sp=0x00000058e7cfee90
Event: 24.702 Thread 0x000001b0c8e37880 DEOPT UNPACKING pc=0x000001b0e0524ea2 sp=0x00000058e7cfe418 mode 0
Event: 24.711 Thread 0x000001b0c8e37880 DEOPT PACKING pc=0x000001b0da499702 sp=0x00000058e7cfee90
Event: 24.711 Thread 0x000001b0c8e37880 DEOPT UNPACKING pc=0x000001b0e0524ea2 sp=0x00000058e7cfe418 mode 0
Event: 24.732 Thread 0x000001b0c8e37880 DEOPT PACKING pc=0x000001b0da499702 sp=0x00000058e7cfee90
Event: 24.732 Thread 0x000001b0c8e37880 DEOPT UNPACKING pc=0x000001b0e0524ea2 sp=0x00000058e7cfe418 mode 0
Event: 24.738 Thread 0x000001b0c8e37880 DEOPT PACKING pc=0x000001b0da499702 sp=0x00000058e7cfee90
Event: 24.738 Thread 0x000001b0c8e37880 DEOPT UNPACKING pc=0x000001b0e0524ea2 sp=0x00000058e7cfe418 mode 0
Event: 24.745 Thread 0x000001b0c8e37880 DEOPT PACKING pc=0x000001b0da499702 sp=0x00000058e7cfee90
Event: 24.745 Thread 0x000001b0c8e37880 DEOPT UNPACKING pc=0x000001b0e0524ea2 sp=0x00000058e7cfe418 mode 0
Event: 24.757 Thread 0x000001b0c8e37880 DEOPT PACKING pc=0x000001b0da499702 sp=0x00000058e7cfee90
Event: 24.757 Thread 0x000001b0c8e37880 DEOPT UNPACKING pc=0x000001b0e0524ea2 sp=0x00000058e7cfe418 mode 0
Event: 24.767 Thread 0x000001b0c8e37880 DEOPT PACKING pc=0x000001b0da499702 sp=0x00000058e7cfee90
Event: 24.767 Thread 0x000001b0c8e37880 DEOPT UNPACKING pc=0x000001b0e0524ea2 sp=0x00000058e7cfe418 mode 0
Event: 24.778 Thread 0x000001b0c8e37880 DEOPT PACKING pc=0x000001b0da499702 sp=0x00000058e7cfee90
Event: 24.778 Thread 0x000001b0c8e37880 DEOPT UNPACKING pc=0x000001b0e0524ea2 sp=0x00000058e7cfe418 mode 0
Event: 24.789 Thread 0x000001b0c8e37880 DEOPT PACKING pc=0x000001b0da499702 sp=0x00000058e7cfee90
Event: 24.789 Thread 0x000001b0c8e37880 DEOPT UNPACKING pc=0x000001b0e0524ea2 sp=0x00000058e7cfe418 mode 0
Event: 24.798 Thread 0x000001b0c8e37880 DEOPT PACKING pc=0x000001b0da499702 sp=0x00000058e7cfee90
Event: 24.798 Thread 0x000001b0c8e37880 DEOPT UNPACKING pc=0x000001b0e0524ea2 sp=0x00000058e7cfe418 mode 0

Classes loaded (20 events):
Event: 15.256 Loading class java/util/concurrent/CompletableFuture$Signaller
Event: 15.257 Loading class java/util/concurrent/CompletableFuture$Signaller done
Event: 15.462 Loading class java/nio/charset/CharacterCodingException
Event: 15.462 Loading class java/nio/charset/CharacterCodingException done
Event: 15.462 Loading class java/io/SequenceInputStream
Event: 15.462 Loading class java/io/SequenceInputStream done
Event: 15.776 Loading class java/lang/UnsupportedClassVersionError
Event: 15.776 Loading class java/lang/UnsupportedClassVersionError done
Event: 15.777 Loading class java/io/FileReader
Event: 15.777 Loading class java/io/FileReader done
Event: 16.701 Loading class java/util/concurrent/CompletableFuture$UniApply
Event: 16.701 Loading class java/util/concurrent/CompletableFuture$UniCompletion
Event: 16.702 Loading class java/util/concurrent/CompletableFuture$UniCompletion done
Event: 16.702 Loading class java/util/concurrent/CompletableFuture$UniApply done
Event: 16.704 Loading class java/util/concurrent/CompletableFuture$UniAccept
Event: 16.705 Loading class java/util/concurrent/CompletableFuture$UniAccept done
Event: 16.705 Loading class java/util/concurrent/CompletableFuture$UniExceptionally
Event: 16.705 Loading class java/util/concurrent/CompletableFuture$UniExceptionally done
Event: 16.790 Loading class java/util/Hashtable$KeySet
Event: 16.790 Loading class java/util/Hashtable$KeySet done

Classes unloaded (11 events):
Event: 2.975 Thread 0x000001b0d07bc9b0 Unloading class 0x000001b081183c00 'java/lang/invoke/LambdaForm$MH+0x000001b081183c00'
Event: 2.975 Thread 0x000001b0d07bc9b0 Unloading class 0x000001b081183800 'java/lang/invoke/LambdaForm$MH+0x000001b081183800'
Event: 2.975 Thread 0x000001b0d07bc9b0 Unloading class 0x000001b081183400 'java/lang/invoke/LambdaForm$MH+0x000001b081183400'
Event: 2.975 Thread 0x000001b0d07bc9b0 Unloading class 0x000001b081183000 'java/lang/invoke/LambdaForm$MH+0x000001b081183000'
Event: 2.975 Thread 0x000001b0d07bc9b0 Unloading class 0x000001b081182c00 'java/lang/invoke/LambdaForm$BMH+0x000001b081182c00'
Event: 2.975 Thread 0x000001b0d07bc9b0 Unloading class 0x000001b081182800 'java/lang/invoke/LambdaForm$DMH+0x000001b081182800'
Event: 2.975 Thread 0x000001b0d07bc9b0 Unloading class 0x000001b081181400 'java/lang/invoke/LambdaForm$DMH+0x000001b081181400'
Event: 14.070 Thread 0x000001b0d07bc9b0 Unloading class 0x000001b0815ad400 'java/lang/invoke/LambdaForm$DMH+0x000001b0815ad400'
Event: 14.070 Thread 0x000001b0d07bc9b0 Unloading class 0x000001b0815acc00 'java/lang/invoke/LambdaForm$DMH+0x000001b0815acc00'
Event: 14.070 Thread 0x000001b0d07bc9b0 Unloading class 0x000001b0815ac800 'java/lang/invoke/LambdaForm$DMH+0x000001b0815ac800'
Event: 14.070 Thread 0x000001b0d07bc9b0 Unloading class 0x000001b0815ad000 'java/lang/invoke/LambdaForm$DMH+0x000001b0815ad000'

Classes redefined (0 events):
No events

Internal exceptions (20 events):
Event: 24.723 Thread 0x000001b0c7f7c390 Exception <a 'java/io/IOException'{0x00000000d5fe9f20}> (0x00000000d5fe9f20) 
thrown [s\open\src\hotspot\share\prims\jni.cpp, line 518]
Event: 24.727 Thread 0x000001b0c7f7c390 Exception <a 'java/io/IOException'{0x00000000d5febbc8}> (0x00000000d5febbc8) 
thrown [s\open\src\hotspot\share\prims\jni.cpp, line 518]
Event: 24.729 Thread 0x000001b0c7f7c390 Exception <a 'java/io/IOException'{0x00000000d5fedb48}> (0x00000000d5fedb48) 
thrown [s\open\src\hotspot\share\prims\jni.cpp, line 518]
Event: 24.731 Thread 0x000001b0c7f7c390 Exception <a 'java/io/IOException'{0x00000000d62c6820}> (0x00000000d62c6820) 
thrown [s\open\src\hotspot\share\prims\jni.cpp, line 518]
Event: 24.732 Thread 0x000001b0c7f7c390 Exception <a 'java/io/IOException'{0x00000000d62c8778}> (0x00000000d62c8778) 
thrown [s\open\src\hotspot\share\prims\jni.cpp, line 518]
Event: 24.734 Thread 0x000001b0c7f7c390 Exception <a 'java/io/IOException'{0x00000000d62ca480}> (0x00000000d62ca480) 
thrown [s\open\src\hotspot\share\prims\jni.cpp, line 518]
Event: 24.737 Thread 0x000001b0c7f7c390 Exception <a 'java/io/IOException'{0x00000000d62cc3a0}> (0x00000000d62cc3a0) 
thrown [s\open\src\hotspot\share\prims\jni.cpp, line 518]
Event: 24.738 Thread 0x000001b0c7f7c390 Exception <a 'java/io/IOException'{0x00000000d62ce080}> (0x00000000d62ce080) 
thrown [s\open\src\hotspot\share\prims\jni.cpp, line 518]
Event: 24.740 Thread 0x000001b0c7f7c390 Exception <a 'java/io/IOException'{0x00000000d62cfff8}> (0x00000000d62cfff8) 
thrown [s\open\src\hotspot\share\prims\jni.cpp, line 518]
Event: 24.742 Thread 0x000001b0c7f7c390 Exception <a 'java/io/IOException'{0x00000000d65e1a18}> (0x00000000d65e1a18) 
thrown [s\open\src\hotspot\share\prims\jni.cpp, line 518]
Event: 24.744 Thread 0x000001b0c7f7c390 Exception <a 'java/io/IOException'{0x00000000d65e3a10}> (0x00000000d65e3a10) 
thrown [s\open\src\hotspot\share\prims\jni.cpp, line 518]
Event: 24.746 Thread 0x000001b0c7f7c390 Exception <a 'java/io/IOException'{0x00000000d65e57a8}> (0x00000000d65e57a8) 
thrown [s\open\src\hotspot\share\prims\jni.cpp, line 518]
Event: 24.749 Thread 0x000001b0c7f7c390 Exception <a 'java/io/IOException'{0x00000000d65e77f8}> (0x00000000d65e77f8) 
thrown [s\open\src\hotspot\share\prims\jni.cpp, line 518]
Event: 24.750 Thread 0x000001b0c7f7c390 Exception <a 'java/io/IOException'{0x00000000d65e95c8}> (0x00000000d65e95c8) 
thrown [s\open\src\hotspot\share\prims\jni.cpp, line 518]
Event: 24.753 Thread 0x000001b0c7f7c390 Exception <a 'java/io/IOException'{0x00000000d65eb588}> (0x00000000d65eb588) 
thrown [s\open\src\hotspot\share\prims\jni.cpp, line 518]
Event: 24.756 Thread 0x000001b0c7f7c390 Exception <a 'java/io/IOException'{0x00000000d6892a60}> (0x00000000d6892a60) 
thrown [s\open\src\hotspot\share\prims\jni.cpp, line 518]
Event: 24.759 Thread 0x000001b0c7f7c390 Exception <a 'java/io/IOException'{0x00000000d68949b8}> (0x00000000d68949b8) 
thrown [s\open\src\hotspot\share\prims\jni.cpp, line 518]
Event: 24.761 Thread 0x000001b0c7f7c390 Exception <a 'java/io/IOException'{0x00000000d68966c8}> (0x00000000d68966c8) 
thrown [s\open\src\hotspot\share\prims\jni.cpp, line 518]
Event: 24.798 Thread 0x000001b0c7f7c390 Exception <a 'java/io/IOException'{0x00000000d70fca90}> (0x00000000d70fca90) 
thrown [s\open\src\hotspot\share\prims\jni.cpp, line 518]
Event: 24.800 Thread 0x000001b0c7f7c390 Exception <a 'java/io/IOException'{0x00000000d70fe8a8}> (0x00000000d70fe8a8) 
thrown [s\open\src\hotspot\share\prims\jni.cpp, line 518]

VM Operations (20 events):
Event: 20.750 Executing VM operation: ParallelCollectForAllocation (Allocation Failure)
Event: 21.753 Executing VM operation: ParallelCollectForAllocation (Allocation Failure) done
Event: 21.907 Executing VM operation: ParallelCollectForAllocation (Allocation Failure)
Event: 21.912 Executing VM operation: ParallelCollectForAllocation (Allocation Failure) done
Event: 22.065 Executing VM operation: ParallelCollectForAllocation (Allocation Failure)
Event: 22.072 Executing VM operation: ParallelCollectForAllocation (Allocation Failure) done
Event: 22.249 Executing VM operation: ParallelCollectForAllocation (Allocation Failure)
Event: 22.254 Executing VM operation: ParallelCollectForAllocation (Allocation Failure) done
Event: 22.298 Executing VM operation: ParallelCollectForAllocation (Allocation Failure)
Event: 22.304 Executing VM operation: ParallelCollectForAllocation (Allocation Failure) done
Event: 22.358 Executing VM operation: ParallelCollectForAllocation (Allocation Failure)
Event: 22.364 Executing VM operation: ParallelCollectForAllocation (Allocation Failure) done
Event: 22.503 Executing VM operation: ParallelCollectForAllocation (Allocation Failure)
Event: 22.523 Executing VM operation: ParallelCollectForAllocation (Allocation Failure) done
Event: 23.545 Executing VM operation: ParallelCollectForAllocation (Allocation Failure)
Event: 23.571 Executing VM operation: ParallelCollectForAllocation (Allocation Failure) done
Event: 24.437 Executing VM operation: ParallelCollectForAllocation (Allocation Failure)
Event: 24.451 Executing VM operation: ParallelCollectForAllocation (Allocation Failure) done
Event: 24.674 Executing VM operation: HandshakeAllThreads (Deoptimize)
Event: 24.676 Executing VM operation: HandshakeAllThreads (Deoptimize) done

Memory protections (0 events):
No events

Nmethod flushes (20 events):
Event: 14.101 Thread 0x000001b0d07bc9b0 flushing  nmethod 0x000001b0d97a6e08
Event: 14.101 Thread 0x000001b0d07bc9b0 flushing  nmethod 0x000001b0d97a7108
Event: 14.101 Thread 0x000001b0d07bc9b0 flushing  nmethod 0x000001b0d97b8108
Event: 14.101 Thread 0x000001b0d07bc9b0 flushing  nmethod 0x000001b0d97c7988
Event: 14.101 Thread 0x000001b0d07bc9b0 flushing  nmethod 0x000001b0d97c8488
Event: 14.101 Thread 0x000001b0d07bc9b0 flushing  nmethod 0x000001b0d97c9088
Event: 14.101 Thread 0x000001b0d07bc9b0 flushing  nmethod 0x000001b0d97c9508
Event: 14.101 Thread 0x000001b0d07bc9b0 flushing  nmethod 0x000001b0d97c9c88
Event: 14.101 Thread 0x000001b0d07bc9b0 flushing  nmethod 0x000001b0d97cb988
Event: 14.101 Thread 0x000001b0d07bc9b0 flushing  nmethod 0x000001b0d97d5f08
Event: 14.101 Thread 0x000001b0d07bc9b0 flushing  nmethod 0x000001b0d97d8f88
Event: 14.101 Thread 0x000001b0d07bc9b0 flushing  nmethod 0x000001b0d980b188
Event: 14.101 Thread 0x000001b0d07bc9b0 flushing  nmethod 0x000001b0d981ca88
Event: 14.101 Thread 0x000001b0d07bc9b0 flushing  nmethod 0x000001b0d9821c88
Event: 14.101 Thread 0x000001b0d07bc9b0 flushing  nmethod 0x000001b0d9843008
Event: 14.101 Thread 0x000001b0d07bc9b0 flushing  nmethod 0x000001b0d9844788
Event: 14.101 Thread 0x000001b0d07bc9b0 flushing  nmethod 0x000001b0d9845d08
Event: 14.101 Thread 0x000001b0d07bc9b0 flushing  nmethod 0x000001b0d9857e88
Event: 14.101 Thread 0x000001b0d07bc9b0 flushing  nmethod 0x000001b0d9880d08
Event: 14.101 Thread 0x000001b0d07bc9b0 flushing  nmethod 0x000001b0d9894488

Events (20 events):
Event: 12.974 Thread 0x000001b0cbb8e300 Thread exited: 0x000001b0cbb8e300
Event: 12.974 Thread 0x000001b0cbb8c5c0 Thread exited: 0x000001b0cbb8c5c0
Event: 12.975 Thread 0x000001b0cbb8b720 Thread exited: 0x000001b0cbb8b720
Event: 13.767 Thread 0x000001b0c8e3abb0 Thread added: 0x000001b0cbb8b720
Event: 13.767 Thread 0x000001b0c8e3abb0 Thread added: 0x000001b0cbb8f1a0
Event: 13.768 Thread 0x000001b0c8e3abb0 Thread added: 0x000001b0cbb8c5c0
Event: 13.768 Thread 0x000001b0c8e3abb0 Thread added: 0x000001b0cbb8ea50
Event: 13.769 Thread 0x000001b0c8e3abb0 Thread added: 0x000001b0cbb8f8f0
Event: 13.838 Thread 0x000001b0cbb8f1a0 Thread exited: 0x000001b0cbb8f1a0
Event: 13.838 Thread 0x000001b0cbb8b720 Thread exited: 0x000001b0cbb8b720
Event: 13.839 Thread 0x000001b0cbb8f8f0 Thread exited: 0x000001b0cbb8f8f0
Event: 13.839 Thread 0x000001b0cbb8ea50 Thread exited: 0x000001b0cbb8ea50
Event: 13.839 Thread 0x000001b0cbb8c5c0 Thread exited: 0x000001b0cbb8c5c0
Event: 14.204 Thread 0x000001b0c11e2f30 Thread exited: 0x000001b0c11e2f30
Event: 15.962 Thread 0x000001b0c872dde0 Thread added: 0x000001b0cbb8f8f0
Event: 16.733 Thread 0x000001b0c872dde0 Thread added: 0x000001b0cbb8c5c0
Event: 16.940 Thread 0x000001b0c7f7c390 Thread added: 0x000001b0cbb90040
Event: 16.975 Thread 0x000001b0c872dde0 Thread added: 0x000001b0cbb90790
Event: 17.006 Thread 0x000001b0cbb90790 Thread added: 0x000001b0cbb90ee0
Event: 22.044 Thread 0x000001b0cbb90040 Thread exited: 0x000001b0cbb90040


Dynamic libraries:
0x00007ff66f210000 - 0x00007ff66f220000 	C:\Program Files\Java\jdk-24\bin\java.exe
0x00007ffba7c00000 - 0x00007ffba7e65000 	C:\Windows\SYSTEM32\ntdll.dll
0x00007ffba72b0000 - 0x00007ffba7379000 	C:\Windows\System32\KERNEL32.DLL
0x00007ffba51e0000 - 0x00007ffba55c8000 	C:\Windows\System32\KERNELBASE.dll
0x00007ffba57c0000 - 0x00007ffba590b000 	C:\Windows\System32\ucrtbase.dll
0x00007ffb92d00000 - 0x00007ffb92d16000 	C:\Program Files\Java\jdk-24\bin\jli.dll
0x00007ffb594b0000 - 0x00007ffb594cb000 	C:\Program Files\Java\jdk-24\bin\VCRUNTIME140.dll
0x00007ffba5fb0000 - 0x00007ffba617a000 	C:\Windows\System32\USER32.dll
0x00007ffba4e10000 - 0x00007ffba4e37000 	C:\Windows\System32\win32u.dll
0x00007ffb81060000 - 0x00007ffb812fa000 	C:\Windows\WinSxS\amd64_microsoft.windows.common-controls_6595b64144ccf1df_6.0.26100.4202_none_3e0698d4e335f517\COMCTL32.dll
0x00007ffba78d0000 - 0x00007ffba7979000 	C:\Windows\System32\msvcrt.dll
0x00007ffba7990000 - 0x00007ffba79bb000 	C:\Windows\System32\GDI32.dll
0x00007ffba55d0000 - 0x00007ffba5707000 	C:\Windows\System32\gdi32full.dll
0x00007ffba5710000 - 0x00007ffba57b3000 	C:\Windows\System32\msvcp_win.dll
0x00007ffba7b70000 - 0x00007ffba7ba0000 	C:\Windows\System32\IMM32.DLL
0x00007ffb5ab30000 - 0x00007ffb5ab3c000 	C:\Program Files\Java\jdk-24\bin\vcruntime140_1.dll
0x00007ffb46410000 - 0x00007ffb4649e000 	C:\Program Files\Java\jdk-24\bin\msvcp140.dll
0x00007ffb27550000 - 0x00007ffb282f2000 	C:\Program Files\Java\jdk-24\bin\server\jvm.dll
0x00007ffba6330000 - 0x00007ffba63e3000 	C:\Windows\System32\ADVAPI32.dll
0x00007ffba61b0000 - 0x00007ffba6256000 	C:\Windows\System32\sechost.dll
0x00007ffba75c0000 - 0x00007ffba76d5000 	C:\Windows\System32\RPCRT4.dll
0x00007ffba62b0000 - 0x00007ffba6324000 	C:\Windows\System32\WS2_32.dll
0x00007ffba4ba0000 - 0x00007ffba4bfe000 	C:\Windows\SYSTEM32\POWRPROF.dll
0x00007ffba16d0000 - 0x00007ffba1705000 	C:\Windows\SYSTEM32\WINMM.dll
0x00007ffb93380000 - 0x00007ffb9338b000 	C:\Windows\SYSTEM32\VERSION.dll
0x00007ffba4b80000 - 0x00007ffba4b94000 	C:\Windows\SYSTEM32\UMPDC.dll
0x00007ffba3b10000 - 0x00007ffba3b2b000 	C:\Windows\SYSTEM32\kernel.appcore.dll
0x00007ffb9c850000 - 0x00007ffb9c85a000 	C:\Program Files\Java\jdk-24\bin\jimage.dll
0x00007ffba23e0000 - 0x00007ffba2621000 	C:\Windows\SYSTEM32\DBGHELP.DLL
0x00007ffba5b30000 - 0x00007ffba5eb5000 	C:\Windows\System32\combase.dll
0x00007ffba5ec0000 - 0x00007ffba5fa1000 	C:\Windows\System32\OLEAUT32.dll
0x00007ffb833c0000 - 0x00007ffb833f9000 	C:\Windows\SYSTEM32\dbgcore.DLL
0x00007ffba4fc0000 - 0x00007ffba5059000 	C:\Windows\System32\bcryptPrimitives.dll
0x00007ffb9c840000 - 0x00007ffb9c84f000 	C:\Program Files\Java\jdk-24\bin\instrument.dll
0x00007ffb56120000 - 0x00007ffb5613e000 	C:\Program Files\Java\jdk-24\bin\java.dll
0x00007ffba7380000 - 0x00007ffba751e000 	C:\Windows\System32\ole32.dll
0x00007ffba6a60000 - 0x00007ffba71a2000 	C:\Windows\System32\SHELL32.dll
0x00007ffba5060000 - 0x00007ffba51d4000 	C:\Windows\System32\wintypes.dll
0x00007ffba2980000 - 0x00007ffba31d8000 	C:\Windows\SYSTEM32\windows.storage.dll
0x00007ffba59a0000 - 0x00007ffba5a91000 	C:\Windows\System32\SHCORE.dll
0x00007ffba63f0000 - 0x00007ffba645a000 	C:\Windows\System32\shlwapi.dll
0x00007ffba4c60000 - 0x00007ffba4c8f000 	C:\Windows\SYSTEM32\profapi.dll
0x00007ffb479d0000 - 0x00007ffb47aa7000 	C:\Program Files\Java\jdk-24\bin\jsvml.dll
0x00007ffb54a60000 - 0x00007ffb54a77000 	C:\Program Files\Java\jdk-24\bin\zip.dll
0x00007ffb565e0000 - 0x00007ffb565f0000 	C:\Program Files\Java\jdk-24\bin\net.dll
0x00007ffba4080000 - 0x00007ffba40ea000 	C:\Windows\system32\mswsock.dll
0x00007ffb54a40000 - 0x00007ffb54a56000 	C:\Program Files\Java\jdk-24\bin\nio.dll
0x00007ffb554f0000 - 0x00007ffb55500000 	C:\Program Files\Java\jdk-24\bin\verify.dll
0x00007ffb45de0000 - 0x00007ffb45e25000 	C:\Users\livia\AppData\Roaming\Code\User\globalStorage\redhat.java\1.43.1\config_win\org.eclipse.equinox.launcher\org.eclipse.equinox.launcher.win32.win32.x86_64_1.2.1300.v20250331-1702\eclipse_11911.dll
0x00007ffba4330000 - 0x00007ffba434b000 	C:\Windows\SYSTEM32\CRYPTSP.dll
0x00007ffba3a70000 - 0x00007ffba3aaa000 	C:\Windows\system32\rsaenh.dll
0x00007ffba4120000 - 0x00007ffba414b000 	C:\Windows\SYSTEM32\USERENV.dll
0x00007ffba4c30000 - 0x00007ffba4c56000 	C:\Windows\SYSTEM32\bcrypt.dll
0x00007ffba4350000 - 0x00007ffba435c000 	C:\Windows\SYSTEM32\CRYPTBASE.dll
0x00007ffba3550000 - 0x00007ffba3583000 	C:\Windows\SYSTEM32\IPHLPAPI.DLL
0x00007ffba5aa0000 - 0x00007ffba5aaa000 	C:\Windows\System32\NSI.dll
0x00007ffb5e2d0000 - 0x00007ffb5e319000 	C:\Users\livia\AppData\Local\Temp\jna-102985073\jna2868932592018665166.dll
0x00007ffba76e0000 - 0x00007ffba76e8000 	C:\Windows\System32\PSAPI.DLL
0x00007ffb935a0000 - 0x00007ffb936be000 	C:\Windows\SYSTEM32\winhttp.dll
0x00007ffb9a400000 - 0x00007ffb9a41f000 	C:\Windows\SYSTEM32\dhcpcsvc6.DLL
0x00007ffb99f00000 - 0x00007ffb99f25000 	C:\Windows\SYSTEM32\dhcpcsvc.DLL

dbghelp: loaded successfully - version: 4.0.5 - missing functions: none
symbol engine: initialized successfully - sym options: 0x614 - pdb path: .;C:\Program Files\Java\jdk-24\bin;C:\Windows\SYSTEM32;C:\Windows\WinSxS\amd64_microsoft.windows.common-controls_6595b64144ccf1df_6.0.26100.4202_none_3e0698d4e335f517;C:\Program Files\Java\jdk-24\bin\server;C:\Users\livia\AppData\Roaming\Code\User\globalStorage\redhat.java\1.43.1\config_win\org.eclipse.equinox.launcher\org.eclipse.equinox.launcher.win32.win32.x86_64_1.2.1300.v20250331-1702;C:\Users\livia\AppData\Local\Temp\jna-102985073

VM Arguments:
jvm_args: -Djdk.xml.maxGeneralEntitySizeLimit=0 -Djdk.xml.totalEntitySizeLimit=0 --add-modules=ALL-SYSTEM --add-opens=java.base/java.util=ALL-UNNAMED --add-opens=java.base/java.lang=ALL-UNNAMED --add-opens=java.base/sun.nio.fs=ALL-UNNAMED -Declipse.application=org.eclipse.jdt.ls.core.id1 -Dosgi.bundles.defaultStartLevel=4 -Declipse.product=org.eclipse.jdt.ls.core.product -Djava.import.generatesMetadataFilesAtProjectRoot=false -DDetectVMInstallationsJob.disabled=true -Dfile.encoding=utf8 -XX:+UseParallelGC -XX:GCTimeRatio=4 -XX:AdaptiveSizePolicyWeight=90 -Dsun.zip.disableMemoryMapping=true -Xmx2G -Xms100m -Xlog:disable -javaagent:c:\Users\livia\.vscode\extensions\redhat.java-1.43.1-win32-x64\lombok\lombok-1.18.39-4050.jar -XX:+HeapDumpOnOutOfMemoryError -XX:HeapDumpPath=c:\Users\livia\AppData\Roaming\Code\User\workspaceStorage\0b8002b937013c3cf28894f1b3c8ae27\redhat.java -Daether.dependencyCollector.impl=bf 
java_command: c:\Users\livia\.vscode\extensions\redhat.java-1.43.1-win32-x64\server\plugins\org.eclipse.equinox.launcher_1.7.0.v20250519-0528.jar -configuration c:\Users\livia\AppData\Roaming\Code\User\globalStorage\redhat.java\1.43.1\config_win -data c:\Users\livia\AppData\Roaming\Code\User\workspaceStorage\0b8002b937013c3cf28894f1b3c8ae27\redhat.java\jdt_ws --pipe=\\.\pipe\lsp-873d632de8ebe21882f15c2d8a5190af-sock
java_class_path (initial): c:\Users\livia\.vscode\extensions\redhat.java-1.43.1-win32-x64\server\plugins\org.eclipse.equinox.launcher_1.7.0.v20250519-0528.jar
Launcher Type: SUN_STANDARD

[Global flags]
     uint AdaptiveSizePolicyWeight                 = 90                                        {product} {command line}
     intx CICompilerCount                          = 4                                         {product} {ergonomic}
     uint GCTimeRatio                              = 4                                         {product} {command line}
     bool HeapDumpOnOutOfMemoryError               = true                                   {manageable} {command line}
    ccstr HeapDumpPath                             = c:\Users\livia\AppData\Roaming\Code\User\workspaceStorage\0b8002b937013c3cf28894f1b3c8ae27\redhat.java         {manageable} {command line}
   size_t InitialHeapSize                          = 104857600                                 {product} {command line}
   size_t MaxHeapSize                              = 2147483648                                {product} {command line}
   size_t MaxNewSize                               = 715653120                                 {product} {ergonomic}
   size_t MinHeapDeltaBytes                        = 524288                                    {product} {ergonomic}
   size_t MinHeapSize                              = 104857600                                 {product} {command line}
   size_t NewSize                                  = 34603008                                  {product} {ergonomic}
    uintx NonNMethodCodeHeapSize                   = 5832704                                {pd product} {ergonomic}
    uintx NonProfiledCodeHeapSize                  = 122945536                              {pd product} {ergonomic}
    uintx ProfiledCodeHeapSize                     = 122880000                              {pd product} {ergonomic}
    uintx ReservedCodeCacheSize                    = 251658240                              {pd product} {ergonomic}
     bool SegmentedCodeCache                       = true                                      {product} {ergonomic}
   size_t SoftMaxHeapSize                          = 2147483648                             {manageable} {ergonomic}
     bool UseCompressedOops                        = true                           {product lp64_product} {ergonomic}
     bool UseLargePagesIndividualAllocation        = false                                  {pd product} {ergonomic}
     bool UseParallelGC                            = true                                      {product} {command line}

Logging:
Log output configuration:
 #0: stdout all=off uptime,level,tags foldmultilines=false
 #1: stderr all=off uptime,level,tags foldmultilines=false

Environment Variables:
PATH=C:\Program Files\Common Files\Oracle\Java\javapath;C:\Windows\system32;C:\Windows;C:\Windows\System32\Wbem;C:\Windows\System32\WindowsPowerShell\v1.0\;C:\Windows\System32\OpenSSH\;C:\Program Files\dotnet\;C:\Program Files\Git\cmd;C:\Program Files\nodejs\;C:\Users\livia\AppData\Local\Microsoft\WindowsApps;C:\Users\livia\AppData\Local\Programs\Microsoft VS Code\bin;C:\Users\livia\AppData\Local\JetBrains\IntelliJ IDEA Community Edition 2024.3.5\bin;;C:\Users\livia\AppData\Roaming\npm
USERNAME=livia
OS=Windows_NT
PROCESSOR_IDENTIFIER=Intel64 Family 6 Model 154 Stepping 4, GenuineIntel
TMP=C:\Users\livia\AppData\Local\Temp
TEMP=C:\Users\livia\AppData\Local\Temp




Periodic native trim disabled

---------------  S Y S T E M  ---------------

OS:
 Windows 11 , 64 bit Build 26100 (10.0.26100.4202)
OS uptime: 0 days 16:32 hours
Hyper-V role detected

CPU: total 8 (initial active 8) (4 cores per cpu, 2 threads per core) family 6 model 154 stepping 4 microcode 0x435, cx8, cmov, fxsr, ht, mmx, 3dnowpref, sse, sse2, sse3, ssse3, sse4.1, sse4.2, popcnt, lzcnt, tsc, tscinvbit, avx, avx2, aes, erms, clmul, bmi1, bmi2, adx, sha, fma, vzeroupper, clflush, clflushopt, clwb, hv, serialize, rdtscp, rdpid, fsrm, gfni, f16c, cet_ibt, cet_ss
Processor Information for the first 8 processors :
  Max Mhz: 1200, Current Mhz: 1200, Mhz Limit: 1200

Memory: 4k page, system-wide physical 7876M (478M free)
TotalPageFile size 32452M (AvailPageFile size 8M)
current process WorkingSet (physical memory assigned to process): 560M, peak: 590M
current process commit charge ("private bytes"): 577M, peak: 580M

vm_info: Java HotSpot(TM) 64-Bit Server VM (24+36-3646) for windows-amd64 JRE (24+36-3646), built on 2025-02-06T00:20:43Z with MS VC++ 17.6 (VS2022)

END.
